2018-08-16 15:46:31 Notice: Notice (8): Undefined offset: 1 in [/var/www/faro-campaign/vendor/jublonet/codebird-php/src/codebird.php, line 997]
Trace:
Codebird\Codebird::_parseApiReply() - ROOT/vendor/jublonet/codebird-php/src/codebird.php, line 997
Codebird\Codebird::_callApi() - ROOT/vendor/jublonet/codebird-php/src/codebird.php, line 927
Codebird\Codebird::__call() - ROOT/vendor/jublonet/codebird-php/src/codebird.php, line 294
Codebird\Codebird::oauth_requestToken() - APP/Plugin/Ique/Lib/IqueTwitter.php, line 138
IqueTwitter::getLoginUrl() - APP/Plugin/Ique/Lib/IqueTwitter.php, line 138
RootController::twitteroauth() - APP/Controller/RootController.php, line 21
ReflectionMethod::invokeArgs() - [internal], line ??
Controller::invokeAction() - CORE/Cake/Controller/Controller.php, line 490
Dispatcher::_invoke() - CORE/Cake/Routing/Dispatcher.php, line 185
Dispatcher::dispatch() - CORE/Cake/Routing/Dispatcher.php, line 160
[main] - ROOT/webroot/index.php, line 99

2018-08-16 15:46:31 Notice: Notice (8): Undefined offset: 1 in [/var/www/faro-campaign/vendor/jublonet/codebird-php/src/codebird.php, line 998]
Trace:
Codebird\Codebird::_parseApiReply() - ROOT/vendor/jublonet/codebird-php/src/codebird.php, line 998
Codebird\Codebird::_callApi() - ROOT/vendor/jublonet/codebird-php/src/codebird.php, line 927
Codebird\Codebird::__call() - ROOT/vendor/jublonet/codebird-php/src/codebird.php, line 294
Codebird\Codebird::oauth_requestToken() - APP/Plugin/Ique/Lib/IqueTwitter.php, line 138
IqueTwitter::getLoginUrl() - APP/Plugin/Ique/Lib/IqueTwitter.php, line 138
RootController::twitteroauth() - APP/Controller/RootController.php, line 21
ReflectionMethod::invokeArgs() - [internal], line ??
Controller::invokeAction() - CORE/Cake/Controller/Controller.php, line 490
Dispatcher::_invoke() - CORE/Cake/Routing/Dispatcher.php, line 185
Dispatcher::dispatch() - CORE/Cake/Routing/Dispatcher.php, line 160
[main] - ROOT/webroot/index.php, line 99

2018-08-16 15:46:31 Notice: Notice (8): Undefined property: stdClass::$oauth_token in [/var/www/faro-campaign/app/Plugin/Ique/Lib/IqueTwitter.php, line 139]
Trace:
IqueTwitter::getLoginUrl() - APP/Plugin/Ique/Lib/IqueTwitter.php, line 139
RootController::twitteroauth() - APP/Controller/RootController.php, line 21
ReflectionMethod::invokeArgs() - [internal], line ??
Controller::invokeAction() - CORE/Cake/Controller/Controller.php, line 490
Dispatcher::_invoke() - CORE/Cake/Routing/Dispatcher.php, line 185
Dispatcher::dispatch() - CORE/Cake/Routing/Dispatcher.php, line 160
[main] - ROOT/webroot/index.php, line 99

2018-08-16 15:46:31 Notice: Notice (8): Undefined property: stdClass::$oauth_token_secret in [/var/www/faro-campaign/app/Plugin/Ique/Lib/IqueTwitter.php, line 139]
Trace:
IqueTwitter::getLoginUrl() - APP/Plugin/Ique/Lib/IqueTwitter.php, line 139
RootController::twitteroauth() - APP/Controller/RootController.php, line 21
ReflectionMethod::invokeArgs() - [internal], line ??
Controller::invokeAction() - CORE/Cake/Controller/Controller.php, line 490
Dispatcher::_invoke() - CORE/Cake/Routing/Dispatcher.php, line 185
Dispatcher::dispatch() - CORE/Cake/Routing/Dispatcher.php, line 160
[main] - ROOT/webroot/index.php, line 99

2018-08-16 15:46:31 Notice: Notice (8): Undefined property: stdClass::$oauth_token in [/var/www/faro-campaign/app/Plugin/Ique/Lib/IqueTwitter.php, line 140]
Trace:
IqueTwitter::getLoginUrl() - APP/Plugin/Ique/Lib/IqueTwitter.php, line 140
RootController::twitteroauth() - APP/Controller/RootController.php, line 21
ReflectionMethod::invokeArgs() - [internal], line ??
Controller::invokeAction() - CORE/Cake/Controller/Controller.php, line 490
Dispatcher::_invoke() - CORE/Cake/Routing/Dispatcher.php, line 185
Dispatcher::dispatch() - CORE/Cake/Routing/Dispatcher.php, line 160
[main] - ROOT/webroot/index.php, line 99

2018-08-16 15:46:31 Notice: Notice (8): Undefined property: stdClass::$oauth_token_secret in [/var/www/faro-campaign/app/Plugin/Ique/Lib/IqueTwitter.php, line 141]
Trace:
IqueTwitter::getLoginUrl() - APP/Plugin/Ique/Lib/IqueTwitter.php, line 141
RootController::twitteroauth() - APP/Controller/RootController.php, line 21
ReflectionMethod::invokeArgs() - [internal], line ??
Controller::invokeAction() - CORE/Cake/Controller/Controller.php, line 490
Dispatcher::_invoke() - CORE/Cake/Routing/Dispatcher.php, line 185
Dispatcher::dispatch() - CORE/Cake/Routing/Dispatcher.php, line 160
[main] - ROOT/webroot/index.php, line 99

