2019-11-01 02:28:42 Warning: Warning (2): unlink(/var/www/charmart/app/tmp/cache/views/jade_5dbb19cac3ce9.ctp): No such file or directory in [/var/www/faro-campaign/vendor/pear-pear.cakephp.org/CakePHP/Cake/Utility/File.php, line 282]
Trace:
unlink - [internal], line ??
File::delete() - /var/www/faro-campaign/vendor/pear-pear.cakephp.org/CakePHP/Cake/Utility/File.php, line 282
IqueJadeView::_deleteRenderedView() - /var/www/faro-campaign/app/Plugin/Ique/View/IqueJadeView.php, line 48
IqueJadeView::_evaluate() - /var/www/faro-campaign/app/Plugin/Ique/View/IqueJadeView.php, line 61
View::_render() - /var/www/faro-campaign/vendor/pear-pear.cakephp.org/CakePHP/Cake/View/View.php, line 891
View::render() - /var/www/faro-campaign/vendor/pear-pear.cakephp.org/CakePHP/Cake/View/View.php, line 460
SorapsView::render() - /var/www/faro-campaign/app/View/SorapsView.php, line 31
Controller::render() - /var/www/faro-campaign/vendor/pear-pear.cakephp.org/CakePHP/Cake/Controller/Controller.php, line 952
Dispatcher::_invoke() - /var/www/faro-campaign/vendor/pear-pear.cakephp.org/CakePHP/Cake/Routing/Dispatcher.php, line 192
Dispatcher::dispatch() - /var/www/faro-campaign/vendor/pear-pear.cakephp.org/CakePHP/Cake/Routing/Dispatcher.php, line 160
[main] - ROOT/webroot/index.php, line 99

2019-11-01 09:20:50 Error: [MissingControllerException] Controller class Controller could not be found.
Exception Attributes: array (
  'class' => 'Controller',
  'plugin' => NULL,
)
Request URL: /sitemap.xml
Stack Trace:
#0 /var/www/charmart/webroot/index.php(99): Dispatcher->dispatch(Object(CakeRequest), Object(CakeResponse))
#1 {main}
2019-11-01 09:20:51 Error: [MissingControllerException] Controller class Controller could not be found.
Exception Attributes: array (
  'class' => 'Controller',
  'plugin' => NULL,
)
Request URL: /.well-known/security.txt
Stack Trace:
#0 /var/www/charmart/webroot/index.php(99): Dispatcher->dispatch(Object(CakeRequest), Object(CakeResponse))
#1 {main}
2019-11-01 10:19:01 Error: [MissingControllerException] Controller class Controller could not be found.
Exception Attributes: array (
  'class' => 'Controller',
  'plugin' => NULL,
)
Request URL: /latest/dynamic/instance-identity/document
Stack Trace:
#0 /var/www/charmart/webroot/index.php(99): Dispatcher->dispatch(Object(CakeRequest), Object(CakeResponse))
#1 {main}
2019-11-01 10:19:02 Error: [MissingControllerException] Controller class Controller could not be found.
Exception Attributes: array (
  'class' => 'Controller',
  'plugin' => NULL,
)
Request URL: /latest/dynamic/instance-identity/document
Stack Trace:
#0 /var/www/charmart/webroot/index.php(99): Dispatcher->dispatch(Object(CakeRequest), Object(CakeResponse))
#1 {main}
2019-11-01 10:54:19 Error: [MissingControllerException] Controller class Controller could not be found.
Exception Attributes: array (
  'class' => 'Controller',
  'plugin' => NULL,
)
Request URL: /latest/dynamic/instance-identity/document
Stack Trace:
#0 /var/www/charmart/webroot/index.php(99): Dispatcher->dispatch(Object(CakeRequest), Object(CakeResponse))
#1 {main}
2019-11-01 10:54:19 Error: [MissingControllerException] Controller class Controller could not be found.
Exception Attributes: array (
  'class' => 'Controller',
  'plugin' => NULL,
)
Request URL: /latest/dynamic/instance-identity/document
Stack Trace:
#0 /var/www/charmart/webroot/index.php(99): Dispatcher->dispatch(Object(CakeRequest), Object(CakeResponse))
#1 {main}
2019-11-01 11:04:58 Error: [MissingControllerException] Controller class Controller could not be found.
Exception Attributes: array (
  'class' => 'Controller',
  'plugin' => NULL,
)
Request URL: /img/common/ogp.jpg
Stack Trace:
#0 /var/www/charmart/webroot/index.php(99): Dispatcher->dispatch(Object(CakeRequest), Object(CakeResponse))
#1 {main}
2019-11-01 11:04:58 Error: [MissingControllerException] Controller class Controller could not be found.
Exception Attributes: array (
  'class' => 'Controller',
  'plugin' => NULL,
)
Request URL: /img/common/ogp.jpg
Stack Trace:
#0 /var/www/charmart/webroot/index.php(99): Dispatcher->dispatch(Object(CakeRequest), Object(CakeResponse))
#1 {main}
2019-11-01 11:04:58 Error: [MissingControllerException] Controller class Controller could not be found.
Exception Attributes: array (
  'class' => 'Controller',
  'plugin' => NULL,
)
Request URL: /img/common/ogp.jpg
Stack Trace:
#0 /var/www/charmart/webroot/index.php(99): Dispatcher->dispatch(Object(CakeRequest), Object(CakeResponse))
#1 {main}
2019-11-01 11:04:58 Error: [MissingControllerException] Controller class Controller could not be found.
Exception Attributes: array (
  'class' => 'Controller',
  'plugin' => NULL,
)
Request URL: /img/common/ogp.jpg
Stack Trace:
#0 /var/www/charmart/webroot/index.php(99): Dispatcher->dispatch(Object(CakeRequest), Object(CakeResponse))
#1 {main}
2019-11-01 11:04:59 Error: [MissingControllerException] Controller class Controller could not be found.
Exception Attributes: array (
  'class' => 'Controller',
  'plugin' => NULL,
)
Request URL: /img/common/ogp.jpg
Stack Trace:
#0 /var/www/charmart/webroot/index.php(99): Dispatcher->dispatch(Object(CakeRequest), Object(CakeResponse))
#1 {main}
2019-11-01 11:04:59 Error: [MissingControllerException] Controller class Controller could not be found.
Exception Attributes: array (
  'class' => 'Controller',
  'plugin' => NULL,
)
Request URL: /img/common/ogp.jpg
Stack Trace:
#0 /var/www/charmart/webroot/index.php(99): Dispatcher->dispatch(Object(CakeRequest), Object(CakeResponse))
#1 {main}
2019-11-01 11:11:24 Error: [Exception] 
Request URL: /testyoshioka2/campaigns/5dbb918437843/uses
Stack Trace:
#0 [internal function]: CampaignViewController->uses('testyoshioka2', '5dbb918437843')
#1 /var/www/faro-campaign/vendor/pear-pear.cakephp.org/CakePHP/Cake/Controller/Controller.php(490): ReflectionMethod->invokeArgs(Object(CampaignViewController), Array)
#2 /var/www/faro-campaign/vendor/pear-pear.cakephp.org/CakePHP/Cake/Routing/Dispatcher.php(185): Controller->invokeAction(Object(CakeRequest))
#3 /var/www/faro-campaign/vendor/pear-pear.cakephp.org/CakePHP/Cake/Routing/Dispatcher.php(160): Dispatcher->_invoke(Object(CampaignViewController), Object(CakeRequest), Object(CakeResponse))
#4 /var/www/charmart/webroot/index.php(99): Dispatcher->dispatch(Object(CakeRequest), Object(CakeResponse))
#5 {main}
2019-11-01 11:11:33 Error: [Exception] 
Request URL: /testyoshioka2/campaigns/5dbb918437843/uses
Stack Trace:
#0 [internal function]: CampaignViewController->uses('testyoshioka2', '5dbb918437843')
#1 /var/www/faro-campaign/vendor/pear-pear.cakephp.org/CakePHP/Cake/Controller/Controller.php(490): ReflectionMethod->invokeArgs(Object(CampaignViewController), Array)
#2 /var/www/faro-campaign/vendor/pear-pear.cakephp.org/CakePHP/Cake/Routing/Dispatcher.php(185): Controller->invokeAction(Object(CakeRequest))
#3 /var/www/faro-campaign/vendor/pear-pear.cakephp.org/CakePHP/Cake/Routing/Dispatcher.php(160): Dispatcher->_invoke(Object(CampaignViewController), Object(CakeRequest), Object(CakeResponse))
#4 /var/www/charmart/webroot/index.php(99): Dispatcher->dispatch(Object(CakeRequest), Object(CakeResponse))
#5 {main}
2019-11-01 11:13:09 Error: [Exception] 
Request URL: /testyoshioka2/campaigns/5dbb918437843/uses
Stack Trace:
#0 [internal function]: CampaignViewController->uses('testyoshioka2', '5dbb918437843')
#1 /var/www/faro-campaign/vendor/pear-pear.cakephp.org/CakePHP/Cake/Controller/Controller.php(490): ReflectionMethod->invokeArgs(Object(CampaignViewController), Array)
#2 /var/www/faro-campaign/vendor/pear-pear.cakephp.org/CakePHP/Cake/Routing/Dispatcher.php(185): Controller->invokeAction(Object(CakeRequest))
#3 /var/www/faro-campaign/vendor/pear-pear.cakephp.org/CakePHP/Cake/Routing/Dispatcher.php(160): Dispatcher->_invoke(Object(CampaignViewController), Object(CakeRequest), Object(CakeResponse))
#4 /var/www/charmart/webroot/index.php(99): Dispatcher->dispatch(Object(CakeRequest), Object(CakeResponse))
#5 {main}
2019-11-01 11:21:21 Error: [MissingControllerException] Controller class Controller could not be found.
Exception Attributes: array (
  'class' => 'Controller',
  'plugin' => NULL,
)
Request URL: /campaign/static/faq/button.56d4a00aea1af069615f067f4e79aaba.js
Stack Trace:
#0 /var/www/charmart/webroot/index.php(99): Dispatcher->dispatch(Object(CakeRequest), Object(CakeResponse))
#1 {main}
2019-11-01 11:21:21 Error: [MissingControllerException] Controller class Controller could not be found.
Exception Attributes: array (
  'class' => 'Controller',
  'plugin' => NULL,
)
Request URL: /campaign/static/faq/button.56d4a00aea1af069615f067f4e79aaba.js
Stack Trace:
#0 /var/www/charmart/webroot/index.php(99): Dispatcher->dispatch(Object(CakeRequest), Object(CakeResponse))
#1 {main}
2019-11-01 11:28:33 Error: [MissingControllerException] Controller class Controller could not be found.
Exception Attributes: array (
  'class' => 'Controller',
  'plugin' => NULL,
)
Request URL: /img/common/ogp.jpg
Stack Trace:
#0 /var/www/charmart/webroot/index.php(99): Dispatcher->dispatch(Object(CakeRequest), Object(CakeResponse))
#1 {main}
2019-11-01 11:28:33 Error: [MissingControllerException] Controller class Controller could not be found.
Exception Attributes: array (
  'class' => 'Controller',
  'plugin' => NULL,
)
Request URL: /img/common/ogp.jpg
Stack Trace:
#0 /var/www/charmart/webroot/index.php(99): Dispatcher->dispatch(Object(CakeRequest), Object(CakeResponse))
#1 {main}
2019-11-01 11:28:34 Error: [MissingControllerException] Controller class Controller could not be found.
Exception Attributes: array (
  'class' => 'Controller',
  'plugin' => NULL,
)
Request URL: /img/common/ogp.jpg
Stack Trace:
#0 /var/www/charmart/webroot/index.php(99): Dispatcher->dispatch(Object(CakeRequest), Object(CakeResponse))
#1 {main}
2019-11-01 11:28:34 Error: [MissingControllerException] Controller class Controller could not be found.
Exception Attributes: array (
  'class' => 'Controller',
  'plugin' => NULL,
)
Request URL: /img/common/ogp.jpg
Stack Trace:
#0 /var/www/charmart/webroot/index.php(99): Dispatcher->dispatch(Object(CakeRequest), Object(CakeResponse))
#1 {main}
2019-11-01 11:28:34 Error: [MissingControllerException] Controller class Controller could not be found.
Exception Attributes: array (
  'class' => 'Controller',
  'plugin' => NULL,
)
Request URL: /img/common/ogp.jpg
Stack Trace:
#0 /var/www/charmart/webroot/index.php(99): Dispatcher->dispatch(Object(CakeRequest), Object(CakeResponse))
#1 {main}
2019-11-01 11:28:35 Error: [MissingControllerException] Controller class Controller could not be found.
Exception Attributes: array (
  'class' => 'Controller',
  'plugin' => NULL,
)
Request URL: /img/common/ogp.jpg
Stack Trace:
#0 /var/www/charmart/webroot/index.php(99): Dispatcher->dispatch(Object(CakeRequest), Object(CakeResponse))
#1 {main}
2019-11-01 14:27:17 Error: [Exception] To generate a signature, the consumer key must be set.
Request URL: /testoem/campaigns/5d9b18d1a91c9
Stack Trace:
#0 /var/www/faro-campaign/vendor/jublonet/codebird-php/src/codebird.php(863): Codebird\Codebird->_sign('GET', 'https://api.twi...', Array)
#1 /var/www/faro-campaign/vendor/jublonet/codebird-php/src/codebird.php(294): Codebird\Codebird->_callApi('GET', 'account/verify_...', 'account/verify_...', Array, false, false)
#2 /var/www/faro-campaign/app/Plugin/Ique/Lib/IqueTwitter.php(119): Codebird\Codebird->__call('account_verifyC...', Array)
#3 /var/www/faro-campaign/app/Plugin/Ique/Lib/IqueTwitter.php(119): Codebird\Codebird->account_verifyCredentials()
#4 /var/www/faro-campaign/app/Plugin/Ique/Lib/IqueTwitter.php(52): IqueTwitter->getUserData()
#5 /var/www/faro-campaign/app/Model/Service/AudienceService.php(21): IqueTwitter->getUser()
#6 /var/www/faro-campaign/app/Controller/CampaignViewController.php(843): AudienceService->hasAudience(Array, NULL)
#7 /var/www/faro-campaign/app/Controller/CampaignViewController.php(23): CampaignViewController->_bindModelAfter()
#8 [internal function]: CampaignViewController->beforeFilter(Object(CakeEvent))
#9 /var/www/faro-campaign/vendor/pear-pear.cakephp.org/CakePHP/Cake/Event/CakeEventManager.php(247): call_user_func(Array, Object(CakeEvent))
#10 /var/www/faro-campaign/vendor/pear-pear.cakephp.org/CakePHP/Cake/Controller/Controller.php(674): CakeEventManager->dispatch(Object(CakeEvent))
#11 /var/www/faro-campaign/vendor/pear-pear.cakephp.org/CakePHP/Cake/Routing/Dispatcher.php(182): Controller->startupProcess()
#12 /var/www/faro-campaign/vendor/pear-pear.cakephp.org/CakePHP/Cake/Routing/Dispatcher.php(160): Dispatcher->_invoke(Object(CampaignViewController), Object(CakeRequest), Object(CakeResponse))
#13 /var/www/charmart/webroot/index.php(99): Dispatcher->dispatch(Object(CakeRequest), Object(CakeResponse))
#14 {main}
2019-11-01 14:42:54 Error: [MissingControllerException] Controller class Controller could not be found.
Exception Attributes: array (
  'class' => 'Controller',
  'plugin' => NULL,
)
Request URL: /img/common/ogp.jpg
Stack Trace:
#0 /var/www/charmart/webroot/index.php(99): Dispatcher->dispatch(Object(CakeRequest), Object(CakeResponse))
#1 {main}
2019-11-01 14:42:55 Error: [MissingControllerException] Controller class Controller could not be found.
Exception Attributes: array (
  'class' => 'Controller',
  'plugin' => NULL,
)
Request URL: /img/common/ogp.jpg
Stack Trace:
#0 /var/www/charmart/webroot/index.php(99): Dispatcher->dispatch(Object(CakeRequest), Object(CakeResponse))
#1 {main}
2019-11-01 14:42:55 Error: [MissingControllerException] Controller class Controller could not be found.
Exception Attributes: array (
  'class' => 'Controller',
  'plugin' => NULL,
)
Request URL: /img/common/ogp.jpg
Stack Trace:
#0 /var/www/charmart/webroot/index.php(99): Dispatcher->dispatch(Object(CakeRequest), Object(CakeResponse))
#1 {main}
2019-11-01 14:42:55 Error: [MissingControllerException] Controller class Controller could not be found.
Exception Attributes: array (
  'class' => 'Controller',
  'plugin' => NULL,
)
Request URL: /img/common/ogp.jpg
Stack Trace:
#0 /var/www/charmart/webroot/index.php(99): Dispatcher->dispatch(Object(CakeRequest), Object(CakeResponse))
#1 {main}
2019-11-01 14:42:56 Error: [MissingControllerException] Controller class Controller could not be found.
Exception Attributes: array (
  'class' => 'Controller',
  'plugin' => NULL,
)
Request URL: /img/common/ogp.jpg
Stack Trace:
#0 /var/www/charmart/webroot/index.php(99): Dispatcher->dispatch(Object(CakeRequest), Object(CakeResponse))
#1 {main}
2019-11-01 14:42:56 Error: [MissingControllerException] Controller class Controller could not be found.
Exception Attributes: array (
  'class' => 'Controller',
  'plugin' => NULL,
)
Request URL: /img/common/ogp.jpg
Stack Trace:
#0 /var/www/charmart/webroot/index.php(99): Dispatcher->dispatch(Object(CakeRequest), Object(CakeResponse))
#1 {main}
2019-11-01 14:43:02 Error: [Exception] To get the authenticate URL, the OAuth token must be set.
Request URL: /oauth/twitter/login?redirect_uri=%2Ftestyoshioka2%2Fcampaigns%2F5dbbc5bac0a65%2Fentry%2Ftwitter
Stack Trace:
#0 /var/www/faro-campaign/app/Plugin/Ique/Lib/IqueTwitter.php(143): Codebird\Codebird->oauth_authenticate()
#1 /var/www/faro-campaign/app/Controller/OauthController.php(68): IqueTwitter->getLoginUrl(Array)
#2 [internal function]: OauthController->twitterLogin()
#3 /var/www/faro-campaign/vendor/pear-pear.cakephp.org/CakePHP/Cake/Controller/Controller.php(490): ReflectionMethod->invokeArgs(Object(OauthController), Array)
#4 /var/www/faro-campaign/vendor/pear-pear.cakephp.org/CakePHP/Cake/Routing/Dispatcher.php(185): Controller->invokeAction(Object(CakeRequest))
#5 /var/www/faro-campaign/vendor/pear-pear.cakephp.org/CakePHP/Cake/Routing/Dispatcher.php(160): Dispatcher->_invoke(Object(OauthController), Object(CakeRequest), Object(CakeResponse))
#6 /var/www/charmart/webroot/index.php(99): Dispatcher->dispatch(Object(CakeRequest), Object(CakeResponse))
#7 {main}
2019-11-01 14:47:04 Error: [MissingControllerException] Controller class Controller could not be found.
Exception Attributes: array (
  'class' => 'Controller',
  'plugin' => NULL,
)
Request URL: /img/common/ogp.jpg
Stack Trace:
#0 /var/www/charmart/webroot/index.php(99): Dispatcher->dispatch(Object(CakeRequest), Object(CakeResponse))
#1 {main}
2019-11-01 16:40:11 Error: [MissingControllerException] Controller class Controller could not be found.
Exception Attributes: array (
  'class' => 'Controller',
  'plugin' => NULL,
)
Request URL: /api/v1/pods
Stack Trace:
#0 /var/www/charmart/webroot/index.php(99): Dispatcher->dispatch(Object(CakeRequest), Object(CakeResponse))
#1 {main}
2019-11-01 19:31:48 Error: [MissingControllerException] Controller class Controller could not be found.
Exception Attributes: array (
  'class' => 'Controller',
  'plugin' => NULL,
)
Request URL: /img/common/ogp.jpg
Stack Trace:
#0 /var/www/charmart/webroot/index.php(99): Dispatcher->dispatch(Object(CakeRequest), Object(CakeResponse))
#1 {main}
2019-11-01 19:50:56 Error: [Exception] To get the authenticate URL, the OAuth token must be set.
Request URL: /oauth/twitter/login?redirect_uri=%2Ftestyoshioka2%2Fcampaigns%2F5dbbc5bac0a65%2Fentry%2Ftwitter
Stack Trace:
#0 /var/www/faro-campaign/app/Plugin/Ique/Lib/IqueTwitter.php(143): Codebird\Codebird->oauth_authenticate()
#1 /var/www/faro-campaign/app/Controller/OauthController.php(68): IqueTwitter->getLoginUrl(Array)
#2 [internal function]: OauthController->twitterLogin()
#3 /var/www/faro-campaign/vendor/pear-pear.cakephp.org/CakePHP/Cake/Controller/Controller.php(490): ReflectionMethod->invokeArgs(Object(OauthController), Array)
#4 /var/www/faro-campaign/vendor/pear-pear.cakephp.org/CakePHP/Cake/Routing/Dispatcher.php(185): Controller->invokeAction(Object(CakeRequest))
#5 /var/www/faro-campaign/vendor/pear-pear.cakephp.org/CakePHP/Cake/Routing/Dispatcher.php(160): Dispatcher->_invoke(Object(OauthController), Object(CakeRequest), Object(CakeResponse))
#6 /var/www/charmart/webroot/index.php(99): Dispatcher->dispatch(Object(CakeRequest), Object(CakeResponse))
#7 {main}
2019-11-01 19:51:01 Error: [Exception] To get the authenticate URL, the OAuth token must be set.
Request URL: /oauth/twitter/login?redirect_uri=%2Ftestyoshioka2%2Fcampaigns%2F5dbbc5bac0a65%2Fentry%2Ftwitter
Stack Trace:
#0 /var/www/faro-campaign/app/Plugin/Ique/Lib/IqueTwitter.php(143): Codebird\Codebird->oauth_authenticate()
#1 /var/www/faro-campaign/app/Controller/OauthController.php(68): IqueTwitter->getLoginUrl(Array)
#2 [internal function]: OauthController->twitterLogin()
#3 /var/www/faro-campaign/vendor/pear-pear.cakephp.org/CakePHP/Cake/Controller/Controller.php(490): ReflectionMethod->invokeArgs(Object(OauthController), Array)
#4 /var/www/faro-campaign/vendor/pear-pear.cakephp.org/CakePHP/Cake/Routing/Dispatcher.php(185): Controller->invokeAction(Object(CakeRequest))
#5 /var/www/faro-campaign/vendor/pear-pear.cakephp.org/CakePHP/Cake/Routing/Dispatcher.php(160): Dispatcher->_invoke(Object(OauthController), Object(CakeRequest), Object(CakeResponse))
#6 /var/www/charmart/webroot/index.php(99): Dispatcher->dispatch(Object(CakeRequest), Object(CakeResponse))
#7 {main}
2019-11-01 20:03:28 Error: [MissingControllerException] Controller class Controller could not be found.
Exception Attributes: array (
  'class' => 'Controller',
  'plugin' => NULL,
)
Request URL: /img/common/ogp.jpg
Stack Trace:
#0 /var/www/charmart/webroot/index.php(99): Dispatcher->dispatch(Object(CakeRequest), Object(CakeResponse))
#1 {main}
2019-11-01 20:03:42 Error: [MissingControllerException] Controller class Controller could not be found.
Exception Attributes: array (
  'class' => 'Controller',
  'plugin' => NULL,
)
Request URL: /img/common/ogp.jpg
Stack Trace:
#0 /var/www/charmart/webroot/index.php(99): Dispatcher->dispatch(Object(CakeRequest), Object(CakeResponse))
#1 {main}
2019-11-01 20:03:45 Error: [MissingControllerException] Controller class Controller could not be found.
Exception Attributes: array (
  'class' => 'Controller',
  'plugin' => NULL,
)
Request URL: /img/common/ogp.jpg
Stack Trace:
#0 /var/www/charmart/webroot/index.php(99): Dispatcher->dispatch(Object(CakeRequest), Object(CakeResponse))
#1 {main}
2019-11-01 20:05:31 Error: [MissingControllerException] Controller class Controller could not be found.
Exception Attributes: array (
  'class' => 'Controller',
  'plugin' => NULL,
)
Request URL: /img/common/ogp.jpg
Stack Trace:
#0 /var/www/charmart/webroot/index.php(99): Dispatcher->dispatch(Object(CakeRequest), Object(CakeResponse))
#1 {main}
2019-11-01 20:10:04 Error: [MissingControllerException] Controller class Controller could not be found.
Exception Attributes: array (
  'class' => 'Controller',
  'plugin' => NULL,
)
Request URL: /price.html
Stack Trace:
#0 /var/www/charmart/webroot/index.php(99): Dispatcher->dispatch(Object(CakeRequest), Object(CakeResponse))
#1 {main}
2019-11-01 20:35:41 Error: [MissingControllerException] Controller class Controller could not be found.
Exception Attributes: array (
  'class' => 'Controller',
  'plugin' => NULL,
)
Request URL: /api/v1/pods
Stack Trace:
#0 /var/www/charmart/webroot/index.php(99): Dispatcher->dispatch(Object(CakeRequest), Object(CakeResponse))
#1 {main}
2019-11-01 21:27:55 Error: [MissingControllerException] Controller class Controller could not be found.
Exception Attributes: array (
  'class' => 'Controller',
  'plugin' => NULL,
)
Request URL: /_src/sc1126/gallery08.jpg
Stack Trace:
#0 /var/www/charmart/webroot/index.php(99): Dispatcher->dispatch(Object(CakeRequest), Object(CakeResponse))
#1 {main}
2019-11-01 21:31:11 Error: [MissingControllerException] Controller class Controller could not be found.
Exception Attributes: array (
  'class' => 'Controller',
  'plugin' => NULL,
)
Request URL: /index.html
Stack Trace:
#0 /var/www/charmart/webroot/index.php(99): Dispatcher->dispatch(Object(CakeRequest), Object(CakeResponse))
#1 {main}
2019-11-01 22:07:54 Error: [MissingControllerException] Controller class Controller could not be found.
Exception Attributes: array (
  'class' => 'Controller',
  'plugin' => NULL,
)
Request URL: /latest/dynamic/instance-identity/document
Stack Trace:
#0 /var/www/charmart/webroot/index.php(99): Dispatcher->dispatch(Object(CakeRequest), Object(CakeResponse))
#1 {main}
2019-11-01 22:07:54 Error: [MissingControllerException] Controller class Controller could not be found.
Exception Attributes: array (
  'class' => 'Controller',
  'plugin' => NULL,
)
Request URL: /latest/dynamic/instance-identity/document
Stack Trace:
#0 /var/www/charmart/webroot/index.php(99): Dispatcher->dispatch(Object(CakeRequest), Object(CakeResponse))
#1 {main}
2019-11-01 22:13:17 Error: [MissingControllerException] Controller class Controller could not be found.
Exception Attributes: array (
  'class' => 'Controller',
  'plugin' => NULL,
)
Request URL: /latest/dynamic/instance-identity/document
Stack Trace:
#0 /var/www/charmart/webroot/index.php(99): Dispatcher->dispatch(Object(CakeRequest), Object(CakeResponse))
#1 {main}
2019-11-01 22:13:17 Error: [MissingControllerException] Controller class Controller could not be found.
Exception Attributes: array (
  'class' => 'Controller',
  'plugin' => NULL,
)
Request URL: /latest/dynamic/instance-identity/document
Stack Trace:
#0 /var/www/charmart/webroot/index.php(99): Dispatcher->dispatch(Object(CakeRequest), Object(CakeResponse))
#1 {main}
