2017-10-25 07:57:51 Error: [Exception] 
Request URL: /account1/campaigns/59e46e3b29f5e/share/twitter
Stack Trace:
#0 [internal function]: CampaignViewController->share('account1', '59e46e3b29f5e', 'twitter')
#1 /var/www/faro-campaign/vendor/pear-pear.cakephp.org/CakePHP/Cake/Controller/Controller.php(490): ReflectionMethod->invokeArgs(Object(CampaignViewController), Array)
#2 /var/www/faro-campaign/vendor/pear-pear.cakephp.org/CakePHP/Cake/Routing/Dispatcher.php(185): Controller->invokeAction(Object(CakeRequest))
#3 /var/www/faro-campaign/vendor/pear-pear.cakephp.org/CakePHP/Cake/Routing/Dispatcher.php(160): Dispatcher->_invoke(Object(CampaignViewController), Object(CakeRequest), Object(CakeResponse))
#4 /var/www/faro-campaign/webroot/index.php(99): Dispatcher->dispatch(Object(CakeRequest), Object(CakeResponse))
#5 {main}
2017-10-25 07:58:01 Error: [Exception] 
Request URL: /account1/campaigns/59e46e3b29f5e/share/twitter
Stack Trace:
#0 [internal function]: CampaignViewController->share('account1', '59e46e3b29f5e', 'twitter')
#1 /var/www/faro-campaign/vendor/pear-pear.cakephp.org/CakePHP/Cake/Controller/Controller.php(490): ReflectionMethod->invokeArgs(Object(CampaignViewController), Array)
#2 /var/www/faro-campaign/vendor/pear-pear.cakephp.org/CakePHP/Cake/Routing/Dispatcher.php(185): Controller->invokeAction(Object(CakeRequest))
#3 /var/www/faro-campaign/vendor/pear-pear.cakephp.org/CakePHP/Cake/Routing/Dispatcher.php(160): Dispatcher->_invoke(Object(CampaignViewController), Object(CakeRequest), Object(CakeResponse))
#4 /var/www/faro-campaign/webroot/index.php(99): Dispatcher->dispatch(Object(CakeRequest), Object(CakeResponse))
#5 {main}
2017-10-25 08:02:13 Error: [Exception] 
Request URL: /account1/campaigns/59e4796f66067/share/twitter
Stack Trace:
#0 [internal function]: CampaignViewController->share('account1', '59e4796f66067', 'twitter')
#1 /var/www/faro-campaign/vendor/pear-pear.cakephp.org/CakePHP/Cake/Controller/Controller.php(490): ReflectionMethod->invokeArgs(Object(CampaignViewController), Array)
#2 /var/www/faro-campaign/vendor/pear-pear.cakephp.org/CakePHP/Cake/Routing/Dispatcher.php(185): Controller->invokeAction(Object(CakeRequest))
#3 /var/www/faro-campaign/vendor/pear-pear.cakephp.org/CakePHP/Cake/Routing/Dispatcher.php(160): Dispatcher->_invoke(Object(CampaignViewController), Object(CakeRequest), Object(CakeResponse))
#4 /var/www/faro-campaign/webroot/index.php(99): Dispatcher->dispatch(Object(CakeRequest), Object(CakeResponse))
#5 {main}
