2018-01-04 23:23:56 Error: Fatal Error (1): Unsupported operand types in [/var/www/faro-campaign/app/Controller/CampaignViewController.php, line 283]
2018-01-04 23:23:56 Error: [FatalErrorException] Unsupported operand types
Request URL: /client_demo_wang/campaigns/5a4e37be45bc1/questions
Stack Trace:
#0 /var/www/faro-campaign/vendor/pear-pear.cakephp.org/CakePHP/Cake/Error/ErrorHandler.php(203): ErrorHandler::handleFatalError(1, 'Unsupported ope...', '/var/www/faro-c...', 283)
#1 [internal function]: ErrorHandler::handleError(1, 'Unsupported ope...', '/var/www/faro-c...', 283, Array)
#2 /var/www/faro-campaign/vendor/pear-pear.cakephp.org/CakePHP/Cake/Core/App.php(929): call_user_func('ErrorHandler::h...', 1, 'Unsupported ope...', '/var/www/faro-c...', 283, Array)
#3 /var/www/faro-campaign/vendor/pear-pear.cakephp.org/CakePHP/Cake/Core/App.php(902): App::_checkFatalError()
#4 [internal function]: App::shutdown()
#5 {main}
2018-01-04 23:29:00 Error: Fatal Error (1): Unsupported operand types in [/var/www/faro-campaign/app/Controller/CampaignViewController.php, line 283]
2018-01-04 23:29:00 Error: [FatalErrorException] Unsupported operand types
Request URL: /client_demo_wang/campaigns/5a4e37be45bc1/questions
Stack Trace:
#0 /var/www/faro-campaign/vendor/pear-pear.cakephp.org/CakePHP/Cake/Error/ErrorHandler.php(203): ErrorHandler::handleFatalError(1, 'Unsupported ope...', '/var/www/faro-c...', 283)
#1 [internal function]: ErrorHandler::handleError(1, 'Unsupported ope...', '/var/www/faro-c...', 283, Array)
#2 /var/www/faro-campaign/vendor/pear-pear.cakephp.org/CakePHP/Cake/Core/App.php(929): call_user_func('ErrorHandler::h...', 1, 'Unsupported ope...', '/var/www/faro-c...', 283, Array)
#3 /var/www/faro-campaign/vendor/pear-pear.cakephp.org/CakePHP/Cake/Core/App.php(902): App::_checkFatalError()
#4 [internal function]: App::shutdown()
#5 {main}
2018-01-04 23:30:11 Error: Fatal Error (1): Unsupported operand types in [/var/www/faro-campaign/app/Controller/CampaignViewController.php, line 283]
2018-01-04 23:30:11 Error: [FatalErrorException] Unsupported operand types
Request URL: /client_demo_wang/campaigns/5a4e37be45bc1/questions
Stack Trace:
#0 /var/www/faro-campaign/vendor/pear-pear.cakephp.org/CakePHP/Cake/Error/ErrorHandler.php(203): ErrorHandler::handleFatalError(1, 'Unsupported ope...', '/var/www/faro-c...', 283)
#1 [internal function]: ErrorHandler::handleError(1, 'Unsupported ope...', '/var/www/faro-c...', 283, Array)
#2 /var/www/faro-campaign/vendor/pear-pear.cakephp.org/CakePHP/Cake/Core/App.php(929): call_user_func('ErrorHandler::h...', 1, 'Unsupported ope...', '/var/www/faro-c...', 283, Array)
#3 /var/www/faro-campaign/vendor/pear-pear.cakephp.org/CakePHP/Cake/Core/App.php(902): App::_checkFatalError()
#4 [internal function]: App::shutdown()
#5 {main}
2018-01-04 23:32:12 Error: Fatal Error (4): syntax error, unexpected ')' in [/var/www/faro-campaign/app/Controller/CampaignViewController.php, line 283]
2018-01-04 23:32:12 Error: [InternalErrorException] Internal Server Error
Request URL: /client_demo_wang/campaigns/5a4e37be45bc1/questions
Stack Trace:
#0 /var/www/faro-campaign/vendor/pear-pear.cakephp.org/CakePHP/Cake/Error/ErrorHandler.php(203): ErrorHandler::handleFatalError(4, 'syntax error, u...', '/var/www/faro-c...', 283)
#1 [internal function]: ErrorHandler::handleError(4, 'syntax error, u...', '/var/www/faro-c...', 283, Array)
#2 /var/www/faro-campaign/vendor/pear-pear.cakephp.org/CakePHP/Cake/Core/App.php(929): call_user_func('ErrorHandler::h...', 4, 'syntax error, u...', '/var/www/faro-c...', 283, Array)
#3 /var/www/faro-campaign/vendor/pear-pear.cakephp.org/CakePHP/Cake/Core/App.php(902): App::_checkFatalError()
#4 [internal function]: App::shutdown()
#5 {main}
2018-01-04 23:33:36 Error: Fatal Error (1): Unsupported operand types in [/var/www/faro-campaign/app/Controller/CampaignViewController.php, line 283]
2018-01-04 23:33:36 Error: [FatalErrorException] Unsupported operand types
Request URL: /client_demo_wang/campaigns/5a4e37be45bc1/questions
Stack Trace:
#0 /var/www/faro-campaign/vendor/pear-pear.cakephp.org/CakePHP/Cake/Error/ErrorHandler.php(203): ErrorHandler::handleFatalError(1, 'Unsupported ope...', '/var/www/faro-c...', 283)
#1 [internal function]: ErrorHandler::handleError(1, 'Unsupported ope...', '/var/www/faro-c...', 283, Array)
#2 /var/www/faro-campaign/vendor/pear-pear.cakephp.org/CakePHP/Cake/Core/App.php(929): call_user_func('ErrorHandler::h...', 1, 'Unsupported ope...', '/var/www/faro-c...', 283, Array)
#3 /var/www/faro-campaign/vendor/pear-pear.cakephp.org/CakePHP/Cake/Core/App.php(902): App::_checkFatalError()
#4 [internal function]: App::shutdown()
#5 {main}
2018-01-04 23:38:34 Error: Fatal Error (1): Unsupported operand types in [/var/www/faro-campaign/app/Controller/CampaignViewController.php, line 285]
2018-01-04 23:38:34 Error: [FatalErrorException] Unsupported operand types
Request URL: /client_demo_wang/campaigns/5a4e37be45bc1/questions
Stack Trace:
#0 /var/www/faro-campaign/vendor/pear-pear.cakephp.org/CakePHP/Cake/Error/ErrorHandler.php(203): ErrorHandler::handleFatalError(1, 'Unsupported ope...', '/var/www/faro-c...', 285)
#1 [internal function]: ErrorHandler::handleError(1, 'Unsupported ope...', '/var/www/faro-c...', 285, Array)
#2 /var/www/faro-campaign/vendor/pear-pear.cakephp.org/CakePHP/Cake/Core/App.php(929): call_user_func('ErrorHandler::h...', 1, 'Unsupported ope...', '/var/www/faro-c...', 285, Array)
#3 /var/www/faro-campaign/vendor/pear-pear.cakephp.org/CakePHP/Cake/Core/App.php(902): App::_checkFatalError()
#4 [internal function]: App::shutdown()
#5 {main}
2018-01-04 23:38:48 Error: Fatal Error (1): Unsupported operand types in [/var/www/faro-campaign/app/Controller/CampaignViewController.php, line 286]
2018-01-04 23:38:48 Error: [FatalErrorException] Unsupported operand types
Request URL: /client_demo_wang/campaigns/5a4e37be45bc1/questions
Stack Trace:
#0 /var/www/faro-campaign/vendor/pear-pear.cakephp.org/CakePHP/Cake/Error/ErrorHandler.php(203): ErrorHandler::handleFatalError(1, 'Unsupported ope...', '/var/www/faro-c...', 286)
#1 [internal function]: ErrorHandler::handleError(1, 'Unsupported ope...', '/var/www/faro-c...', 286, Array)
#2 /var/www/faro-campaign/vendor/pear-pear.cakephp.org/CakePHP/Cake/Core/App.php(929): call_user_func('ErrorHandler::h...', 1, 'Unsupported ope...', '/var/www/faro-c...', 286, Array)
#3 /var/www/faro-campaign/vendor/pear-pear.cakephp.org/CakePHP/Cake/Core/App.php(902): App::_checkFatalError()
#4 [internal function]: App::shutdown()
#5 {main}
2018-01-04 23:40:02 Error: Fatal Error (4): syntax error, unexpected end of file in [/var/www/faro-campaign/app/Controller/CampaignViewController.php, line 396]
2018-01-04 23:40:02 Error: [InternalErrorException] Internal Server Error
Request URL: /client_demo_wang/campaigns/5a4e37be45bc1/entry
Stack Trace:
#0 /var/www/faro-campaign/vendor/pear-pear.cakephp.org/CakePHP/Cake/Error/ErrorHandler.php(203): ErrorHandler::handleFatalError(4, 'syntax error, u...', '/var/www/faro-c...', 396)
#1 [internal function]: ErrorHandler::handleError(4, 'syntax error, u...', '/var/www/faro-c...', 396, Array)
#2 /var/www/faro-campaign/vendor/pear-pear.cakephp.org/CakePHP/Cake/Core/App.php(929): call_user_func('ErrorHandler::h...', 4, 'syntax error, u...', '/var/www/faro-c...', 396, Array)
#3 /var/www/faro-campaign/vendor/pear-pear.cakephp.org/CakePHP/Cake/Core/App.php(902): App::_checkFatalError()
#4 [internal function]: App::shutdown()
#5 {main}
2018-01-04 23:50:05 Error: Fatal Error (1): Unsupported operand types in [/var/www/faro-campaign/app/Controller/CampaignViewController.php, line 283]
2018-01-04 23:50:05 Error: [FatalErrorException] Unsupported operand types
Request URL: /client_demo_wang/campaigns/5a4e37be45bc1/questions
Stack Trace:
#0 /var/www/faro-campaign/vendor/pear-pear.cakephp.org/CakePHP/Cake/Error/ErrorHandler.php(203): ErrorHandler::handleFatalError(1, 'Unsupported ope...', '/var/www/faro-c...', 283)
#1 [internal function]: ErrorHandler::handleError(1, 'Unsupported ope...', '/var/www/faro-c...', 283, Array)
#2 /var/www/faro-campaign/vendor/pear-pear.cakephp.org/CakePHP/Cake/Core/App.php(929): call_user_func('ErrorHandler::h...', 1, 'Unsupported ope...', '/var/www/faro-c...', 283, Array)
#3 /var/www/faro-campaign/vendor/pear-pear.cakephp.org/CakePHP/Cake/Core/App.php(902): App::_checkFatalError()
#4 [internal function]: App::shutdown()
#5 {main}
