2018-01-05 00:09:30 Error: Fatal Error (1): Unsupported operand types in [/var/www/faro-campaign/app/Controller/CampaignViewController.php, line 283]
2018-01-05 00:09:30 Error: [FatalErrorException] Unsupported operand types
Request URL: /client_demo_wang/campaigns/5a4e37be45bc1/questions
Stack Trace:
#0 /var/www/faro-campaign/vendor/pear-pear.cakephp.org/CakePHP/Cake/Error/ErrorHandler.php(203): ErrorHandler::handleFatalError(1, 'Unsupported ope...', '/var/www/faro-c...', 283)
#1 [internal function]: ErrorHandler::handleError(1, 'Unsupported ope...', '/var/www/faro-c...', 283, Array)
#2 /var/www/faro-campaign/vendor/pear-pear.cakephp.org/CakePHP/Cake/Core/App.php(929): call_user_func('ErrorHandler::h...', 1, 'Unsupported ope...', '/var/www/faro-c...', 283, Array)
#3 /var/www/faro-campaign/vendor/pear-pear.cakephp.org/CakePHP/Cake/Core/App.php(902): App::_checkFatalError()
#4 [internal function]: App::shutdown()
#5 {main}
2018-01-05 00:11:00 Error: Fatal Error (4): syntax error, unexpected end of file in [/var/www/faro-campaign/app/Controller/CampaignViewController.php, line 397]
2018-01-05 00:11:00 Error: [InternalErrorException] Internal Server Error
Request URL: /client_demo_wang/campaigns/5a4e37be45bc1/questions
Stack Trace:
#0 /var/www/faro-campaign/vendor/pear-pear.cakephp.org/CakePHP/Cake/Error/ErrorHandler.php(203): ErrorHandler::handleFatalError(4, 'syntax error, u...', '/var/www/faro-c...', 397)
#1 [internal function]: ErrorHandler::handleError(4, 'syntax error, u...', '/var/www/faro-c...', 397, Array)
#2 /var/www/faro-campaign/vendor/pear-pear.cakephp.org/CakePHP/Cake/Core/App.php(929): call_user_func('ErrorHandler::h...', 4, 'syntax error, u...', '/var/www/faro-c...', 397, Array)
#3 /var/www/faro-campaign/vendor/pear-pear.cakephp.org/CakePHP/Cake/Core/App.php(902): App::_checkFatalError()
#4 [internal function]: App::shutdown()
#5 {main}
