2019-10-08 02:55:45 Error: [MissingControllerException] Controller class Controller could not be found.
Exception Attributes: array (
  'class' => 'Controller',
  'plugin' => NULL,
)
Request URL: /remote/login
Stack Trace:
#0 /var/www/charmart/webroot/index.php(99): Dispatcher->dispatch(Object(CakeRequest), Object(CakeResponse))
#1 {main}
2019-10-08 04:37:14 Error: [MissingControllerException] Controller class Controller could not be found.
Exception Attributes: array (
  'class' => 'Controller',
  'plugin' => NULL,
)
Request URL: /msdn.cpp
Stack Trace:
#0 /var/www/charmart/webroot/index.php(99): Dispatcher->dispatch(Object(CakeRequest), Object(CakeResponse))
#1 {main}
2019-10-08 07:04:49 Error: [MissingControllerException] Controller class Controller could not be found.
Exception Attributes: array (
  'class' => 'Controller',
  'plugin' => NULL,
)
Request URL: /version
Stack Trace:
#0 /var/www/charmart/webroot/index.php(99): Dispatcher->dispatch(Object(CakeRequest), Object(CakeResponse))
#1 {main}
2019-10-08 07:07:30 Error: [MissingControllerException] Controller class Controller could not be found.
Exception Attributes: array (
  'class' => 'Controller',
  'plugin' => NULL,
)
Request URL: /version
Stack Trace:
#0 /var/www/charmart/webroot/index.php(99): Dispatcher->dispatch(Object(CakeRequest), Object(CakeResponse))
#1 {main}
2019-10-08 11:05:05 Error: [BadRequestException] Facebook Authentication Failed
Request URL: /oauth/facebook/callback
Stack Trace:
#0 [internal function]: OauthController->facebookCallback()
#1 /var/www/faro-campaign/vendor/pear-pear.cakephp.org/CakePHP/Cake/Controller/Controller.php(490): ReflectionMethod->invokeArgs(Object(OauthController), Array)
#2 /var/www/faro-campaign/vendor/pear-pear.cakephp.org/CakePHP/Cake/Routing/Dispatcher.php(185): Controller->invokeAction(Object(CakeRequest))
#3 /var/www/faro-campaign/vendor/pear-pear.cakephp.org/CakePHP/Cake/Routing/Dispatcher.php(160): Dispatcher->_invoke(Object(OauthController), Object(CakeRequest), Object(CakeResponse))
#4 /var/www/charmart/webroot/index.php(99): Dispatcher->dispatch(Object(CakeRequest), Object(CakeResponse))
#5 {main}
2019-10-08 22:04:47 Error: [MissingConnectionException] Database connection "Mysql" is missing, or could not be created.
Exception Attributes: array (
  'class' => 'Mysql',
  'message' => 'SQLSTATE[HY000] [2002] Connection timed out',
  'enabled' => true,
)
Request URL: /
Stack Trace:
#0 /var/www/faro-campaign/vendor/pear-pear.cakephp.org/CakePHP/Cake/Model/Datasource/DboSource.php(260): Mysql->connect()
#1 /var/www/faro-campaign/vendor/pear-pear.cakephp.org/CakePHP/Cake/Model/ConnectionManager.php(105): DboSource->__construct(Array)
#2 /var/www/faro-campaign/vendor/pear-pear.cakephp.org/CakePHP/Cake/Model/Model.php(3476): ConnectionManager::getDataSource('default')
#3 /var/www/faro-campaign/vendor/pear-pear.cakephp.org/CakePHP/Cake/Model/Model.php(1126): Model->setDataSource('default')
#4 /var/www/faro-campaign/vendor/pear-pear.cakephp.org/CakePHP/Cake/Model/Model.php(3498): Model->setSource('accounts')
#5 /var/www/faro-campaign/vendor/pear-pear.cakephp.org/CakePHP/Cake/Model/Model.php(1355): Model->getDataSource()
#6 /var/www/faro-campaign/vendor/pear-pear.cakephp.org/CakePHP/Cake/Model/Model.php(1447): Model->schema()
#7 /var/www/faro-campaign/app/Plugin/Utils/Model/Behavior/SoftDeleteBehavior.php(52): Model->hasField('deleted')
#8 /var/www/faro-campaign/vendor/pear-pear.cakephp.org/CakePHP/Cake/Model/BehaviorCollection.php(145): SoftDeleteBehavior->setup(Object(Account), Array)
#9 /var/www/faro-campaign/vendor/pear-pear.cakephp.org/CakePHP/Cake/Model/BehaviorCollection.php(66): BehaviorCollection->load('Utils.SoftDelet...', Array)
#10 /var/www/faro-campaign/vendor/pear-pear.cakephp.org/CakePHP/Cake/Model/Model.php(747): BehaviorCollection->init('Account', Array)
#11 [internal function]: Model->__construct(Array)
#12 /var/www/faro-campaign/vendor/pear-pear.cakephp.org/CakePHP/Cake/Utility/ClassRegistry.php(168): ReflectionClass->newInstance(Array)
#13 /var/www/faro-campaign/app/Model/Service/AccountService.php(4): ClassRegistry::init('Account')
#14 [internal function]: AccountService->__construct(Array)
#15 /var/www/faro-campaign/vendor/pear-pear.cakephp.org/CakePHP/Cake/Utility/ClassRegistry.php(168): ReflectionClass->newInstance(Array)
#16 /var/www/faro-campaign/vendor/pear-pear.cakephp.org/CakePHP/Cake/Controller/Controller.php(738): ClassRegistry::init(Array)
#17 /var/www/faro-campaign/vendor/pear-pear.cakephp.org/CakePHP/Cake/Controller/Controller.php(367): Controller->loadModel('AccountService')
#18 /var/www/faro-campaign/vendor/pear-pear.cakephp.org/CakePHP/Cake/Controller/Controller.php(405): Controller->__isset('AccountService')
#19 /var/www/faro-campaign/app/Controller/AppController.php(47): Controller->__get('AccountService')
#20 [internal function]: AppController->beforeFilter(Object(CakeEvent))
#21 /var/www/faro-campaign/vendor/pear-pear.cakephp.org/CakePHP/Cake/Event/CakeEventManager.php(247): call_user_func(Array, Object(CakeEvent))
#22 /var/www/faro-campaign/vendor/pear-pear.cakephp.org/CakePHP/Cake/Controller/Controller.php(674): CakeEventManager->dispatch(Object(CakeEvent))
#23 /var/www/faro-campaign/vendor/pear-pear.cakephp.org/CakePHP/Cake/Routing/Dispatcher.php(182): Controller->startupProcess()
#24 /var/www/faro-campaign/vendor/pear-pear.cakephp.org/CakePHP/Cake/Routing/Dispatcher.php(160): Dispatcher->_invoke(Object(RootController), Object(CakeRequest), Object(CakeResponse))
#25 /var/www/charmart/webroot/index.php(99): Dispatcher->dispatch(Object(CakeRequest), Object(CakeResponse))
#26 {main}
2019-10-08 22:18:22 Error: [MissingControllerException] Controller class Controller could not be found.
Exception Attributes: array (
  'class' => 'Controller',
  'plugin' => NULL,
)
Request URL: /default
Stack Trace:
#0 /var/www/charmart/webroot/index.php(99): Dispatcher->dispatch(Object(CakeRequest), Object(CakeResponse))
#1 {main}
2019-10-08 22:28:44 Error: [MissingControllerException] Controller class Controller could not be found.
Exception Attributes: array (
  'class' => 'Controller',
  'plugin' => NULL,
)
Request URL: /img/common/ogp.jpg
Stack Trace:
#0 /var/www/charmart/webroot/index.php(99): Dispatcher->dispatch(Object(CakeRequest), Object(CakeResponse))
#1 {main}
2019-10-08 22:48:41 Error: [MissingControllerException] Controller class Controller could not be found.
Exception Attributes: array (
  'class' => 'Controller',
  'plugin' => NULL,
)
Request URL: /wp-login.php
Stack Trace:
#0 /var/www/charmart/webroot/index.php(99): Dispatcher->dispatch(Object(CakeRequest), Object(CakeResponse))
#1 {main}
