2019-10-28 03:49:52 Error: [MissingControllerException] Controller class Controller could not be found.
Exception Attributes: array (
  'class' => 'Controller',
  'plugin' => NULL,
)
Request URL: /gallery.html
Stack Trace:
#0 /var/www/charmart/webroot/index.php(99): Dispatcher->dispatch(Object(CakeRequest), Object(CakeResponse))
#1 {main}
2019-10-28 04:01:30 Error: [MissingControllerException] Controller class Controller could not be found.
Exception Attributes: array (
  'class' => 'Controller',
  'plugin' => NULL,
)
Request URL: /index.html
Stack Trace:
#0 /var/www/charmart/webroot/index.php(99): Dispatcher->dispatch(Object(CakeRequest), Object(CakeResponse))
#1 {main}
2019-10-28 08:22:35 Error: [MissingControllerException] Controller class Controller could not be found.
Exception Attributes: array (
  'class' => 'Controller',
  'plugin' => NULL,
)
Request URL: /access.html
Stack Trace:
#0 /var/www/charmart/webroot/index.php(99): Dispatcher->dispatch(Object(CakeRequest), Object(CakeResponse))
#1 {main}
2019-10-28 08:44:30 Error: [MissingControllerException] Controller class Controller could not be found.
Exception Attributes: array (
  'class' => 'Controller',
  'plugin' => NULL,
)
Request URL: /latest/dynamic/instance-identity/document
Stack Trace:
#0 /var/www/charmart/webroot/index.php(99): Dispatcher->dispatch(Object(CakeRequest), Object(CakeResponse))
#1 {main}
2019-10-28 08:44:30 Error: [MissingControllerException] Controller class Controller could not be found.
Exception Attributes: array (
  'class' => 'Controller',
  'plugin' => NULL,
)
Request URL: /latest/dynamic/instance-identity/document
Stack Trace:
#0 /var/www/charmart/webroot/index.php(99): Dispatcher->dispatch(Object(CakeRequest), Object(CakeResponse))
#1 {main}
2019-10-28 09:38:27 Error: [MissingControllerException] Controller class Controller could not be found.
Exception Attributes: array (
  'class' => 'Controller',
  'plugin' => NULL,
)
Request URL: /_src/sc936/gmcommon02.png
Stack Trace:
#0 /var/www/charmart/webroot/index.php(99): Dispatcher->dispatch(Object(CakeRequest), Object(CakeResponse))
#1 {main}
2019-10-28 09:46:35 Error: [MissingControllerException] Controller class Controller could not be found.
Exception Attributes: array (
  'class' => 'Controller',
  'plugin' => NULL,
)
Request URL: /latest/dynamic/instance-identity/document
Stack Trace:
#0 /var/www/charmart/webroot/index.php(99): Dispatcher->dispatch(Object(CakeRequest), Object(CakeResponse))
#1 {main}
2019-10-28 09:46:36 Error: [MissingControllerException] Controller class Controller could not be found.
Exception Attributes: array (
  'class' => 'Controller',
  'plugin' => NULL,
)
Request URL: /latest/dynamic/instance-identity/document
Stack Trace:
#0 /var/www/charmart/webroot/index.php(99): Dispatcher->dispatch(Object(CakeRequest), Object(CakeResponse))
#1 {main}
2019-10-28 16:03:12 Error: [MissingControllerException] Controller class Controller could not be found.
Exception Attributes: array (
  'class' => 'Controller',
  'plugin' => NULL,
)
Request URL: /admin/campaigns/edit/accountName:demo-vegalta/id:5db68e1d1f955?sort=vote_count&direction=desc
Stack Trace:
#0 /var/www/charmart/webroot/index.php(99): Dispatcher->dispatch(Object(CakeRequest), Object(CakeResponse))
#1 {main}
2019-10-28 16:03:16 Error: [MissingControllerException] Controller class Controller could not be found.
Exception Attributes: array (
  'class' => 'Controller',
  'plugin' => NULL,
)
Request URL: /admin/campaigns/items/accountName:demo-vegalta/id:5db68e1d1f955?sort=rand
Stack Trace:
#0 /var/www/charmart/webroot/index.php(99): Dispatcher->dispatch(Object(CakeRequest), Object(CakeResponse))
#1 {main}
2019-10-28 16:06:22 Error: [Exception] To get the authenticate URL, the OAuth token must be set.
Request URL: /oauth/twitter/login?redirect_uri=%2Fdemo-vegalta%2Fcampaigns%2F5db68e1d1f955%2Fentry%2Ftwitter%3Fitem%3D5db68fe969def
Stack Trace:
#0 /var/www/faro-campaign/app/Plugin/Ique/Lib/IqueTwitter.php(143): Codebird\Codebird->oauth_authenticate()
#1 /var/www/faro-campaign/app/Controller/OauthController.php(68): IqueTwitter->getLoginUrl(Array)
#2 [internal function]: OauthController->twitterLogin()
#3 /var/www/faro-campaign/vendor/pear-pear.cakephp.org/CakePHP/Cake/Controller/Controller.php(490): ReflectionMethod->invokeArgs(Object(OauthController), Array)
#4 /var/www/faro-campaign/vendor/pear-pear.cakephp.org/CakePHP/Cake/Routing/Dispatcher.php(185): Controller->invokeAction(Object(CakeRequest))
#5 /var/www/faro-campaign/vendor/pear-pear.cakephp.org/CakePHP/Cake/Routing/Dispatcher.php(160): Dispatcher->_invoke(Object(OauthController), Object(CakeRequest), Object(CakeResponse))
#6 /var/www/charmart/webroot/index.php(99): Dispatcher->dispatch(Object(CakeRequest), Object(CakeResponse))
#7 {main}
2019-10-28 16:06:44 Error: [MissingControllerException] Controller class Controller could not be found.
Exception Attributes: array (
  'class' => 'Controller',
  'plugin' => NULL,
)
Request URL: /img/common/ogp.jpg
Stack Trace:
#0 /var/www/charmart/webroot/index.php(99): Dispatcher->dispatch(Object(CakeRequest), Object(CakeResponse))
#1 {main}
2019-10-28 16:15:10 Error: [MissingControllerException] Controller class Controller could not be found.
Exception Attributes: array (
  'class' => 'Controller',
  'plugin' => NULL,
)
Request URL: /campaign/static/faq/button.56d4a00aea1af069615f067f4e79aaba.js
Stack Trace:
#0 /var/www/charmart/webroot/index.php(99): Dispatcher->dispatch(Object(CakeRequest), Object(CakeResponse))
#1 {main}
2019-10-28 16:15:14 Error: [MissingControllerException] Controller class Controller could not be found.
Exception Attributes: array (
  'class' => 'Controller',
  'plugin' => NULL,
)
Request URL: /campaign/static/faq/button.56d4a00aea1af069615f067f4e79aaba.js
Stack Trace:
#0 /var/www/charmart/webroot/index.php(99): Dispatcher->dispatch(Object(CakeRequest), Object(CakeResponse))
#1 {main}
2019-10-28 17:17:08 Error: [MissingControllerException] Controller class Controller could not be found.
Exception Attributes: array (
  'class' => 'Controller',
  'plugin' => NULL,
)
Request URL: /sitemap.xml
Stack Trace:
#0 /var/www/charmart/webroot/index.php(99): Dispatcher->dispatch(Object(CakeRequest), Object(CakeResponse))
#1 {main}
2019-10-28 17:17:08 Error: [MissingControllerException] Controller class Controller could not be found.
Exception Attributes: array (
  'class' => 'Controller',
  'plugin' => NULL,
)
Request URL: /.well-known/security.txt
Stack Trace:
#0 /var/www/charmart/webroot/index.php(99): Dispatcher->dispatch(Object(CakeRequest), Object(CakeResponse))
#1 {main}
2019-10-28 23:32:41 Error: [MissingControllerException] Controller class Controller could not be found.
Exception Attributes: array (
  'class' => 'Controller',
  'plugin' => NULL,
)
Request URL: /img/common/ogp.jpg
Stack Trace:
#0 /var/www/charmart/webroot/index.php(99): Dispatcher->dispatch(Object(CakeRequest), Object(CakeResponse))
#1 {main}
2019-10-28 23:32:41 Error: [MissingControllerException] Controller class Controller could not be found.
Exception Attributes: array (
  'class' => 'Controller',
  'plugin' => NULL,
)
Request URL: /img/common/ogp.jpg
Stack Trace:
#0 /var/www/charmart/webroot/index.php(99): Dispatcher->dispatch(Object(CakeRequest), Object(CakeResponse))
#1 {main}
2019-10-28 23:32:42 Error: [MissingControllerException] Controller class Controller could not be found.
Exception Attributes: array (
  'class' => 'Controller',
  'plugin' => NULL,
)
Request URL: /img/common/ogp.jpg
Stack Trace:
#0 /var/www/charmart/webroot/index.php(99): Dispatcher->dispatch(Object(CakeRequest), Object(CakeResponse))
#1 {main}
2019-10-28 23:32:42 Error: [MissingControllerException] Controller class Controller could not be found.
Exception Attributes: array (
  'class' => 'Controller',
  'plugin' => NULL,
)
Request URL: /img/common/ogp.jpg
Stack Trace:
#0 /var/www/charmart/webroot/index.php(99): Dispatcher->dispatch(Object(CakeRequest), Object(CakeResponse))
#1 {main}
2019-10-28 23:32:42 Error: [MissingControllerException] Controller class Controller could not be found.
Exception Attributes: array (
  'class' => 'Controller',
  'plugin' => NULL,
)
Request URL: /img/common/ogp.jpg
Stack Trace:
#0 /var/www/charmart/webroot/index.php(99): Dispatcher->dispatch(Object(CakeRequest), Object(CakeResponse))
#1 {main}
2019-10-28 23:32:43 Error: [MissingControllerException] Controller class Controller could not be found.
Exception Attributes: array (
  'class' => 'Controller',
  'plugin' => NULL,
)
Request URL: /img/common/ogp.jpg
Stack Trace:
#0 /var/www/charmart/webroot/index.php(99): Dispatcher->dispatch(Object(CakeRequest), Object(CakeResponse))
#1 {main}
2019-10-28 23:33:40 Error: [Exception] 
Request URL: /kodama01/campaigns/5db6fbaba2772/uses
Stack Trace:
#0 [internal function]: CampaignViewController->uses('kodama01', '5db6fbaba2772')
#1 /var/www/faro-campaign/vendor/pear-pear.cakephp.org/CakePHP/Cake/Controller/Controller.php(490): ReflectionMethod->invokeArgs(Object(CampaignViewController), Array)
#2 /var/www/faro-campaign/vendor/pear-pear.cakephp.org/CakePHP/Cake/Routing/Dispatcher.php(185): Controller->invokeAction(Object(CakeRequest))
#3 /var/www/faro-campaign/vendor/pear-pear.cakephp.org/CakePHP/Cake/Routing/Dispatcher.php(160): Dispatcher->_invoke(Object(CampaignViewController), Object(CakeRequest), Object(CakeResponse))
#4 /var/www/charmart/webroot/index.php(99): Dispatcher->dispatch(Object(CakeRequest), Object(CakeResponse))
#5 {main}
2019-10-28 23:33:52 Error: [Exception] 
Request URL: /kodama01/campaigns/5db6fbaba2772/uses
Stack Trace:
#0 [internal function]: CampaignViewController->uses('kodama01', '5db6fbaba2772')
#1 /var/www/faro-campaign/vendor/pear-pear.cakephp.org/CakePHP/Cake/Controller/Controller.php(490): ReflectionMethod->invokeArgs(Object(CampaignViewController), Array)
#2 /var/www/faro-campaign/vendor/pear-pear.cakephp.org/CakePHP/Cake/Routing/Dispatcher.php(185): Controller->invokeAction(Object(CakeRequest))
#3 /var/www/faro-campaign/vendor/pear-pear.cakephp.org/CakePHP/Cake/Routing/Dispatcher.php(160): Dispatcher->_invoke(Object(CampaignViewController), Object(CakeRequest), Object(CakeResponse))
#4 /var/www/charmart/webroot/index.php(99): Dispatcher->dispatch(Object(CakeRequest), Object(CakeResponse))
#5 {main}
2019-10-28 23:58:13 Error: [Exception] Invalid indentation found. Got 2, but expected 1.
Request URL: /admin/kodama01/campaigns/5db6fd1ed1b35/edit/page-entry
Stack Trace:
#0 /var/www/faro-campaign/vendor/dz0ny/jade.php/src/Jade/Lexer.php(130): Jade\Lexer->scanIndentation()
#1 /var/www/faro-campaign/vendor/dz0ny/jade.php/src/Jade/Lexer.php(65): Jade\Lexer->getNextToken()
#2 /var/www/faro-campaign/vendor/dz0ny/jade.php/src/Jade/Parser.php(44): Jade\Lexer->predictToken()
#3 /var/www/faro-campaign/vendor/dz0ny/jade.php/src/Jade/Parser.php(132): Jade\Parser->acceptTokenType('attributes')
#4 /var/www/faro-campaign/vendor/dz0ny/jade.php/src/Jade/Parser.php(58): Jade\Parser->parseFilter()
#5 /var/www/faro-campaign/vendor/dz0ny/jade.php/src/Jade/Parser.php(172): Jade\Parser->parseExpression()
#6 /var/www/faro-campaign/vendor/dz0ny/jade.php/src/Jade/Parser.php(228): Jade\Parser->parseBlock()
#7 /var/www/faro-campaign/vendor/dz0ny/jade.php/src/Jade/Parser.php(54): Jade\Parser->parseTag()
#8 /var/www/faro-campaign/vendor/dz0ny/jade.php/src/Jade/Parser.php(28): Jade\Parser->parseExpression()
#9 /var/www/faro-campaign/vendor/dz0ny/jade.php/src/Jade/Jade.php(22): Jade\Parser->parse('/var/www/charma...')
#10 /var/www/faro-campaign/app/Plugin/Ique/View/IqueJadeView.php(23): Jade\Jade->render('/var/www/charma...')
#11 /var/www/faro-campaign/app/Plugin/Ique/View/IqueJadeView.php(35): IqueJadeView->_renderJade('/var/www/charma...')
#12 /var/www/faro-campaign/app/Plugin/Ique/View/IqueJadeView.php(59): IqueJadeView->_createRenderedView('/var/www/charma...')
#13 /var/www/faro-campaign/vendor/pear-pear.cakephp.org/CakePHP/Cake/View/View.php(891): IqueJadeView->_evaluate('/var/www/charma...', Array)
#14 /var/www/faro-campaign/vendor/pear-pear.cakephp.org/CakePHP/Cake/View/View.php(460): View->_render('/var/www/charma...')
#15 /var/www/faro-campaign/app/View/SorapsView.php(28): View->render('admin_edit_page...', NULL)
#16 /var/www/faro-campaign/vendor/pear-pear.cakephp.org/CakePHP/Cake/Controller/Controller.php(952): SorapsView->render(NULL, NULL)
#17 /var/www/faro-campaign/vendor/pear-pear.cakephp.org/CakePHP/Cake/Routing/Dispatcher.php(192): Controller->render()
#18 /var/www/faro-campaign/vendor/pear-pear.cakephp.org/CakePHP/Cake/Routing/Dispatcher.php(160): Dispatcher->_invoke(Object(CampaignsController), Object(CakeRequest), Object(CakeResponse))
#19 /var/www/charmart/webroot/index.php(99): Dispatcher->dispatch(Object(CakeRequest), Object(CakeResponse))
#20 {main}
