2019-10-28 23:31:54 Notice: Notice (8): Undefined variable: entried in [/var/www/charmart/app/View/Elements/campaigns/btn-coupon.ctp, line 5]
Trace:
include - APP/View/Elements/campaigns/btn-coupon.ctp, line 5
View::_evaluate() - /var/www/faro-campaign/vendor/pear-pear.cakephp.org/CakePHP/Cake/View/View.php, line 929
IqueJadeView::_evaluate() - /var/www/faro-campaign/app/Plugin/Ique/View/IqueJadeView.php, line 56
View::_render() - /var/www/faro-campaign/vendor/pear-pear.cakephp.org/CakePHP/Cake/View/View.php, line 891
View::_renderElement() - /var/www/faro-campaign/vendor/pear-pear.cakephp.org/CakePHP/Cake/View/View.php, line 1189
View::element() - /var/www/faro-campaign/vendor/pear-pear.cakephp.org/CakePHP/Cake/View/View.php, line 406
include - APP/tmp/cache/views/jade_5db6fbda4ff43.ctp, line 20
View::_evaluate() - /var/www/faro-campaign/vendor/pear-pear.cakephp.org/CakePHP/Cake/View/View.php, line 929
IqueJadeView::_evaluate() - /var/www/faro-campaign/app/Plugin/Ique/View/IqueJadeView.php, line 60
View::_render() - /var/www/faro-campaign/vendor/pear-pear.cakephp.org/CakePHP/Cake/View/View.php, line 891
View::_renderElement() - /var/www/faro-campaign/vendor/pear-pear.cakephp.org/CakePHP/Cake/View/View.php, line 1189
View::element() - /var/www/faro-campaign/vendor/pear-pear.cakephp.org/CakePHP/Cake/View/View.php, line 406
include - APP/tmp/cache/views/jade_5db6fbda4b05a.ctp, line 6
View::_evaluate() - /var/www/faro-campaign/vendor/pear-pear.cakephp.org/CakePHP/Cake/View/View.php, line 929
IqueJadeView::_evaluate() - /var/www/faro-campaign/app/Plugin/Ique/View/IqueJadeView.php, line 60
View::_render() - /var/www/faro-campaign/vendor/pear-pear.cakephp.org/CakePHP/Cake/View/View.php, line 891
View::render() - /var/www/faro-campaign/vendor/pear-pear.cakephp.org/CakePHP/Cake/View/View.php, line 460
SorapsView::renderPreview() - /var/www/faro-campaign/app/View/SorapsView.php, line 52
include - APP/tmp/cache/views/jade_5db6fbda4a52d.ctp, line 20
View::_evaluate() - /var/www/faro-campaign/vendor/pear-pear.cakephp.org/CakePHP/Cake/View/View.php, line 929
IqueJadeView::_evaluate() - /var/www/faro-campaign/app/Plugin/Ique/View/IqueJadeView.php, line 60
View::_render() - /var/www/faro-campaign/vendor/pear-pear.cakephp.org/CakePHP/Cake/View/View.php, line 891
View::_render() - /var/www/faro-campaign/vendor/pear-pear.cakephp.org/CakePHP/Cake/View/View.php, line 903
View::render() - /var/www/faro-campaign/vendor/pear-pear.cakephp.org/CakePHP/Cake/View/View.php, line 460
SorapsView::render() - /var/www/faro-campaign/app/View/SorapsView.php, line 28
Controller::render() - /var/www/faro-campaign/vendor/pear-pear.cakephp.org/CakePHP/Cake/Controller/Controller.php, line 952
Dispatcher::_invoke() - /var/www/faro-campaign/vendor/pear-pear.cakephp.org/CakePHP/Cake/Routing/Dispatcher.php, line 192
Dispatcher::dispatch() - /var/www/faro-campaign/vendor/pear-pear.cakephp.org/CakePHP/Cake/Routing/Dispatcher.php, line 160
[main] - ROOT/webroot/index.php, line 99

2019-10-28 23:31:54 Notice: Notice (8): Undefined variable: entried in [/var/www/charmart/app/View/Elements/campaigns/btn-coupon.ctp, line 5]
Trace:
include - APP/View/Elements/campaigns/btn-coupon.ctp, line 5
View::_evaluate() - /var/www/faro-campaign/vendor/pear-pear.cakephp.org/CakePHP/Cake/View/View.php, line 929
IqueJadeView::_evaluate() - /var/www/faro-campaign/app/Plugin/Ique/View/IqueJadeView.php, line 56
View::_render() - /var/www/faro-campaign/vendor/pear-pear.cakephp.org/CakePHP/Cake/View/View.php, line 891
View::_renderElement() - /var/www/faro-campaign/vendor/pear-pear.cakephp.org/CakePHP/Cake/View/View.php, line 1189
View::element() - /var/www/faro-campaign/vendor/pear-pear.cakephp.org/CakePHP/Cake/View/View.php, line 406
include - APP/tmp/cache/views/jade_5db6fbda5d610.ctp, line 20
View::_evaluate() - /var/www/faro-campaign/vendor/pear-pear.cakephp.org/CakePHP/Cake/View/View.php, line 929
IqueJadeView::_evaluate() - /var/www/faro-campaign/app/Plugin/Ique/View/IqueJadeView.php, line 60
View::_render() - /var/www/faro-campaign/vendor/pear-pear.cakephp.org/CakePHP/Cake/View/View.php, line 891
View::_renderElement() - /var/www/faro-campaign/vendor/pear-pear.cakephp.org/CakePHP/Cake/View/View.php, line 1189
View::element() - /var/www/faro-campaign/vendor/pear-pear.cakephp.org/CakePHP/Cake/View/View.php, line 406
include - APP/tmp/cache/views/jade_5db6fbda585e8.ctp, line 6
View::_evaluate() - /var/www/faro-campaign/vendor/pear-pear.cakephp.org/CakePHP/Cake/View/View.php, line 929
IqueJadeView::_evaluate() - /var/www/faro-campaign/app/Plugin/Ique/View/IqueJadeView.php, line 60
View::_render() - /var/www/faro-campaign/vendor/pear-pear.cakephp.org/CakePHP/Cake/View/View.php, line 891
View::render() - /var/www/faro-campaign/vendor/pear-pear.cakephp.org/CakePHP/Cake/View/View.php, line 460
SorapsView::renderPreview() - /var/www/faro-campaign/app/View/SorapsView.php, line 52
include - APP/tmp/cache/views/jade_5db6fbda4a52d.ctp, line 25
View::_evaluate() - /var/www/faro-campaign/vendor/pear-pear.cakephp.org/CakePHP/Cake/View/View.php, line 929
IqueJadeView::_evaluate() - /var/www/faro-campaign/app/Plugin/Ique/View/IqueJadeView.php, line 60
View::_render() - /var/www/faro-campaign/vendor/pear-pear.cakephp.org/CakePHP/Cake/View/View.php, line 891
View::_render() - /var/www/faro-campaign/vendor/pear-pear.cakephp.org/CakePHP/Cake/View/View.php, line 903
View::render() - /var/www/faro-campaign/vendor/pear-pear.cakephp.org/CakePHP/Cake/View/View.php, line 460
SorapsView::render() - /var/www/faro-campaign/app/View/SorapsView.php, line 28
Controller::render() - /var/www/faro-campaign/vendor/pear-pear.cakephp.org/CakePHP/Cake/Controller/Controller.php, line 952
Dispatcher::_invoke() - /var/www/faro-campaign/vendor/pear-pear.cakephp.org/CakePHP/Cake/Routing/Dispatcher.php, line 192
Dispatcher::dispatch() - /var/www/faro-campaign/vendor/pear-pear.cakephp.org/CakePHP/Cake/Routing/Dispatcher.php, line 160
[main] - ROOT/webroot/index.php, line 99

