2019-10-11 03:21:42 Error: [MissingControllerException] Controller class Controller could not be found.
Exception Attributes: array (
  'class' => 'Controller',
  'plugin' => NULL,
)
Request URL: //a2billing/customer/templates/default/footer.tpl
Stack Trace:
#0 /var/www/charmart/webroot/index.php(99): Dispatcher->dispatch(Object(CakeRequest), Object(CakeResponse))
#1 {main}
2019-10-11 03:35:49 Error: [MissingControllerException] Controller class Controller could not be found.
Exception Attributes: array (
  'class' => 'Controller',
  'plugin' => NULL,
)
Request URL: /get_webdavInfo.asp
Stack Trace:
#0 /var/www/charmart/webroot/index.php(99): Dispatcher->dispatch(Object(CakeRequest), Object(CakeResponse))
#1 {main}
2019-10-11 04:49:56 Error: [MissingControllerException] Controller class Controller could not be found.
Exception Attributes: array (
  'class' => 'Controller',
  'plugin' => NULL,
)
Request URL: //a2billing/customer/templates/default/footer.tpl
Stack Trace:
#0 /var/www/charmart/webroot/index.php(99): Dispatcher->dispatch(Object(CakeRequest), Object(CakeResponse))
#1 {main}
2019-10-11 05:35:25 Error: [MissingControllerException] Controller class Controller could not be found.
Exception Attributes: array (
  'class' => 'Controller',
  'plugin' => NULL,
)
Request URL: /ws/stats
Stack Trace:
#0 /var/www/charmart/webroot/index.php(99): Dispatcher->dispatch(Object(CakeRequest), Object(CakeResponse))
#1 {main}
2019-10-11 08:03:56 Error: [MissingControllerException] Controller class Controller could not be found.
Exception Attributes: array (
  'class' => 'Controller',
  'plugin' => NULL,
)
Request URL: /HNAP1/
Stack Trace:
#0 /var/www/charmart/webroot/index.php(99): Dispatcher->dispatch(Object(CakeRequest), Object(CakeResponse))
#1 {main}
2019-10-11 11:23:50 Error: [MissingControllerException] Controller class Controller could not be found.
Exception Attributes: array (
  'class' => 'Controller',
  'plugin' => NULL,
)
Request URL: //a2billing/customer/templates/default/footer.tpl
Stack Trace:
#0 /var/www/charmart/webroot/index.php(99): Dispatcher->dispatch(Object(CakeRequest), Object(CakeResponse))
#1 {main}
2019-10-11 14:12:15 Error: [MissingControllerException] Controller class Controller could not be found.
Exception Attributes: array (
  'class' => 'Controller',
  'plugin' => NULL,
)
Request URL: /campaign/staging/static/faq/button.56d4a00aea1af069615f067f4e79aaba.js
Stack Trace:
#0 /var/www/charmart/webroot/index.php(99): Dispatcher->dispatch(Object(CakeRequest), Object(CakeResponse))
#1 {main}
2019-10-11 14:12:16 Error: [MissingControllerException] Controller class Controller could not be found.
Exception Attributes: array (
  'class' => 'Controller',
  'plugin' => NULL,
)
Request URL: /campaign/staging/static/faq/button.56d4a00aea1af069615f067f4e79aaba.js
Stack Trace:
#0 /var/www/charmart/webroot/index.php(99): Dispatcher->dispatch(Object(CakeRequest), Object(CakeResponse))
#1 {main}
2019-10-11 14:16:04 Error: [MissingControllerException] Controller class Controller could not be found.
Exception Attributes: array (
  'class' => 'Controller',
  'plugin' => NULL,
)
Request URL: /campaign/staging/images/menu-icon.png
Stack Trace:
#0 /var/www/charmart/webroot/index.php(99): Dispatcher->dispatch(Object(CakeRequest), Object(CakeResponse))
#1 {main}
2019-10-11 14:16:51 Error: [MissingControllerException] Controller class Controller could not be found.
Exception Attributes: array (
  'class' => 'Controller',
  'plugin' => NULL,
)
Request URL: /campaign/staging/static/faq/button.56d4a00aea1af069615f067f4e79aaba.js
Stack Trace:
#0 /var/www/charmart/webroot/index.php(99): Dispatcher->dispatch(Object(CakeRequest), Object(CakeResponse))
#1 {main}
2019-10-11 14:16:52 Error: [MissingControllerException] Controller class Controller could not be found.
Exception Attributes: array (
  'class' => 'Controller',
  'plugin' => NULL,
)
Request URL: /campaign/staging/images/menu-icon.png
Stack Trace:
#0 /var/www/charmart/webroot/index.php(99): Dispatcher->dispatch(Object(CakeRequest), Object(CakeResponse))
#1 {main}
2019-10-11 15:45:11 Error: [MissingControllerException] Controller class Controller could not be found.
Exception Attributes: array (
  'class' => 'Controller',
  'plugin' => NULL,
)
Request URL: /campaign/staging/static/media/vendor.min.css.map
Stack Trace:
#0 /var/www/charmart/webroot/index.php(99): Dispatcher->dispatch(Object(CakeRequest), Object(CakeResponse))
#1 {main}
2019-10-11 15:45:11 Error: [MissingControllerException] Controller class Controller could not be found.
Exception Attributes: array (
  'class' => 'Controller',
  'plugin' => NULL,
)
Request URL: /campaign/staging/static/custom.css.map
Stack Trace:
#0 /var/www/charmart/webroot/index.php(99): Dispatcher->dispatch(Object(CakeRequest), Object(CakeResponse))
#1 {main}
2019-10-11 15:45:17 Error: [MissingControllerException] Controller class Controller could not be found.
Exception Attributes: array (
  'class' => 'Controller',
  'plugin' => NULL,
)
Request URL: /campaign/staging/images/menu-icon.png
Stack Trace:
#0 /var/www/charmart/webroot/index.php(99): Dispatcher->dispatch(Object(CakeRequest), Object(CakeResponse))
#1 {main}
2019-10-11 15:46:44 Error: [MissingControllerException] Controller class Controller could not be found.
Exception Attributes: array (
  'class' => 'Controller',
  'plugin' => NULL,
)
Request URL: /campaign/staging/static/faq/button.56d4a00aea1af069615f067f4e79aaba.js
Stack Trace:
#0 /var/www/charmart/webroot/index.php(99): Dispatcher->dispatch(Object(CakeRequest), Object(CakeResponse))
#1 {main}
2019-10-11 15:49:46 Error: [MissingControllerException] Controller class Controller could not be found.
Exception Attributes: array (
  'class' => 'Controller',
  'plugin' => NULL,
)
Request URL: /api/v1/pod
Stack Trace:
#0 /var/www/charmart/webroot/index.php(99): Dispatcher->dispatch(Object(CakeRequest), Object(CakeResponse))
#1 {main}
2019-10-11 17:36:05 Error: [MissingControllerException] Controller class Controller could not be found.
Exception Attributes: array (
  'class' => 'Controller',
  'plugin' => NULL,
)
Request URL: /campaign/images/menu-icon.png
Stack Trace:
#0 /var/www/charmart/webroot/index.php(99): Dispatcher->dispatch(Object(CakeRequest), Object(CakeResponse))
#1 {main}
2019-10-11 17:36:05 Error: [MissingControllerException] Controller class Controller could not be found.
Exception Attributes: array (
  'class' => 'Controller',
  'plugin' => NULL,
)
Request URL: /campaign/static/media/vendor.min.css.map
Stack Trace:
#0 /var/www/charmart/webroot/index.php(99): Dispatcher->dispatch(Object(CakeRequest), Object(CakeResponse))
#1 {main}
2019-10-11 17:36:05 Error: [MissingControllerException] Controller class Controller could not be found.
Exception Attributes: array (
  'class' => 'Controller',
  'plugin' => NULL,
)
Request URL: /campaign/static/custom.css.map
Stack Trace:
#0 /var/www/charmart/webroot/index.php(99): Dispatcher->dispatch(Object(CakeRequest), Object(CakeResponse))
#1 {main}
2019-10-11 18:08:41 Error: [MissingControllerException] Controller class Controller could not be found.
Exception Attributes: array (
  'class' => 'Controller',
  'plugin' => NULL,
)
Request URL: /campaign/static/media/vendor.min.css.map
Stack Trace:
#0 /var/www/charmart/webroot/index.php(99): Dispatcher->dispatch(Object(CakeRequest), Object(CakeResponse))
#1 {main}
2019-10-11 18:08:41 Error: [MissingControllerException] Controller class Controller could not be found.
Exception Attributes: array (
  'class' => 'Controller',
  'plugin' => NULL,
)
Request URL: /campaign/static/custom.css.map
Stack Trace:
#0 /var/www/charmart/webroot/index.php(99): Dispatcher->dispatch(Object(CakeRequest), Object(CakeResponse))
#1 {main}
2019-10-11 18:09:20 Error: [MissingControllerException] Controller class Controller could not be found.
Exception Attributes: array (
  'class' => 'Controller',
  'plugin' => NULL,
)
Request URL: /campaign/static/custom.css.map
Stack Trace:
#0 /var/www/charmart/webroot/index.php(99): Dispatcher->dispatch(Object(CakeRequest), Object(CakeResponse))
#1 {main}
2019-10-11 18:09:20 Error: [MissingControllerException] Controller class Controller could not be found.
Exception Attributes: array (
  'class' => 'Controller',
  'plugin' => NULL,
)
Request URL: /campaign/static/media/vendor.min.css.map
Stack Trace:
#0 /var/www/charmart/webroot/index.php(99): Dispatcher->dispatch(Object(CakeRequest), Object(CakeResponse))
#1 {main}
2019-10-11 19:05:04 Error: [MissingControllerException] Controller class Controller could not be found.
Exception Attributes: array (
  'class' => 'Controller',
  'plugin' => NULL,
)
Request URL: /api/v1/pod
Stack Trace:
#0 /var/www/charmart/webroot/index.php(99): Dispatcher->dispatch(Object(CakeRequest), Object(CakeResponse))
#1 {main}
2019-10-11 20:43:25 Error: [MissingControllerException] Controller class Controller could not be found.
Exception Attributes: array (
  'class' => 'Controller',
  'plugin' => NULL,
)
Request URL: /campaign/static/media/vendor.min.css.map
Stack Trace:
#0 /var/www/charmart/webroot/index.php(99): Dispatcher->dispatch(Object(CakeRequest), Object(CakeResponse))
#1 {main}
2019-10-11 20:43:25 Error: [MissingControllerException] Controller class Controller could not be found.
Exception Attributes: array (
  'class' => 'Controller',
  'plugin' => NULL,
)
Request URL: /campaign/static/custom.css.map
Stack Trace:
#0 /var/www/charmart/webroot/index.php(99): Dispatcher->dispatch(Object(CakeRequest), Object(CakeResponse))
#1 {main}
2019-10-11 20:46:00 Error: [MissingControllerException] Controller class Controller could not be found.
Exception Attributes: array (
  'class' => 'Controller',
  'plugin' => NULL,
)
Request URL: /campaign/static/media/vendor.min.css.map
Stack Trace:
#0 /var/www/charmart/webroot/index.php(99): Dispatcher->dispatch(Object(CakeRequest), Object(CakeResponse))
#1 {main}
2019-10-11 20:46:00 Error: [MissingControllerException] Controller class Controller could not be found.
Exception Attributes: array (
  'class' => 'Controller',
  'plugin' => NULL,
)
Request URL: /campaign/static/custom.css.map
Stack Trace:
#0 /var/www/charmart/webroot/index.php(99): Dispatcher->dispatch(Object(CakeRequest), Object(CakeResponse))
#1 {main}
2019-10-11 20:46:13 Error: [MissingControllerException] Controller class Controller could not be found.
Exception Attributes: array (
  'class' => 'Controller',
  'plugin' => NULL,
)
Request URL: /campaign/static/media/vendor.min.css.map
Stack Trace:
#0 /var/www/charmart/webroot/index.php(99): Dispatcher->dispatch(Object(CakeRequest), Object(CakeResponse))
#1 {main}
2019-10-11 20:46:13 Error: [MissingControllerException] Controller class Controller could not be found.
Exception Attributes: array (
  'class' => 'Controller',
  'plugin' => NULL,
)
Request URL: /campaign/static/custom.css.map
Stack Trace:
#0 /var/www/charmart/webroot/index.php(99): Dispatcher->dispatch(Object(CakeRequest), Object(CakeResponse))
#1 {main}
2019-10-11 20:57:36 Error: [MissingControllerException] Controller class Controller could not be found.
Exception Attributes: array (
  'class' => 'Controller',
  'plugin' => NULL,
)
Request URL: /campaign/static/faq/button.56d4a00aea1af069615f067f4e79aaba.js
Stack Trace:
#0 /var/www/charmart/webroot/index.php(99): Dispatcher->dispatch(Object(CakeRequest), Object(CakeResponse))
#1 {main}
2019-10-11 20:57:37 Error: [MissingControllerException] Controller class Controller could not be found.
Exception Attributes: array (
  'class' => 'Controller',
  'plugin' => NULL,
)
Request URL: /campaign/static/faq/button.56d4a00aea1af069615f067f4e79aaba.js
Stack Trace:
#0 /var/www/charmart/webroot/index.php(99): Dispatcher->dispatch(Object(CakeRequest), Object(CakeResponse))
#1 {main}
2019-10-11 23:08:25 Error: [MissingControllerException] Controller class Controller could not be found.
Exception Attributes: array (
  'class' => 'Controller',
  'plugin' => NULL,
)
Request URL: /style.html
Stack Trace:
#0 /var/www/charmart/webroot/index.php(99): Dispatcher->dispatch(Object(CakeRequest), Object(CakeResponse))
#1 {main}
