2019-12-12 01:39:52 Error: [MissingControllerException] Controller class Controller could not be found.
Exception Attributes: array (
  'class' => 'Controller',
  'plugin' => NULL,
)
Request URL: /sitemap.xml
Stack Trace:
#0 /var/www/charmart/webroot/index.php(99): Dispatcher->dispatch(Object(CakeRequest), Object(CakeResponse))
#1 {main}
2019-12-12 01:39:52 Error: [MissingControllerException] Controller class Controller could not be found.
Exception Attributes: array (
  'class' => 'Controller',
  'plugin' => NULL,
)
Request URL: /.well-known/security.txt
Stack Trace:
#0 /var/www/charmart/webroot/index.php(99): Dispatcher->dispatch(Object(CakeRequest), Object(CakeResponse))
#1 {main}
2019-12-12 03:11:36 Error: [MissingControllerException] Controller class Controller could not be found.
Exception Attributes: array (
  'class' => 'Controller',
  'plugin' => NULL,
)
Request URL: /api/v1/pods
Stack Trace:
#0 /var/www/charmart/webroot/index.php(99): Dispatcher->dispatch(Object(CakeRequest), Object(CakeResponse))
#1 {main}
2019-12-12 06:09:28 Error: [MissingControllerException] Controller class Controller could not be found.
Exception Attributes: array (
  'class' => 'Controller',
  'plugin' => NULL,
)
Request URL: /style.html
Stack Trace:
#0 /var/www/charmart/webroot/index.php(99): Dispatcher->dispatch(Object(CakeRequest), Object(CakeResponse))
#1 {main}
2019-12-12 06:09:28 Error: [MissingControllerException] Controller class Controller could not be found.
Exception Attributes: array (
  'class' => 'Controller',
  'plugin' => NULL,
)
Request URL: /_src/sc1059/ayaka001.jpg
Stack Trace:
#0 /var/www/charmart/webroot/index.php(99): Dispatcher->dispatch(Object(CakeRequest), Object(CakeResponse))
#1 {main}
2019-12-12 07:36:03 Error: [MissingControllerException] Controller class Controller could not be found.
Exception Attributes: array (
  'class' => 'Controller',
  'plugin' => NULL,
)
Request URL: /api/v1/pods
Stack Trace:
#0 /var/www/charmart/webroot/index.php(99): Dispatcher->dispatch(Object(CakeRequest), Object(CakeResponse))
#1 {main}
2019-12-12 07:45:56 Error: [MissingControllerException] Controller class Controller could not be found.
Exception Attributes: array (
  'class' => 'Controller',
  'plugin' => NULL,
)
Request URL: /wp-login.php
Stack Trace:
#0 /var/www/charmart/webroot/index.php(99): Dispatcher->dispatch(Object(CakeRequest), Object(CakeResponse))
#1 {main}
2019-12-12 09:54:12 Error: [MissingControllerException] Controller class Controller could not be found.
Exception Attributes: array (
  'class' => 'Controller',
  'plugin' => NULL,
)
Request URL: /latest/dynamic/instance-identity/document
Stack Trace:
#0 /var/www/charmart/webroot/index.php(99): Dispatcher->dispatch(Object(CakeRequest), Object(CakeResponse))
#1 {main}
2019-12-12 09:54:12 Error: [MissingControllerException] Controller class Controller could not be found.
Exception Attributes: array (
  'class' => 'Controller',
  'plugin' => NULL,
)
Request URL: /latest/dynamic/instance-identity/document
Stack Trace:
#0 /var/www/charmart/webroot/index.php(99): Dispatcher->dispatch(Object(CakeRequest), Object(CakeResponse))
#1 {main}
2019-12-12 10:48:30 Error: [MissingControllerException] Controller class Controller could not be found.
Exception Attributes: array (
  'class' => 'Controller',
  'plugin' => NULL,
)
Request URL: /latest/dynamic/instance-identity/document
Stack Trace:
#0 /var/www/charmart/webroot/index.php(99): Dispatcher->dispatch(Object(CakeRequest), Object(CakeResponse))
#1 {main}
2019-12-12 10:48:31 Error: [MissingControllerException] Controller class Controller could not be found.
Exception Attributes: array (
  'class' => 'Controller',
  'plugin' => NULL,
)
Request URL: /latest/dynamic/instance-identity/document
Stack Trace:
#0 /var/www/charmart/webroot/index.php(99): Dispatcher->dispatch(Object(CakeRequest), Object(CakeResponse))
#1 {main}
2019-12-12 11:46:16 Error: [MissingControllerException] Controller class Controller could not be found.
Exception Attributes: array (
  'class' => 'Controller',
  'plugin' => NULL,
)
Request URL: /campaign/images/menu-icon.png
Stack Trace:
#0 /var/www/charmart/webroot/index.php(99): Dispatcher->dispatch(Object(CakeRequest), Object(CakeResponse))
#1 {main}
2019-12-12 11:49:33 Error: [MissingControllerException] Controller class Controller could not be found.
Exception Attributes: array (
  'class' => 'Controller',
  'plugin' => NULL,
)
Request URL: /campaign/images/menu-icon.png
Stack Trace:
#0 /var/www/charmart/webroot/index.php(99): Dispatcher->dispatch(Object(CakeRequest), Object(CakeResponse))
#1 {main}
2019-12-12 11:53:50 Error: [MissingControllerException] Controller class Controller could not be found.
Exception Attributes: array (
  'class' => 'Controller',
  'plugin' => NULL,
)
Request URL: /campaign/images/menu-icon.png
Stack Trace:
#0 /var/www/charmart/webroot/index.php(99): Dispatcher->dispatch(Object(CakeRequest), Object(CakeResponse))
#1 {main}
2019-12-12 11:54:09 Error: [MissingControllerException] Controller class Controller could not be found.
Exception Attributes: array (
  'class' => 'Controller',
  'plugin' => NULL,
)
Request URL: /campaign/images/menu-icon.png
Stack Trace:
#0 /var/www/charmart/webroot/index.php(99): Dispatcher->dispatch(Object(CakeRequest), Object(CakeResponse))
#1 {main}
2019-12-12 12:14:33 Error: [MissingControllerException] Controller class Controller could not be found.
Exception Attributes: array (
  'class' => 'Controller',
  'plugin' => NULL,
)
Request URL: /campaign/images/menu-icon.png
Stack Trace:
#0 /var/www/charmart/webroot/index.php(99): Dispatcher->dispatch(Object(CakeRequest), Object(CakeResponse))
#1 {main}
2019-12-12 13:05:42 Error: [MissingControllerException] Controller class Controller could not be found.
Exception Attributes: array (
  'class' => 'Controller',
  'plugin' => NULL,
)
Request URL: /gallery.html
Stack Trace:
#0 /var/www/charmart/webroot/index.php(99): Dispatcher->dispatch(Object(CakeRequest), Object(CakeResponse))
#1 {main}
2019-12-12 13:23:02 Error: [MissingControllerException] Controller class Controller could not be found.
Exception Attributes: array (
  'class' => 'Controller',
  'plugin' => NULL,
)
Request URL: /campaign/static/faq/button.56d4a00aea1af069615f067f4e79aaba.js
Stack Trace:
#0 /var/www/charmart/webroot/index.php(99): Dispatcher->dispatch(Object(CakeRequest), Object(CakeResponse))
#1 {main}
2019-12-12 13:23:04 Error: [MissingControllerException] Controller class Controller could not be found.
Exception Attributes: array (
  'class' => 'Controller',
  'plugin' => NULL,
)
Request URL: /campaign/static/faq/button.56d4a00aea1af069615f067f4e79aaba.js
Stack Trace:
#0 /var/www/charmart/webroot/index.php(99): Dispatcher->dispatch(Object(CakeRequest), Object(CakeResponse))
#1 {main}
2019-12-12 15:01:43 Error: [MissingControllerException] Controller class Controller could not be found.
Exception Attributes: array (
  'class' => 'Controller',
  'plugin' => NULL,
)
Request URL: /campaign/static/faq/button.56d4a00aea1af069615f067f4e79aaba.js
Stack Trace:
#0 /var/www/charmart/webroot/index.php(99): Dispatcher->dispatch(Object(CakeRequest), Object(CakeResponse))
#1 {main}
2019-12-12 15:01:44 Error: [MissingControllerException] Controller class Controller could not be found.
Exception Attributes: array (
  'class' => 'Controller',
  'plugin' => NULL,
)
Request URL: /campaign/static/faq/button.56d4a00aea1af069615f067f4e79aaba.js
Stack Trace:
#0 /var/www/charmart/webroot/index.php(99): Dispatcher->dispatch(Object(CakeRequest), Object(CakeResponse))
#1 {main}
2019-12-12 15:09:22 Error: [MissingControllerException] Controller class Controller could not be found.
Exception Attributes: array (
  'class' => 'Controller',
  'plugin' => NULL,
)
Request URL: /campaign/static/faq/button.56d4a00aea1af069615f067f4e79aaba.js
Stack Trace:
#0 /var/www/charmart/webroot/index.php(99): Dispatcher->dispatch(Object(CakeRequest), Object(CakeResponse))
#1 {main}
2019-12-12 15:09:23 Error: [MissingControllerException] Controller class Controller could not be found.
Exception Attributes: array (
  'class' => 'Controller',
  'plugin' => NULL,
)
Request URL: /campaign/static/faq/button.56d4a00aea1af069615f067f4e79aaba.js
Stack Trace:
#0 /var/www/charmart/webroot/index.php(99): Dispatcher->dispatch(Object(CakeRequest), Object(CakeResponse))
#1 {main}
2019-12-12 15:12:33 Error: [MissingControllerException] Controller class Controller could not be found.
Exception Attributes: array (
  'class' => 'Controller',
  'plugin' => NULL,
)
Request URL: /campaign/static/faq/button.56d4a00aea1af069615f067f4e79aaba.js
Stack Trace:
#0 /var/www/charmart/webroot/index.php(99): Dispatcher->dispatch(Object(CakeRequest), Object(CakeResponse))
#1 {main}
2019-12-12 15:18:07 Error: [MissingControllerException] Controller class Controller could not be found.
Exception Attributes: array (
  'class' => 'Controller',
  'plugin' => NULL,
)
Request URL: /campaign/images/menu-icon.png
Stack Trace:
#0 /var/www/charmart/webroot/index.php(99): Dispatcher->dispatch(Object(CakeRequest), Object(CakeResponse))
#1 {main}
2019-12-12 15:18:14 Error: [MissingControllerException] Controller class Controller could not be found.
Exception Attributes: array (
  'class' => 'Controller',
  'plugin' => NULL,
)
Request URL: /campaign/images/menu-icon.png
Stack Trace:
#0 /var/www/charmart/webroot/index.php(99): Dispatcher->dispatch(Object(CakeRequest), Object(CakeResponse))
#1 {main}
2019-12-12 16:19:15 Error: [MissingControllerException] Controller class Controller could not be found.
Exception Attributes: array (
  'class' => 'Controller',
  'plugin' => NULL,
)
Request URL: /campaign/index.html%E3%81%A7%E3%81%A7%E3%81%8D%E3%82%8B%E3%81%8B%E3%81%A9%E3%81%86%E3%81%8B%E3%81%AF%E4%BB%8A%E3%81%8B%E3%82%89%E7%A2%BA%E8%AA%8D%E3%81%A7%E3%81%99%E3%80%82
Stack Trace:
#0 /var/www/charmart/webroot/index.php(99): Dispatcher->dispatch(Object(CakeRequest), Object(CakeResponse))
#1 {main}
2019-12-12 16:19:24 Error: [MissingControllerException] Controller class Controller could not be found.
Exception Attributes: array (
  'class' => 'Controller',
  'plugin' => NULL,
)
Request URL: /campaign/index.html%E3%81%A7%E3%81%A7%E3%81%8D%E3%82%8B%E3%81%8B%E3%81%A9%E3%81%86%E3%81%8B%E3%81%AF%E4%BB%8A%E3%81%8B%E3%82%89%E7%A2%BA%E8%AA%8D%E3%81%A7%E3%81%99%E3%80%82
Stack Trace:
#0 /var/www/charmart/webroot/index.php(99): Dispatcher->dispatch(Object(CakeRequest), Object(CakeResponse))
#1 {main}
2019-12-12 16:27:10 Error: [MissingControllerException] Controller class Controller could not be found.
Exception Attributes: array (
  'class' => 'Controller',
  'plugin' => NULL,
)
Request URL: /campaign/static/faq/button.56d4a00aea1af069615f067f4e79aaba.js
Stack Trace:
#0 /var/www/charmart/webroot/index.php(99): Dispatcher->dispatch(Object(CakeRequest), Object(CakeResponse))
#1 {main}
2019-12-12 16:27:11 Error: [MissingControllerException] Controller class Controller could not be found.
Exception Attributes: array (
  'class' => 'Controller',
  'plugin' => NULL,
)
Request URL: /campaign/static/faq/button.56d4a00aea1af069615f067f4e79aaba.js
Stack Trace:
#0 /var/www/charmart/webroot/index.php(99): Dispatcher->dispatch(Object(CakeRequest), Object(CakeResponse))
#1 {main}
2019-12-12 16:28:06 Error: [MissingControllerException] Controller class Controller could not be found.
Exception Attributes: array (
  'class' => 'Controller',
  'plugin' => NULL,
)
Request URL: /img/common/ogp.jpg
Stack Trace:
#0 /var/www/charmart/webroot/index.php(99): Dispatcher->dispatch(Object(CakeRequest), Object(CakeResponse))
#1 {main}
2019-12-12 16:28:06 Error: [MissingControllerException] Controller class Controller could not be found.
Exception Attributes: array (
  'class' => 'Controller',
  'plugin' => NULL,
)
Request URL: /img/common/ogp.jpg
Stack Trace:
#0 /var/www/charmart/webroot/index.php(99): Dispatcher->dispatch(Object(CakeRequest), Object(CakeResponse))
#1 {main}
2019-12-12 16:28:06 Error: [MissingControllerException] Controller class Controller could not be found.
Exception Attributes: array (
  'class' => 'Controller',
  'plugin' => NULL,
)
Request URL: /img/common/ogp.jpg
Stack Trace:
#0 /var/www/charmart/webroot/index.php(99): Dispatcher->dispatch(Object(CakeRequest), Object(CakeResponse))
#1 {main}
2019-12-12 16:28:07 Error: [MissingControllerException] Controller class Controller could not be found.
Exception Attributes: array (
  'class' => 'Controller',
  'plugin' => NULL,
)
Request URL: /img/common/ogp.jpg
Stack Trace:
#0 /var/www/charmart/webroot/index.php(99): Dispatcher->dispatch(Object(CakeRequest), Object(CakeResponse))
#1 {main}
2019-12-12 16:28:07 Error: [MissingControllerException] Controller class Controller could not be found.
Exception Attributes: array (
  'class' => 'Controller',
  'plugin' => NULL,
)
Request URL: /img/common/ogp.jpg
Stack Trace:
#0 /var/www/charmart/webroot/index.php(99): Dispatcher->dispatch(Object(CakeRequest), Object(CakeResponse))
#1 {main}
2019-12-12 16:28:07 Error: [MissingControllerException] Controller class Controller could not be found.
Exception Attributes: array (
  'class' => 'Controller',
  'plugin' => NULL,
)
Request URL: /img/common/ogp.jpg
Stack Trace:
#0 /var/www/charmart/webroot/index.php(99): Dispatcher->dispatch(Object(CakeRequest), Object(CakeResponse))
#1 {main}
2019-12-12 16:29:44 Warning: Warning (4096): Argument 1 passed to Hash::filter() must be of the type array, null given, called in /var/www/faro-campaign/app/Controller/CampaignViewController.php on line 678 and defined in [/var/www/charmart/vendor/pear-pear.cakephp.org/CakePHP/Cake/Utility/Hash.php, line 499]
Trace:
Hash::filter() - CORE/Cake/Utility/Hash.php, line 499
CampaignViewController::vote() - /var/www/faro-campaign/app/Controller/CampaignViewController.php, line 678
ReflectionMethod::invokeArgs() - [internal], line ??
Controller::invokeAction() - /var/www/faro-campaign/vendor/pear-pear.cakephp.org/CakePHP/Cake/Controller/Controller.php, line 490
Dispatcher::_invoke() - /var/www/faro-campaign/vendor/pear-pear.cakephp.org/CakePHP/Cake/Routing/Dispatcher.php, line 185
Dispatcher::dispatch() - /var/www/faro-campaign/vendor/pear-pear.cakephp.org/CakePHP/Cake/Routing/Dispatcher.php, line 160
[main] - ROOT/webroot/index.php, line 99

2019-12-12 16:29:44 Warning: Warning (2): Invalid argument supplied for foreach() in [/var/www/charmart/vendor/pear-pear.cakephp.org/CakePHP/Cake/Utility/Hash.php, line 500]
Trace:
Hash::filter() - CORE/Cake/Utility/Hash.php, line 500
CampaignViewController::vote() - /var/www/faro-campaign/app/Controller/CampaignViewController.php, line 678
ReflectionMethod::invokeArgs() - [internal], line ??
Controller::invokeAction() - /var/www/faro-campaign/vendor/pear-pear.cakephp.org/CakePHP/Cake/Controller/Controller.php, line 490
Dispatcher::_invoke() - /var/www/faro-campaign/vendor/pear-pear.cakephp.org/CakePHP/Cake/Routing/Dispatcher.php, line 185
Dispatcher::dispatch() - /var/www/faro-campaign/vendor/pear-pear.cakephp.org/CakePHP/Cake/Routing/Dispatcher.php, line 160
[main] - ROOT/webroot/index.php, line 99

2019-12-12 16:29:44 Warning: Warning (2): array_filter() expects parameter 1 to be array, null given in [/var/www/charmart/vendor/pear-pear.cakephp.org/CakePHP/Cake/Utility/Hash.php, line 505]
Trace:
array_filter - [internal], line ??
Hash::filter() - CORE/Cake/Utility/Hash.php, line 505
CampaignViewController::vote() - /var/www/faro-campaign/app/Controller/CampaignViewController.php, line 678
ReflectionMethod::invokeArgs() - [internal], line ??
Controller::invokeAction() - /var/www/faro-campaign/vendor/pear-pear.cakephp.org/CakePHP/Cake/Controller/Controller.php, line 490
Dispatcher::_invoke() - /var/www/faro-campaign/vendor/pear-pear.cakephp.org/CakePHP/Cake/Routing/Dispatcher.php, line 185
Dispatcher::dispatch() - /var/www/faro-campaign/vendor/pear-pear.cakephp.org/CakePHP/Cake/Routing/Dispatcher.php, line 160
[main] - ROOT/webroot/index.php, line 99

2019-12-12 16:29:49 Warning: Warning (4096): Argument 1 passed to Hash::filter() must be of the type array, null given, called in /var/www/faro-campaign/app/Controller/CampaignViewController.php on line 678 and defined in [/var/www/charmart/vendor/pear-pear.cakephp.org/CakePHP/Cake/Utility/Hash.php, line 499]
Trace:
Hash::filter() - CORE/Cake/Utility/Hash.php, line 499
CampaignViewController::vote() - /var/www/faro-campaign/app/Controller/CampaignViewController.php, line 678
ReflectionMethod::invokeArgs() - [internal], line ??
Controller::invokeAction() - /var/www/faro-campaign/vendor/pear-pear.cakephp.org/CakePHP/Cake/Controller/Controller.php, line 490
Dispatcher::_invoke() - /var/www/faro-campaign/vendor/pear-pear.cakephp.org/CakePHP/Cake/Routing/Dispatcher.php, line 185
Dispatcher::dispatch() - /var/www/faro-campaign/vendor/pear-pear.cakephp.org/CakePHP/Cake/Routing/Dispatcher.php, line 160
[main] - ROOT/webroot/index.php, line 99

2019-12-12 16:29:49 Warning: Warning (2): Invalid argument supplied for foreach() in [/var/www/charmart/vendor/pear-pear.cakephp.org/CakePHP/Cake/Utility/Hash.php, line 500]
Trace:
Hash::filter() - CORE/Cake/Utility/Hash.php, line 500
CampaignViewController::vote() - /var/www/faro-campaign/app/Controller/CampaignViewController.php, line 678
ReflectionMethod::invokeArgs() - [internal], line ??
Controller::invokeAction() - /var/www/faro-campaign/vendor/pear-pear.cakephp.org/CakePHP/Cake/Controller/Controller.php, line 490
Dispatcher::_invoke() - /var/www/faro-campaign/vendor/pear-pear.cakephp.org/CakePHP/Cake/Routing/Dispatcher.php, line 185
Dispatcher::dispatch() - /var/www/faro-campaign/vendor/pear-pear.cakephp.org/CakePHP/Cake/Routing/Dispatcher.php, line 160
[main] - ROOT/webroot/index.php, line 99

2019-12-12 16:29:49 Warning: Warning (2): array_filter() expects parameter 1 to be array, null given in [/var/www/charmart/vendor/pear-pear.cakephp.org/CakePHP/Cake/Utility/Hash.php, line 505]
Trace:
array_filter - [internal], line ??
Hash::filter() - CORE/Cake/Utility/Hash.php, line 505
CampaignViewController::vote() - /var/www/faro-campaign/app/Controller/CampaignViewController.php, line 678
ReflectionMethod::invokeArgs() - [internal], line ??
Controller::invokeAction() - /var/www/faro-campaign/vendor/pear-pear.cakephp.org/CakePHP/Cake/Controller/Controller.php, line 490
Dispatcher::_invoke() - /var/www/faro-campaign/vendor/pear-pear.cakephp.org/CakePHP/Cake/Routing/Dispatcher.php, line 185
Dispatcher::dispatch() - /var/www/faro-campaign/vendor/pear-pear.cakephp.org/CakePHP/Cake/Routing/Dispatcher.php, line 160
[main] - ROOT/webroot/index.php, line 99

2019-12-12 16:30:32 Warning: Warning (4096): Argument 1 passed to Hash::filter() must be of the type array, null given, called in /var/www/faro-campaign/app/Controller/CampaignViewController.php on line 678 and defined in [/var/www/charmart/vendor/pear-pear.cakephp.org/CakePHP/Cake/Utility/Hash.php, line 499]
Trace:
Hash::filter() - CORE/Cake/Utility/Hash.php, line 499
CampaignViewController::vote() - /var/www/faro-campaign/app/Controller/CampaignViewController.php, line 678
ReflectionMethod::invokeArgs() - [internal], line ??
Controller::invokeAction() - /var/www/faro-campaign/vendor/pear-pear.cakephp.org/CakePHP/Cake/Controller/Controller.php, line 490
Dispatcher::_invoke() - /var/www/faro-campaign/vendor/pear-pear.cakephp.org/CakePHP/Cake/Routing/Dispatcher.php, line 185
Dispatcher::dispatch() - /var/www/faro-campaign/vendor/pear-pear.cakephp.org/CakePHP/Cake/Routing/Dispatcher.php, line 160
[main] - ROOT/webroot/index.php, line 99

2019-12-12 16:30:32 Warning: Warning (2): Invalid argument supplied for foreach() in [/var/www/charmart/vendor/pear-pear.cakephp.org/CakePHP/Cake/Utility/Hash.php, line 500]
Trace:
Hash::filter() - CORE/Cake/Utility/Hash.php, line 500
CampaignViewController::vote() - /var/www/faro-campaign/app/Controller/CampaignViewController.php, line 678
ReflectionMethod::invokeArgs() - [internal], line ??
Controller::invokeAction() - /var/www/faro-campaign/vendor/pear-pear.cakephp.org/CakePHP/Cake/Controller/Controller.php, line 490
Dispatcher::_invoke() - /var/www/faro-campaign/vendor/pear-pear.cakephp.org/CakePHP/Cake/Routing/Dispatcher.php, line 185
Dispatcher::dispatch() - /var/www/faro-campaign/vendor/pear-pear.cakephp.org/CakePHP/Cake/Routing/Dispatcher.php, line 160
[main] - ROOT/webroot/index.php, line 99

2019-12-12 16:30:32 Warning: Warning (2): array_filter() expects parameter 1 to be array, null given in [/var/www/charmart/vendor/pear-pear.cakephp.org/CakePHP/Cake/Utility/Hash.php, line 505]
Trace:
array_filter - [internal], line ??
Hash::filter() - CORE/Cake/Utility/Hash.php, line 505
CampaignViewController::vote() - /var/www/faro-campaign/app/Controller/CampaignViewController.php, line 678
ReflectionMethod::invokeArgs() - [internal], line ??
Controller::invokeAction() - /var/www/faro-campaign/vendor/pear-pear.cakephp.org/CakePHP/Cake/Controller/Controller.php, line 490
Dispatcher::_invoke() - /var/www/faro-campaign/vendor/pear-pear.cakephp.org/CakePHP/Cake/Routing/Dispatcher.php, line 185
Dispatcher::dispatch() - /var/www/faro-campaign/vendor/pear-pear.cakephp.org/CakePHP/Cake/Routing/Dispatcher.php, line 160
[main] - ROOT/webroot/index.php, line 99

2019-12-12 16:30:54 Warning: Warning (4096): Argument 1 passed to Hash::filter() must be of the type array, null given, called in /var/www/faro-campaign/app/Controller/CampaignViewController.php on line 678 and defined in [/var/www/charmart/vendor/pear-pear.cakephp.org/CakePHP/Cake/Utility/Hash.php, line 499]
Trace:
Hash::filter() - CORE/Cake/Utility/Hash.php, line 499
CampaignViewController::vote() - /var/www/faro-campaign/app/Controller/CampaignViewController.php, line 678
ReflectionMethod::invokeArgs() - [internal], line ??
Controller::invokeAction() - /var/www/faro-campaign/vendor/pear-pear.cakephp.org/CakePHP/Cake/Controller/Controller.php, line 490
Dispatcher::_invoke() - /var/www/faro-campaign/vendor/pear-pear.cakephp.org/CakePHP/Cake/Routing/Dispatcher.php, line 185
Dispatcher::dispatch() - /var/www/faro-campaign/vendor/pear-pear.cakephp.org/CakePHP/Cake/Routing/Dispatcher.php, line 160
[main] - ROOT/webroot/index.php, line 99

2019-12-12 16:30:54 Warning: Warning (2): Invalid argument supplied for foreach() in [/var/www/charmart/vendor/pear-pear.cakephp.org/CakePHP/Cake/Utility/Hash.php, line 500]
Trace:
Hash::filter() - CORE/Cake/Utility/Hash.php, line 500
CampaignViewController::vote() - /var/www/faro-campaign/app/Controller/CampaignViewController.php, line 678
ReflectionMethod::invokeArgs() - [internal], line ??
Controller::invokeAction() - /var/www/faro-campaign/vendor/pear-pear.cakephp.org/CakePHP/Cake/Controller/Controller.php, line 490
Dispatcher::_invoke() - /var/www/faro-campaign/vendor/pear-pear.cakephp.org/CakePHP/Cake/Routing/Dispatcher.php, line 185
Dispatcher::dispatch() - /var/www/faro-campaign/vendor/pear-pear.cakephp.org/CakePHP/Cake/Routing/Dispatcher.php, line 160
[main] - ROOT/webroot/index.php, line 99

2019-12-12 16:30:54 Warning: Warning (2): array_filter() expects parameter 1 to be array, null given in [/var/www/charmart/vendor/pear-pear.cakephp.org/CakePHP/Cake/Utility/Hash.php, line 505]
Trace:
array_filter - [internal], line ??
Hash::filter() - CORE/Cake/Utility/Hash.php, line 505
CampaignViewController::vote() - /var/www/faro-campaign/app/Controller/CampaignViewController.php, line 678
ReflectionMethod::invokeArgs() - [internal], line ??
Controller::invokeAction() - /var/www/faro-campaign/vendor/pear-pear.cakephp.org/CakePHP/Cake/Controller/Controller.php, line 490
Dispatcher::_invoke() - /var/www/faro-campaign/vendor/pear-pear.cakephp.org/CakePHP/Cake/Routing/Dispatcher.php, line 185
Dispatcher::dispatch() - /var/www/faro-campaign/vendor/pear-pear.cakephp.org/CakePHP/Cake/Routing/Dispatcher.php, line 160
[main] - ROOT/webroot/index.php, line 99

2019-12-12 16:30:59 Warning: Warning (4096): Argument 1 passed to Hash::filter() must be of the type array, null given, called in /var/www/faro-campaign/app/Controller/CampaignViewController.php on line 678 and defined in [/var/www/charmart/vendor/pear-pear.cakephp.org/CakePHP/Cake/Utility/Hash.php, line 499]
Trace:
Hash::filter() - CORE/Cake/Utility/Hash.php, line 499
CampaignViewController::vote() - /var/www/faro-campaign/app/Controller/CampaignViewController.php, line 678
ReflectionMethod::invokeArgs() - [internal], line ??
Controller::invokeAction() - /var/www/faro-campaign/vendor/pear-pear.cakephp.org/CakePHP/Cake/Controller/Controller.php, line 490
Dispatcher::_invoke() - /var/www/faro-campaign/vendor/pear-pear.cakephp.org/CakePHP/Cake/Routing/Dispatcher.php, line 185
Dispatcher::dispatch() - /var/www/faro-campaign/vendor/pear-pear.cakephp.org/CakePHP/Cake/Routing/Dispatcher.php, line 160
[main] - ROOT/webroot/index.php, line 99

2019-12-12 16:30:59 Warning: Warning (2): Invalid argument supplied for foreach() in [/var/www/charmart/vendor/pear-pear.cakephp.org/CakePHP/Cake/Utility/Hash.php, line 500]
Trace:
Hash::filter() - CORE/Cake/Utility/Hash.php, line 500
CampaignViewController::vote() - /var/www/faro-campaign/app/Controller/CampaignViewController.php, line 678
ReflectionMethod::invokeArgs() - [internal], line ??
Controller::invokeAction() - /var/www/faro-campaign/vendor/pear-pear.cakephp.org/CakePHP/Cake/Controller/Controller.php, line 490
Dispatcher::_invoke() - /var/www/faro-campaign/vendor/pear-pear.cakephp.org/CakePHP/Cake/Routing/Dispatcher.php, line 185
Dispatcher::dispatch() - /var/www/faro-campaign/vendor/pear-pear.cakephp.org/CakePHP/Cake/Routing/Dispatcher.php, line 160
[main] - ROOT/webroot/index.php, line 99

2019-12-12 16:30:59 Warning: Warning (2): array_filter() expects parameter 1 to be array, null given in [/var/www/charmart/vendor/pear-pear.cakephp.org/CakePHP/Cake/Utility/Hash.php, line 505]
Trace:
array_filter - [internal], line ??
Hash::filter() - CORE/Cake/Utility/Hash.php, line 505
CampaignViewController::vote() - /var/www/faro-campaign/app/Controller/CampaignViewController.php, line 678
ReflectionMethod::invokeArgs() - [internal], line ??
Controller::invokeAction() - /var/www/faro-campaign/vendor/pear-pear.cakephp.org/CakePHP/Cake/Controller/Controller.php, line 490
Dispatcher::_invoke() - /var/www/faro-campaign/vendor/pear-pear.cakephp.org/CakePHP/Cake/Routing/Dispatcher.php, line 185
Dispatcher::dispatch() - /var/www/faro-campaign/vendor/pear-pear.cakephp.org/CakePHP/Cake/Routing/Dispatcher.php, line 160
[main] - ROOT/webroot/index.php, line 99

2019-12-12 16:31:02 Warning: Warning (4096): Argument 1 passed to Hash::filter() must be of the type array, null given, called in /var/www/faro-campaign/app/Controller/CampaignViewController.php on line 678 and defined in [/var/www/charmart/vendor/pear-pear.cakephp.org/CakePHP/Cake/Utility/Hash.php, line 499]
Trace:
Hash::filter() - CORE/Cake/Utility/Hash.php, line 499
CampaignViewController::vote() - /var/www/faro-campaign/app/Controller/CampaignViewController.php, line 678
ReflectionMethod::invokeArgs() - [internal], line ??
Controller::invokeAction() - /var/www/faro-campaign/vendor/pear-pear.cakephp.org/CakePHP/Cake/Controller/Controller.php, line 490
Dispatcher::_invoke() - /var/www/faro-campaign/vendor/pear-pear.cakephp.org/CakePHP/Cake/Routing/Dispatcher.php, line 185
Dispatcher::dispatch() - /var/www/faro-campaign/vendor/pear-pear.cakephp.org/CakePHP/Cake/Routing/Dispatcher.php, line 160
[main] - ROOT/webroot/index.php, line 99

2019-12-12 16:31:02 Warning: Warning (2): Invalid argument supplied for foreach() in [/var/www/charmart/vendor/pear-pear.cakephp.org/CakePHP/Cake/Utility/Hash.php, line 500]
Trace:
Hash::filter() - CORE/Cake/Utility/Hash.php, line 500
CampaignViewController::vote() - /var/www/faro-campaign/app/Controller/CampaignViewController.php, line 678
ReflectionMethod::invokeArgs() - [internal], line ??
Controller::invokeAction() - /var/www/faro-campaign/vendor/pear-pear.cakephp.org/CakePHP/Cake/Controller/Controller.php, line 490
Dispatcher::_invoke() - /var/www/faro-campaign/vendor/pear-pear.cakephp.org/CakePHP/Cake/Routing/Dispatcher.php, line 185
Dispatcher::dispatch() - /var/www/faro-campaign/vendor/pear-pear.cakephp.org/CakePHP/Cake/Routing/Dispatcher.php, line 160
[main] - ROOT/webroot/index.php, line 99

2019-12-12 16:31:02 Warning: Warning (2): array_filter() expects parameter 1 to be array, null given in [/var/www/charmart/vendor/pear-pear.cakephp.org/CakePHP/Cake/Utility/Hash.php, line 505]
Trace:
array_filter - [internal], line ??
Hash::filter() - CORE/Cake/Utility/Hash.php, line 505
CampaignViewController::vote() - /var/www/faro-campaign/app/Controller/CampaignViewController.php, line 678
ReflectionMethod::invokeArgs() - [internal], line ??
Controller::invokeAction() - /var/www/faro-campaign/vendor/pear-pear.cakephp.org/CakePHP/Cake/Controller/Controller.php, line 490
Dispatcher::_invoke() - /var/www/faro-campaign/vendor/pear-pear.cakephp.org/CakePHP/Cake/Routing/Dispatcher.php, line 185
Dispatcher::dispatch() - /var/www/faro-campaign/vendor/pear-pear.cakephp.org/CakePHP/Cake/Routing/Dispatcher.php, line 160
[main] - ROOT/webroot/index.php, line 99

2019-12-12 16:48:55 Error: [MissingControllerException] Controller class Controller could not be found.
Exception Attributes: array (
  'class' => 'Controller',
  'plugin' => NULL,
)
Request URL: /campaign/index.html%E3%81%A7%E3%81%A7%E3%81%8D%E3%82%8B%E3%81%8B%E3%81%A9%E3%81%86%E3%81%8B%E3%81%AF%E4%BB%8A%E3%81%8B%E3%82%89%E7%A2%BA%E8%AA%8D%E3%81%A7%E3%81%99
Stack Trace:
#0 /var/www/charmart/webroot/index.php(99): Dispatcher->dispatch(Object(CakeRequest), Object(CakeResponse))
#1 {main}
2019-12-12 16:53:55 Error: [MissingControllerException] Controller class Controller could not be found.
Exception Attributes: array (
  'class' => 'Controller',
  'plugin' => NULL,
)
Request URL: /campaign/index.html%E3%81%A7%E3%81%A7%E3%81%8D%E3%82%8B%E3%81%8B%E3%81%A9%E3%81%86%E3%81%8B%E3%81%AF%E4%BB%8A%E3%81%8B%E3%82%89%E7%A2%BA%E8%AA%8D%E3%81%A7%E3%81%99%E3%80%82
Stack Trace:
#0 /var/www/charmart/webroot/index.php(99): Dispatcher->dispatch(Object(CakeRequest), Object(CakeResponse))
#1 {main}
2019-12-12 16:54:19 Error: [MissingControllerException] Controller class Controller could not be found.
Exception Attributes: array (
  'class' => 'Controller',
  'plugin' => NULL,
)
Request URL: /campaign/index.html%E3%81%A7%E3%81%A7%E3%81%8D%E3%82%8B%E3%81%8B%E3%81%A9%E3%81%86%E3%81%8B%E3%81%AF%E4%BB%8A%E3%81%8B%E3%82%89%E7%A2%BA%E8%AA%8D%E3%81%A7%E3%81%99
Stack Trace:
#0 /var/www/charmart/webroot/index.php(99): Dispatcher->dispatch(Object(CakeRequest), Object(CakeResponse))
#1 {main}
2019-12-12 17:09:28 Error: [MissingControllerException] Controller class Controller could not be found.
Exception Attributes: array (
  'class' => 'Controller',
  'plugin' => NULL,
)
Request URL: /index.html
Stack Trace:
#0 /var/www/charmart/webroot/index.php(99): Dispatcher->dispatch(Object(CakeRequest), Object(CakeResponse))
#1 {main}
2019-12-12 17:10:37 Error: [MissingControllerException] Controller class Controller could not be found.
Exception Attributes: array (
  'class' => 'Controller',
  'plugin' => NULL,
)
Request URL: /campaign/images/menu-icon.png
Stack Trace:
#0 /var/www/charmart/webroot/index.php(99): Dispatcher->dispatch(Object(CakeRequest), Object(CakeResponse))
#1 {main}
2019-12-12 17:18:58 Error: [MissingControllerException] Controller class Controller could not be found.
Exception Attributes: array (
  'class' => 'Controller',
  'plugin' => NULL,
)
Request URL: /img/common/ogp.jpg
Stack Trace:
#0 /var/www/charmart/webroot/index.php(99): Dispatcher->dispatch(Object(CakeRequest), Object(CakeResponse))
#1 {main}
2019-12-12 17:18:58 Error: [MissingControllerException] Controller class Controller could not be found.
Exception Attributes: array (
  'class' => 'Controller',
  'plugin' => NULL,
)
Request URL: /img/common/ogp.jpg
Stack Trace:
#0 /var/www/charmart/webroot/index.php(99): Dispatcher->dispatch(Object(CakeRequest), Object(CakeResponse))
#1 {main}
2019-12-12 17:18:59 Error: [MissingControllerException] Controller class Controller could not be found.
Exception Attributes: array (
  'class' => 'Controller',
  'plugin' => NULL,
)
Request URL: /img/common/ogp.jpg
Stack Trace:
#0 /var/www/charmart/webroot/index.php(99): Dispatcher->dispatch(Object(CakeRequest), Object(CakeResponse))
#1 {main}
2019-12-12 17:18:59 Error: [MissingControllerException] Controller class Controller could not be found.
Exception Attributes: array (
  'class' => 'Controller',
  'plugin' => NULL,
)
Request URL: /img/common/ogp.jpg
Stack Trace:
#0 /var/www/charmart/webroot/index.php(99): Dispatcher->dispatch(Object(CakeRequest), Object(CakeResponse))
#1 {main}
2019-12-12 17:18:59 Error: [MissingControllerException] Controller class Controller could not be found.
Exception Attributes: array (
  'class' => 'Controller',
  'plugin' => NULL,
)
Request URL: /img/common/ogp.jpg
Stack Trace:
#0 /var/www/charmart/webroot/index.php(99): Dispatcher->dispatch(Object(CakeRequest), Object(CakeResponse))
#1 {main}
2019-12-12 17:18:59 Error: [MissingControllerException] Controller class Controller could not be found.
Exception Attributes: array (
  'class' => 'Controller',
  'plugin' => NULL,
)
Request URL: /img/common/ogp.jpg
Stack Trace:
#0 /var/www/charmart/webroot/index.php(99): Dispatcher->dispatch(Object(CakeRequest), Object(CakeResponse))
#1 {main}
2019-12-12 17:19:59 Error: [MissingControllerException] Controller class Controller could not be found.
Exception Attributes: array (
  'class' => 'Controller',
  'plugin' => NULL,
)
Request URL: /campaign/static/faq/button.56d4a00aea1af069615f067f4e79aaba.js
Stack Trace:
#0 /var/www/charmart/webroot/index.php(99): Dispatcher->dispatch(Object(CakeRequest), Object(CakeResponse))
#1 {main}
2019-12-12 17:20:00 Error: [MissingControllerException] Controller class Controller could not be found.
Exception Attributes: array (
  'class' => 'Controller',
  'plugin' => NULL,
)
Request URL: /campaign/static/faq/button.56d4a00aea1af069615f067f4e79aaba.js
Stack Trace:
#0 /var/www/charmart/webroot/index.php(99): Dispatcher->dispatch(Object(CakeRequest), Object(CakeResponse))
#1 {main}
2019-12-12 17:24:25 Error: [MissingControllerException] Controller class Controller could not be found.
Exception Attributes: array (
  'class' => 'Controller',
  'plugin' => NULL,
)
Request URL: /campaign/index.html%E3%81%A7%E3%81%A7%E3%81%8D%E3%82%8B%E3%81%8B%E3%81%A9%E3%81%86%E3%81%8B%E3%81%AF%E4%BB%8A%E3%81%8B%E3%82%89%E7%A2%BA%E8%AA%8D%E3%81%A7%E3%81%99%E3%80%82
Stack Trace:
#0 /var/www/charmart/webroot/index.php(99): Dispatcher->dispatch(Object(CakeRequest), Object(CakeResponse))
#1 {main}
2019-12-12 18:44:44 Error: [MissingControllerException] Controller class Controller could not be found.
Exception Attributes: array (
  'class' => 'Controller',
  'plugin' => NULL,
)
Request URL: /sitemap.xml
Stack Trace:
#0 /var/www/charmart/webroot/index.php(99): Dispatcher->dispatch(Object(CakeRequest), Object(CakeResponse))
#1 {main}
2019-12-12 18:44:44 Error: [MissingControllerException] Controller class Controller could not be found.
Exception Attributes: array (
  'class' => 'Controller',
  'plugin' => NULL,
)
Request URL: /.well-known/security.txt
Stack Trace:
#0 /var/www/charmart/webroot/index.php(99): Dispatcher->dispatch(Object(CakeRequest), Object(CakeResponse))
#1 {main}
2019-12-12 19:39:09 Error: [MissingControllerException] Controller class Controller could not be found.
Exception Attributes: array (
  'class' => 'Controller',
  'plugin' => NULL,
)
Request URL: /access.html
Stack Trace:
#0 /var/www/charmart/webroot/index.php(99): Dispatcher->dispatch(Object(CakeRequest), Object(CakeResponse))
#1 {main}
2019-12-12 21:32:26 Error: [MissingControllerException] Controller class Controller could not be found.
Exception Attributes: array (
  'class' => 'Controller',
  'plugin' => NULL,
)
Request URL: /latest/dynamic/instance-identity/document
Stack Trace:
#0 /var/www/charmart/webroot/index.php(99): Dispatcher->dispatch(Object(CakeRequest), Object(CakeResponse))
#1 {main}
2019-12-12 21:32:27 Error: [MissingControllerException] Controller class Controller could not be found.
Exception Attributes: array (
  'class' => 'Controller',
  'plugin' => NULL,
)
Request URL: /latest/dynamic/instance-identity/document
Stack Trace:
#0 /var/www/charmart/webroot/index.php(99): Dispatcher->dispatch(Object(CakeRequest), Object(CakeResponse))
#1 {main}
2019-12-12 21:48:50 Error: [MissingControllerException] Controller class Controller could not be found.
Exception Attributes: array (
  'class' => 'Controller',
  'plugin' => NULL,
)
Request URL: /campaign/fonts/din-bold-webfont.ttf
Stack Trace:
#0 /var/www/charmart/webroot/index.php(99): Dispatcher->dispatch(Object(CakeRequest), Object(CakeResponse))
#1 {main}
2019-12-12 22:12:37 Error: [MissingControllerException] Controller class Controller could not be found.
Exception Attributes: array (
  'class' => 'Controller',
  'plugin' => NULL,
)
Request URL: /latest/dynamic/instance-identity/document
Stack Trace:
#0 /var/www/charmart/webroot/index.php(99): Dispatcher->dispatch(Object(CakeRequest), Object(CakeResponse))
#1 {main}
2019-12-12 22:12:37 Error: [MissingControllerException] Controller class Controller could not be found.
Exception Attributes: array (
  'class' => 'Controller',
  'plugin' => NULL,
)
Request URL: /latest/dynamic/instance-identity/document
Stack Trace:
#0 /var/www/charmart/webroot/index.php(99): Dispatcher->dispatch(Object(CakeRequest), Object(CakeResponse))
#1 {main}
