2019-12-06 01:21:23 Error: [MissingControllerException] Controller class Controller could not be found.
Exception Attributes: array (
  'class' => 'Controller',
  'plugin' => NULL,
)
Request URL: /upgrade.aspx?a1=a51599c6
Stack Trace:
#0 /var/www/charmart/webroot/index.php(99): Dispatcher->dispatch(Object(CakeRequest), Object(CakeResponse))
#1 {main}
2019-12-06 04:28:33 Error: [MissingControllerException] Controller class Controller could not be found.
Exception Attributes: array (
  'class' => 'Controller',
  'plugin' => NULL,
)
Request URL: /msdn.cpp
Stack Trace:
#0 /var/www/charmart/webroot/index.php(99): Dispatcher->dispatch(Object(CakeRequest), Object(CakeResponse))
#1 {main}
2019-12-06 09:40:19 Error: [MissingControllerException] Controller class Controller could not be found.
Exception Attributes: array (
  'class' => 'Controller',
  'plugin' => NULL,
)
Request URL: /latest/dynamic/instance-identity/document
Stack Trace:
#0 /var/www/charmart/webroot/index.php(99): Dispatcher->dispatch(Object(CakeRequest), Object(CakeResponse))
#1 {main}
2019-12-06 09:40:20 Error: [MissingControllerException] Controller class Controller could not be found.
Exception Attributes: array (
  'class' => 'Controller',
  'plugin' => NULL,
)
Request URL: /latest/dynamic/instance-identity/document
Stack Trace:
#0 /var/www/charmart/webroot/index.php(99): Dispatcher->dispatch(Object(CakeRequest), Object(CakeResponse))
#1 {main}
2019-12-06 10:00:27 Error: [MissingControllerException] Controller class Controller could not be found.
Exception Attributes: array (
  'class' => 'Controller',
  'plugin' => NULL,
)
Request URL: /latest/dynamic/instance-identity/document
Stack Trace:
#0 /var/www/charmart/webroot/index.php(99): Dispatcher->dispatch(Object(CakeRequest), Object(CakeResponse))
#1 {main}
2019-12-06 10:00:27 Error: [MissingControllerException] Controller class Controller could not be found.
Exception Attributes: array (
  'class' => 'Controller',
  'plugin' => NULL,
)
Request URL: /latest/dynamic/instance-identity/document
Stack Trace:
#0 /var/www/charmart/webroot/index.php(99): Dispatcher->dispatch(Object(CakeRequest), Object(CakeResponse))
#1 {main}
2019-12-06 12:36:42 Error: [MissingControllerException] Controller class Controller could not be found.
Exception Attributes: array (
  'class' => 'Controller',
  'plugin' => NULL,
)
Request URL: /campaign/static/faq/button.56d4a00aea1af069615f067f4e79aaba.js
Stack Trace:
#0 /var/www/charmart/webroot/index.php(99): Dispatcher->dispatch(Object(CakeRequest), Object(CakeResponse))
#1 {main}
2019-12-06 12:36:43 Error: [MissingControllerException] Controller class Controller could not be found.
Exception Attributes: array (
  'class' => 'Controller',
  'plugin' => NULL,
)
Request URL: /campaign/static/faq/button.56d4a00aea1af069615f067f4e79aaba.js
Stack Trace:
#0 /var/www/charmart/webroot/index.php(99): Dispatcher->dispatch(Object(CakeRequest), Object(CakeResponse))
#1 {main}
2019-12-06 12:39:19 Error: [MissingControllerException] Controller class Controller could not be found.
Exception Attributes: array (
  'class' => 'Controller',
  'plugin' => NULL,
)
Request URL: /campaign/static/faq/button.56d4a00aea1af069615f067f4e79aaba.js
Stack Trace:
#0 /var/www/charmart/webroot/index.php(99): Dispatcher->dispatch(Object(CakeRequest), Object(CakeResponse))
#1 {main}
2019-12-06 12:40:59 Error: [MissingControllerException] Controller class Controller could not be found.
Exception Attributes: array (
  'class' => 'Controller',
  'plugin' => NULL,
)
Request URL: /campaign/static/faq/button.56d4a00aea1af069615f067f4e79aaba.js
Stack Trace:
#0 /var/www/charmart/webroot/index.php(99): Dispatcher->dispatch(Object(CakeRequest), Object(CakeResponse))
#1 {main}
2019-12-06 12:45:54 Error: [MissingControllerException] Controller class Controller could not be found.
Exception Attributes: array (
  'class' => 'Controller',
  'plugin' => NULL,
)
Request URL: /gallery.html
Stack Trace:
#0 /var/www/charmart/webroot/index.php(99): Dispatcher->dispatch(Object(CakeRequest), Object(CakeResponse))
#1 {main}
2019-12-06 14:43:59 Error: [MissingControllerException] Controller class Controller could not be found.
Exception Attributes: array (
  'class' => 'Controller',
  'plugin' => NULL,
)
Request URL: /access.html
Stack Trace:
#0 /var/www/charmart/webroot/index.php(99): Dispatcher->dispatch(Object(CakeRequest), Object(CakeResponse))
#1 {main}
2019-12-06 17:45:58 Error: [MissingControllerException] Controller class Controller could not be found.
Exception Attributes: array (
  'class' => 'Controller',
  'plugin' => NULL,
)
Request URL: /index.html
Stack Trace:
#0 /var/www/charmart/webroot/index.php(99): Dispatcher->dispatch(Object(CakeRequest), Object(CakeResponse))
#1 {main}
2019-12-06 17:57:56 Error: [MissingControllerException] Controller class Controller could not be found.
Exception Attributes: array (
  'class' => 'Controller',
  'plugin' => NULL,
)
Request URL: /img/common/ogp.jpg
Stack Trace:
#0 /var/www/charmart/webroot/index.php(99): Dispatcher->dispatch(Object(CakeRequest), Object(CakeResponse))
#1 {main}
2019-12-06 17:57:56 Error: [MissingControllerException] Controller class Controller could not be found.
Exception Attributes: array (
  'class' => 'Controller',
  'plugin' => NULL,
)
Request URL: /img/common/ogp.jpg
Stack Trace:
#0 /var/www/charmart/webroot/index.php(99): Dispatcher->dispatch(Object(CakeRequest), Object(CakeResponse))
#1 {main}
2019-12-06 17:57:57 Error: [MissingControllerException] Controller class Controller could not be found.
Exception Attributes: array (
  'class' => 'Controller',
  'plugin' => NULL,
)
Request URL: /img/common/ogp.jpg
Stack Trace:
#0 /var/www/charmart/webroot/index.php(99): Dispatcher->dispatch(Object(CakeRequest), Object(CakeResponse))
#1 {main}
2019-12-06 17:57:57 Error: [MissingControllerException] Controller class Controller could not be found.
Exception Attributes: array (
  'class' => 'Controller',
  'plugin' => NULL,
)
Request URL: /img/common/ogp.jpg
Stack Trace:
#0 /var/www/charmart/webroot/index.php(99): Dispatcher->dispatch(Object(CakeRequest), Object(CakeResponse))
#1 {main}
2019-12-06 17:57:58 Error: [MissingControllerException] Controller class Controller could not be found.
Exception Attributes: array (
  'class' => 'Controller',
  'plugin' => NULL,
)
Request URL: /img/common/ogp.jpg
Stack Trace:
#0 /var/www/charmart/webroot/index.php(99): Dispatcher->dispatch(Object(CakeRequest), Object(CakeResponse))
#1 {main}
2019-12-06 17:57:59 Error: [MissingControllerException] Controller class Controller could not be found.
Exception Attributes: array (
  'class' => 'Controller',
  'plugin' => NULL,
)
Request URL: /img/common/ogp.jpg
Stack Trace:
#0 /var/www/charmart/webroot/index.php(99): Dispatcher->dispatch(Object(CakeRequest), Object(CakeResponse))
#1 {main}
2019-12-06 17:57:59 Error: [MissingControllerException] Controller class Controller could not be found.
Exception Attributes: array (
  'class' => 'Controller',
  'plugin' => NULL,
)
Request URL: /img/common/ogp.jpg
Stack Trace:
#0 /var/www/charmart/webroot/index.php(99): Dispatcher->dispatch(Object(CakeRequest), Object(CakeResponse))
#1 {main}
2019-12-06 17:58:30 Error: [BadRequestException] Facebook Authentication Failed
Request URL: /oauth/facebook/callback?error=access_denied&error_code=200&error_description=Permissions+error&error_reason=user_denied&state=13bf4f47c1508aa807a9dfac1e82e57f
Stack Trace:
#0 [internal function]: OauthController->facebookCallback()
#1 /var/www/faro-campaign/vendor/pear-pear.cakephp.org/CakePHP/Cake/Controller/Controller.php(490): ReflectionMethod->invokeArgs(Object(OauthController), Array)
#2 /var/www/faro-campaign/vendor/pear-pear.cakephp.org/CakePHP/Cake/Routing/Dispatcher.php(185): Controller->invokeAction(Object(CakeRequest))
#3 /var/www/faro-campaign/vendor/pear-pear.cakephp.org/CakePHP/Cake/Routing/Dispatcher.php(160): Dispatcher->_invoke(Object(OauthController), Object(CakeRequest), Object(CakeResponse))
#4 /var/www/charmart/webroot/index.php(99): Dispatcher->dispatch(Object(CakeRequest), Object(CakeResponse))
#5 {main}
2019-12-06 18:07:24 Error: [BadRequestException] Facebook Authentication Failed
Request URL: /oauth/facebook/callback?error=access_denied&error_code=200&error_description=Permissions+error&error_reason=user_denied&state=13bf4f47c1508aa807a9dfac1e82e57f
Stack Trace:
#0 [internal function]: OauthController->facebookCallback()
#1 /var/www/faro-campaign/vendor/pear-pear.cakephp.org/CakePHP/Cake/Controller/Controller.php(490): ReflectionMethod->invokeArgs(Object(OauthController), Array)
#2 /var/www/faro-campaign/vendor/pear-pear.cakephp.org/CakePHP/Cake/Routing/Dispatcher.php(185): Controller->invokeAction(Object(CakeRequest))
#3 /var/www/faro-campaign/vendor/pear-pear.cakephp.org/CakePHP/Cake/Routing/Dispatcher.php(160): Dispatcher->_invoke(Object(OauthController), Object(CakeRequest), Object(CakeResponse))
#4 /var/www/charmart/webroot/index.php(99): Dispatcher->dispatch(Object(CakeRequest), Object(CakeResponse))
#5 {main}
2019-12-06 18:36:34 Error: [MissingControllerException] Controller class Controller could not be found.
Exception Attributes: array (
  'class' => 'Controller',
  'plugin' => NULL,
)
Request URL: /admin/config.php?password%5B0%5D=bebydviyx&username=admin
Stack Trace:
#0 /var/www/charmart/webroot/index.php(99): Dispatcher->dispatch(Object(CakeRequest), Object(CakeResponse))
#1 {main}
2019-12-06 20:09:23 Error: [MissingControllerException] Controller class Controller could not be found.
Exception Attributes: array (
  'class' => 'Controller',
  'plugin' => NULL,
)
Request URL: /admin/config.php?password%5B0%5D=bebydviyx&username=admin
Stack Trace:
#0 /var/www/charmart/webroot/index.php(99): Dispatcher->dispatch(Object(CakeRequest), Object(CakeResponse))
#1 {main}
2019-12-06 21:57:16 Error: [MissingControllerException] Controller class Controller could not be found.
Exception Attributes: array (
  'class' => 'Controller',
  'plugin' => NULL,
)
Request URL: /latest/dynamic/instance-identity/document
Stack Trace:
#0 /var/www/charmart/webroot/index.php(99): Dispatcher->dispatch(Object(CakeRequest), Object(CakeResponse))
#1 {main}
2019-12-06 21:57:17 Error: [MissingControllerException] Controller class Controller could not be found.
Exception Attributes: array (
  'class' => 'Controller',
  'plugin' => NULL,
)
Request URL: /latest/dynamic/instance-identity/document
Stack Trace:
#0 /var/www/charmart/webroot/index.php(99): Dispatcher->dispatch(Object(CakeRequest), Object(CakeResponse))
#1 {main}
2019-12-06 22:40:59 Error: [MissingControllerException] Controller class Controller could not be found.
Exception Attributes: array (
  'class' => 'Controller',
  'plugin' => NULL,
)
Request URL: /latest/dynamic/instance-identity/document
Stack Trace:
#0 /var/www/charmart/webroot/index.php(99): Dispatcher->dispatch(Object(CakeRequest), Object(CakeResponse))
#1 {main}
2019-12-06 22:41:00 Error: [MissingControllerException] Controller class Controller could not be found.
Exception Attributes: array (
  'class' => 'Controller',
  'plugin' => NULL,
)
Request URL: /latest/dynamic/instance-identity/document
Stack Trace:
#0 /var/www/charmart/webroot/index.php(99): Dispatcher->dispatch(Object(CakeRequest), Object(CakeResponse))
#1 {main}
