2019-09-29 01:47:24 Error: [MissingControllerException] Controller class Controller could not be found.
Exception Attributes: array (
  'class' => 'Controller',
  'plugin' => NULL,
)
Request URL: /login.php
Stack Trace:
#0 /var/www/faro-campaign/webroot/index.php(99): Dispatcher->dispatch(Object(CakeRequest), Object(CakeResponse))
#1 {main}
2019-09-29 01:56:32 Error: [MissingControllerException] Controller class Controller could not be found.
Exception Attributes: array (
  'class' => 'Controller',
  'plugin' => NULL,
)
Request URL: /login.php
Stack Trace:
#0 /var/www/faro-campaign/webroot/index.php(99): Dispatcher->dispatch(Object(CakeRequest), Object(CakeResponse))
#1 {main}
2019-09-29 08:15:49 Error: [MissingControllerException] Controller class Controller could not be found.
Exception Attributes: array (
  'class' => 'Controller',
  'plugin' => NULL,
)
Request URL: /customers/sign_in
Stack Trace:
#0 /var/www/faro-campaign/webroot/index.php(99): Dispatcher->dispatch(Object(CakeRequest), Object(CakeResponse))
#1 {main}
2019-09-29 08:32:53 Error: [MissingControllerException] Controller class Controller could not be found.
Exception Attributes: array (
  'class' => 'Controller',
  'plugin' => NULL,
)
Request URL: /admin/Token27f9a536.asp
Stack Trace:
#0 /var/www/faro-campaign/webroot/index.php(99): Dispatcher->dispatch(Object(CakeRequest), Object(CakeResponse))
#1 {main}
2019-09-29 08:32:56 Error: [MissingControllerException] Controller class Controller could not be found.
Exception Attributes: array (
  'class' => 'Controller',
  'plugin' => NULL,
)
Request URL: /l.php
Stack Trace:
#0 /var/www/faro-campaign/webroot/index.php(99): Dispatcher->dispatch(Object(CakeRequest), Object(CakeResponse))
#1 {main}
2019-09-29 08:32:57 Error: [MissingControllerException] Controller class Controller could not be found.
Exception Attributes: array (
  'class' => 'Controller',
  'plugin' => NULL,
)
Request URL: /phpinfo.php
Stack Trace:
#0 /var/www/faro-campaign/webroot/index.php(99): Dispatcher->dispatch(Object(CakeRequest), Object(CakeResponse))
#1 {main}
2019-09-29 08:33:01 Error: [MissingControllerException] Controller class Controller could not be found.
Exception Attributes: array (
  'class' => 'Controller',
  'plugin' => NULL,
)
Request URL: /bbs.php?routestring=ajax%2Frender%2Fwidget_php
Stack Trace:
#0 /var/www/faro-campaign/webroot/index.php(99): Dispatcher->dispatch(Object(CakeRequest), Object(CakeResponse))
#1 {main}
2019-09-29 08:33:02 Error: [MissingControllerException] Controller class Controller could not be found.
Exception Attributes: array (
  'class' => 'Controller',
  'plugin' => NULL,
)
Request URL: /forum.php?routestring=ajax%2Frender%2Fwidget_php
Stack Trace:
#0 /var/www/faro-campaign/webroot/index.php(99): Dispatcher->dispatch(Object(CakeRequest), Object(CakeResponse))
#1 {main}
2019-09-29 08:33:03 Error: [MissingControllerException] Controller class Controller could not be found.
Exception Attributes: array (
  'class' => 'Controller',
  'plugin' => NULL,
)
Request URL: /forums.php?routestring=ajax%2Frender%2Fwidget_php
Stack Trace:
#0 /var/www/faro-campaign/webroot/index.php(99): Dispatcher->dispatch(Object(CakeRequest), Object(CakeResponse))
#1 {main}
2019-09-29 08:33:04 Error: [MissingControllerException] Controller class Controller could not be found.
Exception Attributes: array (
  'class' => 'Controller',
  'plugin' => NULL,
)
Request URL: /bbs/index.php?routestring=ajax%2Frender%2Fwidget_php
Stack Trace:
#0 /var/www/faro-campaign/webroot/index.php(99): Dispatcher->dispatch(Object(CakeRequest), Object(CakeResponse))
#1 {main}
2019-09-29 08:33:05 Error: [MissingControllerException] Controller class Controller could not be found.
Exception Attributes: array (
  'class' => 'Controller',
  'plugin' => NULL,
)
Request URL: /forum/index.php?routestring=ajax%2Frender%2Fwidget_php
Stack Trace:
#0 /var/www/faro-campaign/webroot/index.php(99): Dispatcher->dispatch(Object(CakeRequest), Object(CakeResponse))
#1 {main}
2019-09-29 08:33:06 Error: [MissingControllerException] Controller class Controller could not be found.
Exception Attributes: array (
  'class' => 'Controller',
  'plugin' => NULL,
)
Request URL: /forums/index.php?routestring=ajax%2Frender%2Fwidget_php
Stack Trace:
#0 /var/www/faro-campaign/webroot/index.php(99): Dispatcher->dispatch(Object(CakeRequest), Object(CakeResponse))
#1 {main}
2019-09-29 08:33:07 Error: [MissingControllerException] Controller class Controller could not be found.
Exception Attributes: array (
  'class' => 'Controller',
  'plugin' => NULL,
)
Request URL: /webdav/
Stack Trace:
#0 /var/www/faro-campaign/webroot/index.php(99): Dispatcher->dispatch(Object(CakeRequest), Object(CakeResponse))
#1 {main}
2019-09-29 08:33:07 Error: [MissingControllerException] Controller class Controller could not be found.
Exception Attributes: array (
  'class' => 'Controller',
  'plugin' => NULL,
)
Request URL: /help.php
Stack Trace:
#0 /var/www/faro-campaign/webroot/index.php(99): Dispatcher->dispatch(Object(CakeRequest), Object(CakeResponse))
#1 {main}
2019-09-29 08:33:10 Error: [MissingControllerException] Controller class Controller could not be found.
Exception Attributes: array (
  'class' => 'Controller',
  'plugin' => NULL,
)
Request URL: /java.php
Stack Trace:
#0 /var/www/faro-campaign/webroot/index.php(99): Dispatcher->dispatch(Object(CakeRequest), Object(CakeResponse))
#1 {main}
2019-09-29 08:33:12 Error: [MissingControllerException] Controller class Controller could not be found.
Exception Attributes: array (
  'class' => 'Controller',
  'plugin' => NULL,
)
Request URL: /_query.php
Stack Trace:
#0 /var/www/faro-campaign/webroot/index.php(99): Dispatcher->dispatch(Object(CakeRequest), Object(CakeResponse))
#1 {main}
2019-09-29 08:33:16 Error: [MissingControllerException] Controller class Controller could not be found.
Exception Attributes: array (
  'class' => 'Controller',
  'plugin' => NULL,
)
Request URL: /db_cts.php
Stack Trace:
#0 /var/www/faro-campaign/webroot/index.php(99): Dispatcher->dispatch(Object(CakeRequest), Object(CakeResponse))
#1 {main}
2019-09-29 08:33:16 Error: [MissingControllerException] Controller class Controller could not be found.
Exception Attributes: array (
  'class' => 'Controller',
  'plugin' => NULL,
)
Request URL: /db_pma.php
Stack Trace:
#0 /var/www/faro-campaign/webroot/index.php(99): Dispatcher->dispatch(Object(CakeRequest), Object(CakeResponse))
#1 {main}
2019-09-29 08:33:19 Error: [MissingControllerException] Controller class Controller could not be found.
Exception Attributes: array (
  'class' => 'Controller',
  'plugin' => NULL,
)
Request URL: /logon.php
Stack Trace:
#0 /var/www/faro-campaign/webroot/index.php(99): Dispatcher->dispatch(Object(CakeRequest), Object(CakeResponse))
#1 {main}
2019-09-29 08:33:21 Error: [MissingControllerException] Controller class Controller could not be found.
Exception Attributes: array (
  'class' => 'Controller',
  'plugin' => NULL,
)
Request URL: /help-e.php
Stack Trace:
#0 /var/www/faro-campaign/webroot/index.php(99): Dispatcher->dispatch(Object(CakeRequest), Object(CakeResponse))
#1 {main}
2019-09-29 08:33:23 Error: [MissingControllerException] Controller class Controller could not be found.
Exception Attributes: array (
  'class' => 'Controller',
  'plugin' => NULL,
)
Request URL: /license.php
Stack Trace:
#0 /var/www/faro-campaign/webroot/index.php(99): Dispatcher->dispatch(Object(CakeRequest), Object(CakeResponse))
#1 {main}
2019-09-29 08:33:24 Error: [MissingControllerException] Controller class Controller could not be found.
Exception Attributes: array (
  'class' => 'Controller',
  'plugin' => NULL,
)
Request URL: /log.php
Stack Trace:
#0 /var/www/faro-campaign/webroot/index.php(99): Dispatcher->dispatch(Object(CakeRequest), Object(CakeResponse))
#1 {main}
2019-09-29 08:33:25 Error: [MissingControllerException] Controller class Controller could not be found.
Exception Attributes: array (
  'class' => 'Controller',
  'plugin' => NULL,
)
Request URL: /hell.php
Stack Trace:
#0 /var/www/faro-campaign/webroot/index.php(99): Dispatcher->dispatch(Object(CakeRequest), Object(CakeResponse))
#1 {main}
2019-09-29 08:33:25 Error: [MissingControllerException] Controller class Controller could not be found.
Exception Attributes: array (
  'class' => 'Controller',
  'plugin' => NULL,
)
Request URL: /pmd_online.php
Stack Trace:
#0 /var/www/faro-campaign/webroot/index.php(99): Dispatcher->dispatch(Object(CakeRequest), Object(CakeResponse))
#1 {main}
2019-09-29 08:33:27 Error: [MissingControllerException] Controller class Controller could not be found.
Exception Attributes: array (
  'class' => 'Controller',
  'plugin' => NULL,
)
Request URL: /x.php
Stack Trace:
#0 /var/www/faro-campaign/webroot/index.php(99): Dispatcher->dispatch(Object(CakeRequest), Object(CakeResponse))
#1 {main}
2019-09-29 08:33:28 Error: [MissingControllerException] Controller class Controller could not be found.
Exception Attributes: array (
  'class' => 'Controller',
  'plugin' => NULL,
)
Request URL: /shell.php
Stack Trace:
#0 /var/www/faro-campaign/webroot/index.php(99): Dispatcher->dispatch(Object(CakeRequest), Object(CakeResponse))
#1 {main}
2019-09-29 08:33:29 Error: [MissingControllerException] Controller class Controller could not be found.
Exception Attributes: array (
  'class' => 'Controller',
  'plugin' => NULL,
)
Request URL: /htdocs.php
Stack Trace:
#0 /var/www/faro-campaign/webroot/index.php(99): Dispatcher->dispatch(Object(CakeRequest), Object(CakeResponse))
#1 {main}
2019-09-29 08:33:29 Error: [MissingControllerException] Controller class Controller could not be found.
Exception Attributes: array (
  'class' => 'Controller',
  'plugin' => NULL,
)
Request URL: /b.php
Stack Trace:
#0 /var/www/faro-campaign/webroot/index.php(99): Dispatcher->dispatch(Object(CakeRequest), Object(CakeResponse))
#1 {main}
2019-09-29 08:33:30 Error: [MissingControllerException] Controller class Controller could not be found.
Exception Attributes: array (
  'class' => 'Controller',
  'plugin' => NULL,
)
Request URL: /sane.php
Stack Trace:
#0 /var/www/faro-campaign/webroot/index.php(99): Dispatcher->dispatch(Object(CakeRequest), Object(CakeResponse))
#1 {main}
2019-09-29 08:33:30 Error: [MissingControllerException] Controller class Controller could not be found.
Exception Attributes: array (
  'class' => 'Controller',
  'plugin' => NULL,
)
Request URL: /desktop.ini.php
Stack Trace:
#0 /var/www/faro-campaign/webroot/index.php(99): Dispatcher->dispatch(Object(CakeRequest), Object(CakeResponse))
#1 {main}
2019-09-29 08:33:32 Error: [MissingControllerException] Controller class Controller could not be found.
Exception Attributes: array (
  'class' => 'Controller',
  'plugin' => NULL,
)
Request URL: /z.php
Stack Trace:
#0 /var/www/faro-campaign/webroot/index.php(99): Dispatcher->dispatch(Object(CakeRequest), Object(CakeResponse))
#1 {main}
2019-09-29 08:33:33 Error: [MissingControllerException] Controller class Controller could not be found.
Exception Attributes: array (
  'class' => 'Controller',
  'plugin' => NULL,
)
Request URL: /lala.php
Stack Trace:
#0 /var/www/faro-campaign/webroot/index.php(99): Dispatcher->dispatch(Object(CakeRequest), Object(CakeResponse))
#1 {main}
2019-09-29 08:33:34 Error: [MissingControllerException] Controller class Controller could not be found.
Exception Attributes: array (
  'class' => 'Controller',
  'plugin' => NULL,
)
Request URL: /lala-dpr.php
Stack Trace:
#0 /var/www/faro-campaign/webroot/index.php(99): Dispatcher->dispatch(Object(CakeRequest), Object(CakeResponse))
#1 {main}
2019-09-29 08:33:35 Error: [MissingControllerException] Controller class Controller could not be found.
Exception Attributes: array (
  'class' => 'Controller',
  'plugin' => NULL,
)
Request URL: /wpc.php
Stack Trace:
#0 /var/www/faro-campaign/webroot/index.php(99): Dispatcher->dispatch(Object(CakeRequest), Object(CakeResponse))
#1 {main}
2019-09-29 08:33:36 Error: [MissingControllerException] Controller class Controller could not be found.
Exception Attributes: array (
  'class' => 'Controller',
  'plugin' => NULL,
)
Request URL: /wpo.php
Stack Trace:
#0 /var/www/faro-campaign/webroot/index.php(99): Dispatcher->dispatch(Object(CakeRequest), Object(CakeResponse))
#1 {main}
2019-09-29 08:33:37 Error: [MissingControllerException] Controller class Controller could not be found.
Exception Attributes: array (
  'class' => 'Controller',
  'plugin' => NULL,
)
Request URL: /t6nv.php
Stack Trace:
#0 /var/www/faro-campaign/webroot/index.php(99): Dispatcher->dispatch(Object(CakeRequest), Object(CakeResponse))
#1 {main}
2019-09-29 08:33:37 Error: [MissingControllerException] Controller class Controller could not be found.
Exception Attributes: array (
  'class' => 'Controller',
  'plugin' => NULL,
)
Request URL: /muhstik.php
Stack Trace:
#0 /var/www/faro-campaign/webroot/index.php(99): Dispatcher->dispatch(Object(CakeRequest), Object(CakeResponse))
#1 {main}
2019-09-29 08:33:38 Error: [MissingControllerException] Controller class Controller could not be found.
Exception Attributes: array (
  'class' => 'Controller',
  'plugin' => NULL,
)
Request URL: /text.php
Stack Trace:
#0 /var/www/faro-campaign/webroot/index.php(99): Dispatcher->dispatch(Object(CakeRequest), Object(CakeResponse))
#1 {main}
2019-09-29 08:33:39 Error: [MissingControllerException] Controller class Controller could not be found.
Exception Attributes: array (
  'class' => 'Controller',
  'plugin' => NULL,
)
Request URL: /wp-config.php
Stack Trace:
#0 /var/www/faro-campaign/webroot/index.php(99): Dispatcher->dispatch(Object(CakeRequest), Object(CakeResponse))
#1 {main}
2019-09-29 08:33:39 Error: [MissingControllerException] Controller class Controller could not be found.
Exception Attributes: array (
  'class' => 'Controller',
  'plugin' => NULL,
)
Request URL: /muhstik.php
Stack Trace:
#0 /var/www/faro-campaign/webroot/index.php(99): Dispatcher->dispatch(Object(CakeRequest), Object(CakeResponse))
#1 {main}
2019-09-29 08:33:43 Error: [MissingControllerException] Controller class Controller could not be found.
Exception Attributes: array (
  'class' => 'Controller',
  'plugin' => NULL,
)
Request URL: /muhstiks.php
Stack Trace:
#0 /var/www/faro-campaign/webroot/index.php(99): Dispatcher->dispatch(Object(CakeRequest), Object(CakeResponse))
#1 {main}
2019-09-29 08:33:47 Error: [MissingControllerException] Controller class Controller could not be found.
Exception Attributes: array (
  'class' => 'Controller',
  'plugin' => NULL,
)
Request URL: /muhstik-dpr.php
Stack Trace:
#0 /var/www/faro-campaign/webroot/index.php(99): Dispatcher->dispatch(Object(CakeRequest), Object(CakeResponse))
#1 {main}
2019-09-29 08:33:48 Error: [MissingControllerException] Controller class Controller could not be found.
Exception Attributes: array (
  'class' => 'Controller',
  'plugin' => NULL,
)
Request URL: /lol.php
Stack Trace:
#0 /var/www/faro-campaign/webroot/index.php(99): Dispatcher->dispatch(Object(CakeRequest), Object(CakeResponse))
#1 {main}
2019-09-29 08:33:51 Error: [MissingControllerException] Controller class Controller could not be found.
Exception Attributes: array (
  'class' => 'Controller',
  'plugin' => NULL,
)
Request URL: /cmd.php
Stack Trace:
#0 /var/www/faro-campaign/webroot/index.php(99): Dispatcher->dispatch(Object(CakeRequest), Object(CakeResponse))
#1 {main}
2019-09-29 08:33:52 Error: [MissingControllerException] Controller class Controller could not be found.
Exception Attributes: array (
  'class' => 'Controller',
  'plugin' => NULL,
)
Request URL: /cmv.php
Stack Trace:
#0 /var/www/faro-campaign/webroot/index.php(99): Dispatcher->dispatch(Object(CakeRequest), Object(CakeResponse))
#1 {main}
2019-09-29 08:33:55 Error: [MissingControllerException] Controller class Controller could not be found.
Exception Attributes: array (
  'class' => 'Controller',
  'plugin' => NULL,
)
Request URL: /knal.php
Stack Trace:
#0 /var/www/faro-campaign/webroot/index.php(99): Dispatcher->dispatch(Object(CakeRequest), Object(CakeResponse))
#1 {main}
2019-09-29 08:33:59 Error: [MissingControllerException] Controller class Controller could not be found.
Exception Attributes: array (
  'class' => 'Controller',
  'plugin' => NULL,
)
Request URL: /shell.php
Stack Trace:
#0 /var/www/faro-campaign/webroot/index.php(99): Dispatcher->dispatch(Object(CakeRequest), Object(CakeResponse))
#1 {main}
2019-09-29 08:34:00 Error: [MissingControllerException] Controller class Controller could not be found.
Exception Attributes: array (
  'class' => 'Controller',
  'plugin' => NULL,
)
Request URL: /appserv.php
Stack Trace:
#0 /var/www/faro-campaign/webroot/index.php(99): Dispatcher->dispatch(Object(CakeRequest), Object(CakeResponse))
#1 {main}
2019-09-29 08:34:01 Error: [MissingControllerException] Controller class Controller could not be found.
Exception Attributes: array (
  'class' => 'Controller',
  'plugin' => NULL,
)
Request URL: /scripts/setup.php
Stack Trace:
#0 /var/www/faro-campaign/webroot/index.php(99): Dispatcher->dispatch(Object(CakeRequest), Object(CakeResponse))
#1 {main}
2019-09-29 08:34:01 Error: [MissingControllerException] Controller class Controller could not be found.
Exception Attributes: array (
  'class' => 'Controller',
  'plugin' => NULL,
)
Request URL: /phpmyadmin/scripts/setup.php
Stack Trace:
#0 /var/www/faro-campaign/webroot/index.php(99): Dispatcher->dispatch(Object(CakeRequest), Object(CakeResponse))
#1 {main}
2019-09-29 08:34:03 Error: [MissingControllerException] Controller class Controller could not be found.
Exception Attributes: array (
  'class' => 'Controller',
  'plugin' => NULL,
)
Request URL: /phpMyAdmin/scripts/setup.php
Stack Trace:
#0 /var/www/faro-campaign/webroot/index.php(99): Dispatcher->dispatch(Object(CakeRequest), Object(CakeResponse))
#1 {main}
2019-09-29 08:34:05 Error: [MissingControllerException] Controller class Controller could not be found.
Exception Attributes: array (
  'class' => 'Controller',
  'plugin' => NULL,
)
Request URL: /scripts/db___.init.php
Stack Trace:
#0 /var/www/faro-campaign/webroot/index.php(99): Dispatcher->dispatch(Object(CakeRequest), Object(CakeResponse))
#1 {main}
2019-09-29 08:34:05 Error: [MissingControllerException] Controller class Controller could not be found.
Exception Attributes: array (
  'class' => 'Controller',
  'plugin' => NULL,
)
Request URL: /phpmyadmin/scripts/db___.init.php
Stack Trace:
#0 /var/www/faro-campaign/webroot/index.php(99): Dispatcher->dispatch(Object(CakeRequest), Object(CakeResponse))
#1 {main}
2019-09-29 08:34:07 Error: [MissingControllerException] Controller class Controller could not be found.
Exception Attributes: array (
  'class' => 'Controller',
  'plugin' => NULL,
)
Request URL: /phpMyAdmin/scripts/db___.init.php
Stack Trace:
#0 /var/www/faro-campaign/webroot/index.php(99): Dispatcher->dispatch(Object(CakeRequest), Object(CakeResponse))
#1 {main}
2019-09-29 08:34:08 Error: [MissingControllerException] Controller class Controller could not be found.
Exception Attributes: array (
  'class' => 'Controller',
  'plugin' => NULL,
)
Request URL: /pma/scripts/setup.php
Stack Trace:
#0 /var/www/faro-campaign/webroot/index.php(99): Dispatcher->dispatch(Object(CakeRequest), Object(CakeResponse))
#1 {main}
2019-09-29 08:34:09 Error: [MissingControllerException] Controller class Controller could not be found.
Exception Attributes: array (
  'class' => 'Controller',
  'plugin' => NULL,
)
Request URL: /PMA/scripts/setup.php
Stack Trace:
#0 /var/www/faro-campaign/webroot/index.php(99): Dispatcher->dispatch(Object(CakeRequest), Object(CakeResponse))
#1 {main}
2019-09-29 08:34:09 Error: [MissingControllerException] Controller class Controller could not be found.
Exception Attributes: array (
  'class' => 'Controller',
  'plugin' => NULL,
)
Request URL: /myadmin/scripts/setup.php
Stack Trace:
#0 /var/www/faro-campaign/webroot/index.php(99): Dispatcher->dispatch(Object(CakeRequest), Object(CakeResponse))
#1 {main}
2019-09-29 08:34:11 Error: [MissingControllerException] Controller class Controller could not be found.
Exception Attributes: array (
  'class' => 'Controller',
  'plugin' => NULL,
)
Request URL: /MyAdmin/scripts/setup.php
Stack Trace:
#0 /var/www/faro-campaign/webroot/index.php(99): Dispatcher->dispatch(Object(CakeRequest), Object(CakeResponse))
#1 {main}
2019-09-29 08:34:12 Error: [MissingControllerException] Controller class Controller could not be found.
Exception Attributes: array (
  'class' => 'Controller',
  'plugin' => NULL,
)
Request URL: /pma/scripts/db___.init.php
Stack Trace:
#0 /var/www/faro-campaign/webroot/index.php(99): Dispatcher->dispatch(Object(CakeRequest), Object(CakeResponse))
#1 {main}
2019-09-29 08:34:13 Error: [MissingControllerException] Controller class Controller could not be found.
Exception Attributes: array (
  'class' => 'Controller',
  'plugin' => NULL,
)
Request URL: /PMA/scripts/db___.init.php
Stack Trace:
#0 /var/www/faro-campaign/webroot/index.php(99): Dispatcher->dispatch(Object(CakeRequest), Object(CakeResponse))
#1 {main}
2019-09-29 08:34:14 Error: [MissingControllerException] Controller class Controller could not be found.
Exception Attributes: array (
  'class' => 'Controller',
  'plugin' => NULL,
)
Request URL: /myadmin/scripts/db___.init.php
Stack Trace:
#0 /var/www/faro-campaign/webroot/index.php(99): Dispatcher->dispatch(Object(CakeRequest), Object(CakeResponse))
#1 {main}
2019-09-29 08:34:15 Error: [MissingControllerException] Controller class Controller could not be found.
Exception Attributes: array (
  'class' => 'Controller',
  'plugin' => NULL,
)
Request URL: /plugins/weathermap/editor.php
Stack Trace:
#0 /var/www/faro-campaign/webroot/index.php(99): Dispatcher->dispatch(Object(CakeRequest), Object(CakeResponse))
#1 {main}
2019-09-29 08:34:17 Error: [MissingControllerException] Controller class Controller could not be found.
Exception Attributes: array (
  'class' => 'Controller',
  'plugin' => NULL,
)
Request URL: /cacti/plugins/weathermap/editor.php
Stack Trace:
#0 /var/www/faro-campaign/webroot/index.php(99): Dispatcher->dispatch(Object(CakeRequest), Object(CakeResponse))
#1 {main}
2019-09-29 08:34:17 Error: [MissingControllerException] Controller class Controller could not be found.
Exception Attributes: array (
  'class' => 'Controller',
  'plugin' => NULL,
)
Request URL: /weathermap/editor.php
Stack Trace:
#0 /var/www/faro-campaign/webroot/index.php(99): Dispatcher->dispatch(Object(CakeRequest), Object(CakeResponse))
#1 {main}
2019-09-29 08:34:18 Error: [MissingControllerException] Controller class Controller could not be found.
Exception Attributes: array (
  'class' => 'Controller',
  'plugin' => NULL,
)
Request URL: /elrekt.php?s=%2Findex%2F%5Cthink%5Capp%2Finvokefunction&function=call_user_func_array&vars%5B0%5D=md5&vars%5B1%5D%5B0%5D=HelloThinkPHP
Stack Trace:
#0 /var/www/faro-campaign/webroot/index.php(99): Dispatcher->dispatch(Object(CakeRequest), Object(CakeResponse))
#1 {main}
2019-09-29 08:34:19 Error: [MissingControllerException] Controller class Controller could not be found.
Exception Attributes: array (
  'class' => 'Controller',
  'plugin' => NULL,
)
Request URL: /App/?content=die%28md5%28HelloThinkPHP%29%29
Stack Trace:
#0 /var/www/faro-campaign/webroot/index.php(99): Dispatcher->dispatch(Object(CakeRequest), Object(CakeResponse))
#1 {main}
2019-09-29 08:34:20 Error: [MissingControllerException] Controller class Controller could not be found.
Exception Attributes: array (
  'class' => 'Controller',
  'plugin' => NULL,
)
Request URL: /index.php/module/action/param1/module/action/param1/${@die(md5(HelloThinkPHP))}
Stack Trace:
#0 /var/www/faro-campaign/webroot/index.php(99): Dispatcher->dispatch(Object(CakeRequest), Object(CakeResponse))
#1 {main}
2019-09-29 08:34:23 Error: [MissingControllerException] Controller class Controller could not be found.
Exception Attributes: array (
  'class' => 'Controller',
  'plugin' => NULL,
)
Request URL: /d7.php
Stack Trace:
#0 /var/www/faro-campaign/webroot/index.php(99): Dispatcher->dispatch(Object(CakeRequest), Object(CakeResponse))
#1 {main}
2019-09-29 08:34:24 Error: [MissingControllerException] Controller class Controller could not be found.
Exception Attributes: array (
  'class' => 'Controller',
  'plugin' => NULL,
)
Request URL: /rxr.php
Stack Trace:
#0 /var/www/faro-campaign/webroot/index.php(99): Dispatcher->dispatch(Object(CakeRequest), Object(CakeResponse))
#1 {main}
2019-09-29 08:34:25 Error: [MissingControllerException] Controller class Controller could not be found.
Exception Attributes: array (
  'class' => 'Controller',
  'plugin' => NULL,
)
Request URL: /1x.php
Stack Trace:
#0 /var/www/faro-campaign/webroot/index.php(99): Dispatcher->dispatch(Object(CakeRequest), Object(CakeResponse))
#1 {main}
2019-09-29 08:34:26 Error: [MissingControllerException] Controller class Controller could not be found.
Exception Attributes: array (
  'class' => 'Controller',
  'plugin' => NULL,
)
Request URL: /home.php
Stack Trace:
#0 /var/www/faro-campaign/webroot/index.php(99): Dispatcher->dispatch(Object(CakeRequest), Object(CakeResponse))
#1 {main}
2019-09-29 08:34:27 Error: [MissingControllerException] Controller class Controller could not be found.
Exception Attributes: array (
  'class' => 'Controller',
  'plugin' => NULL,
)
Request URL: /undx.php
Stack Trace:
#0 /var/www/faro-campaign/webroot/index.php(99): Dispatcher->dispatch(Object(CakeRequest), Object(CakeResponse))
#1 {main}
2019-09-29 08:34:27 Error: [MissingControllerException] Controller class Controller could not be found.
Exception Attributes: array (
  'class' => 'Controller',
  'plugin' => NULL,
)
Request URL: /spider.php
Stack Trace:
#0 /var/www/faro-campaign/webroot/index.php(99): Dispatcher->dispatch(Object(CakeRequest), Object(CakeResponse))
#1 {main}
2019-09-29 08:34:31 Error: [MissingControllerException] Controller class Controller could not be found.
Exception Attributes: array (
  'class' => 'Controller',
  'plugin' => NULL,
)
Request URL: /composers.php
Stack Trace:
#0 /var/www/faro-campaign/webroot/index.php(99): Dispatcher->dispatch(Object(CakeRequest), Object(CakeResponse))
#1 {main}
2019-09-29 08:34:35 Error: [MissingControllerException] Controller class Controller could not be found.
Exception Attributes: array (
  'class' => 'Controller',
  'plugin' => NULL,
)
Request URL: /izom.php
Stack Trace:
#0 /var/www/faro-campaign/webroot/index.php(99): Dispatcher->dispatch(Object(CakeRequest), Object(CakeResponse))
#1 {main}
2019-09-29 08:34:39 Error: [MissingControllerException] Controller class Controller could not be found.
Exception Attributes: array (
  'class' => 'Controller',
  'plugin' => NULL,
)
Request URL: /hue2.php
Stack Trace:
#0 /var/www/faro-campaign/webroot/index.php(99): Dispatcher->dispatch(Object(CakeRequest), Object(CakeResponse))
#1 {main}
2019-09-29 08:34:40 Error: [MissingControllerException] Controller class Controller could not be found.
Exception Attributes: array (
  'class' => 'Controller',
  'plugin' => NULL,
)
Request URL: /Drupal.php
Stack Trace:
#0 /var/www/faro-campaign/webroot/index.php(99): Dispatcher->dispatch(Object(CakeRequest), Object(CakeResponse))
#1 {main}
2019-09-29 08:34:43 Error: [MissingControllerException] Controller class Controller could not be found.
Exception Attributes: array (
  'class' => 'Controller',
  'plugin' => NULL,
)
Request URL: /izom.php
Stack Trace:
#0 /var/www/faro-campaign/webroot/index.php(99): Dispatcher->dispatch(Object(CakeRequest), Object(CakeResponse))
#1 {main}
2019-09-29 08:34:44 Error: [MissingControllerException] Controller class Controller could not be found.
Exception Attributes: array (
  'class' => 'Controller',
  'plugin' => NULL,
)
Request URL: /payload.php
Stack Trace:
#0 /var/www/faro-campaign/webroot/index.php(99): Dispatcher->dispatch(Object(CakeRequest), Object(CakeResponse))
#1 {main}
2019-09-29 08:34:47 Error: [MissingControllerException] Controller class Controller could not be found.
Exception Attributes: array (
  'class' => 'Controller',
  'plugin' => NULL,
)
Request URL: /images/!.php
Stack Trace:
#0 /var/www/faro-campaign/webroot/index.php(99): Dispatcher->dispatch(Object(CakeRequest), Object(CakeResponse))
#1 {main}
2019-09-29 08:34:49 Error: [MissingControllerException] Controller class Controller could not be found.
Exception Attributes: array (
  'class' => 'Controller',
  'plugin' => NULL,
)
Request URL: /images/vuln.php
Stack Trace:
#0 /var/www/faro-campaign/webroot/index.php(99): Dispatcher->dispatch(Object(CakeRequest), Object(CakeResponse))
#1 {main}
2019-09-29 08:34:51 Error: [MissingControllerException] Controller class Controller could not be found.
Exception Attributes: array (
  'class' => 'Controller',
  'plugin' => NULL,
)
Request URL: /hd.php
Stack Trace:
#0 /var/www/faro-campaign/webroot/index.php(99): Dispatcher->dispatch(Object(CakeRequest), Object(CakeResponse))
#1 {main}
2019-09-29 08:34:55 Error: [MissingControllerException] Controller class Controller could not be found.
Exception Attributes: array (
  'class' => 'Controller',
  'plugin' => NULL,
)
Request URL: /images/attari.php
Stack Trace:
#0 /var/www/faro-campaign/webroot/index.php(99): Dispatcher->dispatch(Object(CakeRequest), Object(CakeResponse))
#1 {main}
2019-09-29 08:34:56 Error: [MissingControllerException] Controller class Controller could not be found.
Exception Attributes: array (
  'class' => 'Controller',
  'plugin' => NULL,
)
Request URL: /images/jsspwneed.php
Stack Trace:
#0 /var/www/faro-campaign/webroot/index.php(99): Dispatcher->dispatch(Object(CakeRequest), Object(CakeResponse))
#1 {main}
2019-09-29 08:34:57 Error: [MissingControllerException] Controller class Controller could not be found.
Exception Attributes: array (
  'class' => 'Controller',
  'plugin' => NULL,
)
Request URL: /images/stories/cmd.php
Stack Trace:
#0 /var/www/faro-campaign/webroot/index.php(99): Dispatcher->dispatch(Object(CakeRequest), Object(CakeResponse))
#1 {main}
2019-09-29 08:34:57 Error: [MissingControllerException] Controller class Controller could not be found.
Exception Attributes: array (
  'class' => 'Controller',
  'plugin' => NULL,
)
Request URL: /images/stories/filemga.php?ssp=RfVbHu
Stack Trace:
#0 /var/www/faro-campaign/webroot/index.php(99): Dispatcher->dispatch(Object(CakeRequest), Object(CakeResponse))
#1 {main}
2019-09-29 08:34:58 Error: [MissingControllerException] Controller class Controller could not be found.
Exception Attributes: array (
  'class' => 'Controller',
  'plugin' => NULL,
)
Request URL: /up.php
Stack Trace:
#0 /var/www/faro-campaign/webroot/index.php(99): Dispatcher->dispatch(Object(CakeRequest), Object(CakeResponse))
#1 {main}
2019-09-29 08:34:58 Error: [MissingControllerException] Controller class Controller could not be found.
Exception Attributes: array (
  'class' => 'Controller',
  'plugin' => NULL,
)
Request URL: /laravel.php
Stack Trace:
#0 /var/www/faro-campaign/webroot/index.php(99): Dispatcher->dispatch(Object(CakeRequest), Object(CakeResponse))
#1 {main}
2019-09-29 08:34:59 Error: [MissingControllerException] Controller class Controller could not be found.
Exception Attributes: array (
  'class' => 'Controller',
  'plugin' => NULL,
)
Request URL: /huoshan.php
Stack Trace:
#0 /var/www/faro-campaign/webroot/index.php(99): Dispatcher->dispatch(Object(CakeRequest), Object(CakeResponse))
#1 {main}
2019-09-29 08:35:00 Error: [MissingControllerException] Controller class Controller could not be found.
Exception Attributes: array (
  'class' => 'Controller',
  'plugin' => NULL,
)
Request URL: /yu.php
Stack Trace:
#0 /var/www/faro-campaign/webroot/index.php(99): Dispatcher->dispatch(Object(CakeRequest), Object(CakeResponse))
#1 {main}
2019-09-29 08:35:01 Error: [MissingControllerException] Controller class Controller could not be found.
Exception Attributes: array (
  'class' => 'Controller',
  'plugin' => NULL,
)
Request URL: /floaw.php
Stack Trace:
#0 /var/www/faro-campaign/webroot/index.php(99): Dispatcher->dispatch(Object(CakeRequest), Object(CakeResponse))
#1 {main}
2019-09-29 08:35:01 Error: [MissingControllerException] Controller class Controller could not be found.
Exception Attributes: array (
  'class' => 'Controller',
  'plugin' => NULL,
)
Request URL: /ftmabc.php
Stack Trace:
#0 /var/www/faro-campaign/webroot/index.php(99): Dispatcher->dispatch(Object(CakeRequest), Object(CakeResponse))
#1 {main}
2019-09-29 08:35:02 Error: [MissingControllerException] Controller class Controller could not be found.
Exception Attributes: array (
  'class' => 'Controller',
  'plugin' => NULL,
)
Request URL: /doudou.php
Stack Trace:
#0 /var/www/faro-campaign/webroot/index.php(99): Dispatcher->dispatch(Object(CakeRequest), Object(CakeResponse))
#1 {main}
2019-09-29 08:35:03 Error: [MissingControllerException] Controller class Controller could not be found.
Exception Attributes: array (
  'class' => 'Controller',
  'plugin' => NULL,
)
Request URL: /mjx.php
Stack Trace:
#0 /var/www/faro-campaign/webroot/index.php(99): Dispatcher->dispatch(Object(CakeRequest), Object(CakeResponse))
#1 {main}
2019-09-29 08:35:05 Error: [MissingControllerException] Controller class Controller could not be found.
Exception Attributes: array (
  'class' => 'Controller',
  'plugin' => NULL,
)
Request URL: /xiaoxia.php
Stack Trace:
#0 /var/www/faro-campaign/webroot/index.php(99): Dispatcher->dispatch(Object(CakeRequest), Object(CakeResponse))
#1 {main}
2019-09-29 08:35:05 Error: [MissingControllerException] Controller class Controller could not be found.
Exception Attributes: array (
  'class' => 'Controller',
  'plugin' => NULL,
)
Request URL: /yuyang.php
Stack Trace:
#0 /var/www/faro-campaign/webroot/index.php(99): Dispatcher->dispatch(Object(CakeRequest), Object(CakeResponse))
#1 {main}
2019-09-29 08:35:06 Error: [MissingControllerException] Controller class Controller could not be found.
Exception Attributes: array (
  'class' => 'Controller',
  'plugin' => NULL,
)
Request URL: /zz.php
Stack Trace:
#0 /var/www/faro-campaign/webroot/index.php(99): Dispatcher->dispatch(Object(CakeRequest), Object(CakeResponse))
#1 {main}
2019-09-29 08:35:07 Error: [MissingControllerException] Controller class Controller could not be found.
Exception Attributes: array (
  'class' => 'Controller',
  'plugin' => NULL,
)
Request URL: /coonig.php
Stack Trace:
#0 /var/www/faro-campaign/webroot/index.php(99): Dispatcher->dispatch(Object(CakeRequest), Object(CakeResponse))
#1 {main}
2019-09-29 08:35:07 Error: [MissingControllerException] Controller class Controller could not be found.
Exception Attributes: array (
  'class' => 'Controller',
  'plugin' => NULL,
)
Request URL: /ak.php
Stack Trace:
#0 /var/www/faro-campaign/webroot/index.php(99): Dispatcher->dispatch(Object(CakeRequest), Object(CakeResponse))
#1 {main}
2019-09-29 08:35:11 Error: [MissingControllerException] Controller class Controller could not be found.
Exception Attributes: array (
  'class' => 'Controller',
  'plugin' => NULL,
)
Request URL: /baidoubi.php
Stack Trace:
#0 /var/www/faro-campaign/webroot/index.php(99): Dispatcher->dispatch(Object(CakeRequest), Object(CakeResponse))
#1 {main}
2019-09-29 08:35:12 Error: [MissingControllerException] Controller class Controller could not be found.
Exception Attributes: array (
  'class' => 'Controller',
  'plugin' => NULL,
)
Request URL: /hhhhhh.php
Stack Trace:
#0 /var/www/faro-campaign/webroot/index.php(99): Dispatcher->dispatch(Object(CakeRequest), Object(CakeResponse))
#1 {main}
2019-09-29 08:35:15 Error: [MissingControllerException] Controller class Controller could not be found.
Exception Attributes: array (
  'class' => 'Controller',
  'plugin' => NULL,
)
Request URL: /no1.php
Stack Trace:
#0 /var/www/faro-campaign/webroot/index.php(99): Dispatcher->dispatch(Object(CakeRequest), Object(CakeResponse))
#1 {main}
2019-09-29 08:35:16 Error: [MissingControllerException] Controller class Controller could not be found.
Exception Attributes: array (
  'class' => 'Controller',
  'plugin' => NULL,
)
Request URL: /python.php
Stack Trace:
#0 /var/www/faro-campaign/webroot/index.php(99): Dispatcher->dispatch(Object(CakeRequest), Object(CakeResponse))
#1 {main}
2019-09-29 08:35:17 Error: [MissingControllerException] Controller class Controller could not be found.
Exception Attributes: array (
  'class' => 'Controller',
  'plugin' => NULL,
)
Request URL: /woshimengmei.php
Stack Trace:
#0 /var/www/faro-campaign/webroot/index.php(99): Dispatcher->dispatch(Object(CakeRequest), Object(CakeResponse))
#1 {main}
2019-09-29 08:35:19 Error: [MissingControllerException] Controller class Controller could not be found.
Exception Attributes: array (
  'class' => 'Controller',
  'plugin' => NULL,
)
Request URL: /indea.php
Stack Trace:
#0 /var/www/faro-campaign/webroot/index.php(99): Dispatcher->dispatch(Object(CakeRequest), Object(CakeResponse))
#1 {main}
2019-09-29 08:35:20 Error: [MissingControllerException] Controller class Controller could not be found.
Exception Attributes: array (
  'class' => 'Controller',
  'plugin' => NULL,
)
Request URL: /taisui.php
Stack Trace:
#0 /var/www/faro-campaign/webroot/index.php(99): Dispatcher->dispatch(Object(CakeRequest), Object(CakeResponse))
#1 {main}
2019-09-29 08:35:21 Error: [MissingControllerException] Controller class Controller could not be found.
Exception Attributes: array (
  'class' => 'Controller',
  'plugin' => NULL,
)
Request URL: /xiaxia.php
Stack Trace:
#0 /var/www/faro-campaign/webroot/index.php(99): Dispatcher->dispatch(Object(CakeRequest), Object(CakeResponse))
#1 {main}
2019-09-29 08:35:23 Error: [MissingControllerException] Controller class Controller could not be found.
Exception Attributes: array (
  'class' => 'Controller',
  'plugin' => NULL,
)
Request URL: /xsser.php
Stack Trace:
#0 /var/www/faro-campaign/webroot/index.php(99): Dispatcher->dispatch(Object(CakeRequest), Object(CakeResponse))
#1 {main}
2019-09-29 08:35:24 Error: [MissingControllerException] Controller class Controller could not be found.
Exception Attributes: array (
  'class' => 'Controller',
  'plugin' => NULL,
)
Request URL: /zzz.php
Stack Trace:
#0 /var/www/faro-campaign/webroot/index.php(99): Dispatcher->dispatch(Object(CakeRequest), Object(CakeResponse))
#1 {main}
2019-09-29 08:35:25 Error: [MissingControllerException] Controller class Controller could not be found.
Exception Attributes: array (
  'class' => 'Controller',
  'plugin' => NULL,
)
Request URL: /99.php
Stack Trace:
#0 /var/www/faro-campaign/webroot/index.php(99): Dispatcher->dispatch(Object(CakeRequest), Object(CakeResponse))
#1 {main}
2019-09-29 08:35:25 Error: [MissingControllerException] Controller class Controller could not be found.
Exception Attributes: array (
  'class' => 'Controller',
  'plugin' => NULL,
)
Request URL: /dp.php
Stack Trace:
#0 /var/www/faro-campaign/webroot/index.php(99): Dispatcher->dispatch(Object(CakeRequest), Object(CakeResponse))
#1 {main}
2019-09-29 08:35:28 Error: [MissingControllerException] Controller class Controller could not be found.
Exception Attributes: array (
  'class' => 'Controller',
  'plugin' => NULL,
)
Request URL: /phpdm.php
Stack Trace:
#0 /var/www/faro-campaign/webroot/index.php(99): Dispatcher->dispatch(Object(CakeRequest), Object(CakeResponse))
#1 {main}
2019-09-29 08:35:28 Error: [MissingControllerException] Controller class Controller could not be found.
Exception Attributes: array (
  'class' => 'Controller',
  'plugin' => NULL,
)
Request URL: /root.php
Stack Trace:
#0 /var/www/faro-campaign/webroot/index.php(99): Dispatcher->dispatch(Object(CakeRequest), Object(CakeResponse))
#1 {main}
2019-09-29 08:35:29 Error: [MissingControllerException] Controller class Controller could not be found.
Exception Attributes: array (
  'class' => 'Controller',
  'plugin' => NULL,
)
Request URL: /5678.php
Stack Trace:
#0 /var/www/faro-campaign/webroot/index.php(99): Dispatcher->dispatch(Object(CakeRequest), Object(CakeResponse))
#1 {main}
2019-09-29 08:35:29 Error: [MissingControllerException] Controller class Controller could not be found.
Exception Attributes: array (
  'class' => 'Controller',
  'plugin' => NULL,
)
Request URL: /root11.php
Stack Trace:
#0 /var/www/faro-campaign/webroot/index.php(99): Dispatcher->dispatch(Object(CakeRequest), Object(CakeResponse))
#1 {main}
2019-09-29 08:35:30 Error: [MissingControllerException] Controller class Controller could not be found.
Exception Attributes: array (
  'class' => 'Controller',
  'plugin' => NULL,
)
Request URL: /xiu.php
Stack Trace:
#0 /var/www/faro-campaign/webroot/index.php(99): Dispatcher->dispatch(Object(CakeRequest), Object(CakeResponse))
#1 {main}
2019-09-29 08:35:32 Error: [MissingControllerException] Controller class Controller could not be found.
Exception Attributes: array (
  'class' => 'Controller',
  'plugin' => NULL,
)
Request URL: /xw.php
Stack Trace:
#0 /var/www/faro-campaign/webroot/index.php(99): Dispatcher->dispatch(Object(CakeRequest), Object(CakeResponse))
#1 {main}
2019-09-29 08:35:32 Error: [MissingControllerException] Controller class Controller could not be found.
Exception Attributes: array (
  'class' => 'Controller',
  'plugin' => NULL,
)
Request URL: /xw1.php
Stack Trace:
#0 /var/www/faro-campaign/webroot/index.php(99): Dispatcher->dispatch(Object(CakeRequest), Object(CakeResponse))
#1 {main}
2019-09-29 08:35:33 Error: [MissingControllerException] Controller class Controller could not be found.
Exception Attributes: array (
  'class' => 'Controller',
  'plugin' => NULL,
)
Request URL: /9678.php
Stack Trace:
#0 /var/www/faro-campaign/webroot/index.php(99): Dispatcher->dispatch(Object(CakeRequest), Object(CakeResponse))
#1 {main}
2019-09-29 08:35:34 Error: [MissingControllerException] Controller class Controller could not be found.
Exception Attributes: array (
  'class' => 'Controller',
  'plugin' => NULL,
)
Request URL: /wc.php
Stack Trace:
#0 /var/www/faro-campaign/webroot/index.php(99): Dispatcher->dispatch(Object(CakeRequest), Object(CakeResponse))
#1 {main}
2019-09-29 08:35:34 Error: [MissingControllerException] Controller class Controller could not be found.
Exception Attributes: array (
  'class' => 'Controller',
  'plugin' => NULL,
)
Request URL: /xx.php
Stack Trace:
#0 /var/www/faro-campaign/webroot/index.php(99): Dispatcher->dispatch(Object(CakeRequest), Object(CakeResponse))
#1 {main}
2019-09-29 08:35:39 Error: [MissingControllerException] Controller class Controller could not be found.
Exception Attributes: array (
  'class' => 'Controller',
  'plugin' => NULL,
)
Request URL: /s.php
Stack Trace:
#0 /var/www/faro-campaign/webroot/index.php(99): Dispatcher->dispatch(Object(CakeRequest), Object(CakeResponse))
#1 {main}
2019-09-29 08:35:40 Error: [MissingControllerException] Controller class Controller could not be found.
Exception Attributes: array (
  'class' => 'Controller',
  'plugin' => NULL,
)
Request URL: /w.php
Stack Trace:
#0 /var/www/faro-campaign/webroot/index.php(99): Dispatcher->dispatch(Object(CakeRequest), Object(CakeResponse))
#1 {main}
2019-09-29 08:35:43 Error: [MissingControllerException] Controller class Controller could not be found.
Exception Attributes: array (
  'class' => 'Controller',
  'plugin' => NULL,
)
Request URL: /qaq.php
Stack Trace:
#0 /var/www/faro-campaign/webroot/index.php(99): Dispatcher->dispatch(Object(CakeRequest), Object(CakeResponse))
#1 {main}
2019-09-29 08:35:45 Error: [MissingControllerException] Controller class Controller could not be found.
Exception Attributes: array (
  'class' => 'Controller',
  'plugin' => NULL,
)
Request URL: /my.php
Stack Trace:
#0 /var/www/faro-campaign/webroot/index.php(99): Dispatcher->dispatch(Object(CakeRequest), Object(CakeResponse))
#1 {main}
2019-09-29 08:35:45 Error: [MissingControllerException] Controller class Controller could not be found.
Exception Attributes: array (
  'class' => 'Controller',
  'plugin' => NULL,
)
Request URL: /qq.php
Stack Trace:
#0 /var/www/faro-campaign/webroot/index.php(99): Dispatcher->dispatch(Object(CakeRequest), Object(CakeResponse))
#1 {main}
2019-09-29 08:35:48 Error: [MissingControllerException] Controller class Controller could not be found.
Exception Attributes: array (
  'class' => 'Controller',
  'plugin' => NULL,
)
Request URL: /aaa.php
Stack Trace:
#0 /var/www/faro-campaign/webroot/index.php(99): Dispatcher->dispatch(Object(CakeRequest), Object(CakeResponse))
#1 {main}
2019-09-29 08:35:48 Error: [MissingControllerException] Controller class Controller could not be found.
Exception Attributes: array (
  'class' => 'Controller',
  'plugin' => NULL,
)
Request URL: /hhh.php
Stack Trace:
#0 /var/www/faro-campaign/webroot/index.php(99): Dispatcher->dispatch(Object(CakeRequest), Object(CakeResponse))
#1 {main}
2019-09-29 08:35:50 Error: [MissingControllerException] Controller class Controller could not be found.
Exception Attributes: array (
  'class' => 'Controller',
  'plugin' => NULL,
)
Request URL: /jjj.php
Stack Trace:
#0 /var/www/faro-campaign/webroot/index.php(99): Dispatcher->dispatch(Object(CakeRequest), Object(CakeResponse))
#1 {main}
2019-09-29 08:35:52 Error: [MissingControllerException] Controller class Controller could not be found.
Exception Attributes: array (
  'class' => 'Controller',
  'plugin' => NULL,
)
Request URL: /vvv.php
Stack Trace:
#0 /var/www/faro-campaign/webroot/index.php(99): Dispatcher->dispatch(Object(CakeRequest), Object(CakeResponse))
#1 {main}
2019-09-29 08:35:53 Error: [MissingControllerException] Controller class Controller could not be found.
Exception Attributes: array (
  'class' => 'Controller',
  'plugin' => NULL,
)
Request URL: /www.php
Stack Trace:
#0 /var/www/faro-campaign/webroot/index.php(99): Dispatcher->dispatch(Object(CakeRequest), Object(CakeResponse))
#1 {main}
2019-09-29 08:35:54 Error: [MissingControllerException] Controller class Controller could not be found.
Exception Attributes: array (
  'class' => 'Controller',
  'plugin' => NULL,
)
Request URL: /ffr.php
Stack Trace:
#0 /var/www/faro-campaign/webroot/index.php(99): Dispatcher->dispatch(Object(CakeRequest), Object(CakeResponse))
#1 {main}
2019-09-29 08:35:54 Error: [MissingControllerException] Controller class Controller could not be found.
Exception Attributes: array (
  'class' => 'Controller',
  'plugin' => NULL,
)
Request URL: /411.php
Stack Trace:
#0 /var/www/faro-campaign/webroot/index.php(99): Dispatcher->dispatch(Object(CakeRequest), Object(CakeResponse))
#1 {main}
2019-09-29 08:35:56 Error: [MissingControllerException] Controller class Controller could not be found.
Exception Attributes: array (
  'class' => 'Controller',
  'plugin' => NULL,
)
Request URL: /421.php
Stack Trace:
#0 /var/www/faro-campaign/webroot/index.php(99): Dispatcher->dispatch(Object(CakeRequest), Object(CakeResponse))
#1 {main}
2019-09-29 08:35:57 Error: [MissingControllerException] Controller class Controller could not be found.
Exception Attributes: array (
  'class' => 'Controller',
  'plugin' => NULL,
)
Request URL: /444.php
Stack Trace:
#0 /var/www/faro-campaign/webroot/index.php(99): Dispatcher->dispatch(Object(CakeRequest), Object(CakeResponse))
#1 {main}
2019-09-29 08:35:57 Error: [MissingControllerException] Controller class Controller could not be found.
Exception Attributes: array (
  'class' => 'Controller',
  'plugin' => NULL,
)
Request URL: /a411.php
Stack Trace:
#0 /var/www/faro-campaign/webroot/index.php(99): Dispatcher->dispatch(Object(CakeRequest), Object(CakeResponse))
#1 {main}
2019-09-29 08:35:58 Error: [MissingControllerException] Controller class Controller could not be found.
Exception Attributes: array (
  'class' => 'Controller',
  'plugin' => NULL,
)
Request URL: /whoami.php
Stack Trace:
#0 /var/www/faro-campaign/webroot/index.php(99): Dispatcher->dispatch(Object(CakeRequest), Object(CakeResponse))
#1 {main}
2019-09-29 08:35:58 Error: [MissingControllerException] Controller class Controller could not be found.
Exception Attributes: array (
  'class' => 'Controller',
  'plugin' => NULL,
)
Request URL: /whoami.php.php
Stack Trace:
#0 /var/www/faro-campaign/webroot/index.php(99): Dispatcher->dispatch(Object(CakeRequest), Object(CakeResponse))
#1 {main}
2019-09-29 08:35:59 Error: [MissingControllerException] Controller class Controller could not be found.
Exception Attributes: array (
  'class' => 'Controller',
  'plugin' => NULL,
)
Request URL: /9.php
Stack Trace:
#0 /var/www/faro-campaign/webroot/index.php(99): Dispatcher->dispatch(Object(CakeRequest), Object(CakeResponse))
#1 {main}
2019-09-29 08:36:00 Error: [MissingControllerException] Controller class Controller could not be found.
Exception Attributes: array (
  'class' => 'Controller',
  'plugin' => NULL,
)
Request URL: /98k.php
Stack Trace:
#0 /var/www/faro-campaign/webroot/index.php(99): Dispatcher->dispatch(Object(CakeRequest), Object(CakeResponse))
#1 {main}
2019-09-29 08:36:01 Error: [MissingControllerException] Controller class Controller could not be found.
Exception Attributes: array (
  'class' => 'Controller',
  'plugin' => NULL,
)
Request URL: /981.php
Stack Trace:
#0 /var/www/faro-campaign/webroot/index.php(99): Dispatcher->dispatch(Object(CakeRequest), Object(CakeResponse))
#1 {main}
2019-09-29 08:36:01 Error: [MissingControllerException] Controller class Controller could not be found.
Exception Attributes: array (
  'class' => 'Controller',
  'plugin' => NULL,
)
Request URL: /887.php
Stack Trace:
#0 /var/www/faro-campaign/webroot/index.php(99): Dispatcher->dispatch(Object(CakeRequest), Object(CakeResponse))
#1 {main}
2019-09-29 08:36:04 Error: [MissingControllerException] Controller class Controller could not be found.
Exception Attributes: array (
  'class' => 'Controller',
  'plugin' => NULL,
)
Request URL: /aa.php
Stack Trace:
#0 /var/www/faro-campaign/webroot/index.php(99): Dispatcher->dispatch(Object(CakeRequest), Object(CakeResponse))
#1 {main}
2019-09-29 08:36:05 Error: [MissingControllerException] Controller class Controller could not be found.
Exception Attributes: array (
  'class' => 'Controller',
  'plugin' => NULL,
)
Request URL: /bb.php
Stack Trace:
#0 /var/www/faro-campaign/webroot/index.php(99): Dispatcher->dispatch(Object(CakeRequest), Object(CakeResponse))
#1 {main}
2019-09-29 08:36:05 Error: [MissingControllerException] Controller class Controller could not be found.
Exception Attributes: array (
  'class' => 'Controller',
  'plugin' => NULL,
)
Request URL: /pp.php
Stack Trace:
#0 /var/www/faro-campaign/webroot/index.php(99): Dispatcher->dispatch(Object(CakeRequest), Object(CakeResponse))
#1 {main}
2019-09-29 08:36:06 Error: [MissingControllerException] Controller class Controller could not be found.
Exception Attributes: array (
  'class' => 'Controller',
  'plugin' => NULL,
)
Request URL: /tt.php
Stack Trace:
#0 /var/www/faro-campaign/webroot/index.php(99): Dispatcher->dispatch(Object(CakeRequest), Object(CakeResponse))
#1 {main}
2019-09-29 08:36:06 Error: [MissingControllerException] Controller class Controller could not be found.
Exception Attributes: array (
  'class' => 'Controller',
  'plugin' => NULL,
)
Request URL: /bbq.php
Stack Trace:
#0 /var/www/faro-campaign/webroot/index.php(99): Dispatcher->dispatch(Object(CakeRequest), Object(CakeResponse))
#1 {main}
2019-09-29 08:36:07 Error: [MissingControllerException] Controller class Controller could not be found.
Exception Attributes: array (
  'class' => 'Controller',
  'plugin' => NULL,
)
Request URL: /jj1.php
Stack Trace:
#0 /var/www/faro-campaign/webroot/index.php(99): Dispatcher->dispatch(Object(CakeRequest), Object(CakeResponse))
#1 {main}
2019-09-29 08:36:08 Error: [MissingControllerException] Controller class Controller could not be found.
Exception Attributes: array (
  'class' => 'Controller',
  'plugin' => NULL,
)
Request URL: /jbb.php
Stack Trace:
#0 /var/www/faro-campaign/webroot/index.php(99): Dispatcher->dispatch(Object(CakeRequest), Object(CakeResponse))
#1 {main}
2019-09-29 08:36:09 Error: [MissingControllerException] Controller class Controller could not be found.
Exception Attributes: array (
  'class' => 'Controller',
  'plugin' => NULL,
)
Request URL: /7o.php
Stack Trace:
#0 /var/www/faro-campaign/webroot/index.php(99): Dispatcher->dispatch(Object(CakeRequest), Object(CakeResponse))
#1 {main}
2019-09-29 08:36:09 Error: [MissingControllerException] Controller class Controller could not be found.
Exception Attributes: array (
  'class' => 'Controller',
  'plugin' => NULL,
)
Request URL: /qwq.php
Stack Trace:
#0 /var/www/faro-campaign/webroot/index.php(99): Dispatcher->dispatch(Object(CakeRequest), Object(CakeResponse))
#1 {main}
2019-09-29 08:36:11 Error: [MissingControllerException] Controller class Controller could not be found.
Exception Attributes: array (
  'class' => 'Controller',
  'plugin' => NULL,
)
Request URL: /nb.php
Stack Trace:
#0 /var/www/faro-campaign/webroot/index.php(99): Dispatcher->dispatch(Object(CakeRequest), Object(CakeResponse))
#1 {main}
2019-09-29 08:36:11 Error: [MissingControllerException] Controller class Controller could not be found.
Exception Attributes: array (
  'class' => 'Controller',
  'plugin' => NULL,
)
Request URL: /kpl.php
Stack Trace:
#0 /var/www/faro-campaign/webroot/index.php(99): Dispatcher->dispatch(Object(CakeRequest), Object(CakeResponse))
#1 {main}
2019-09-29 08:36:15 Error: [MissingControllerException] Controller class Controller could not be found.
Exception Attributes: array (
  'class' => 'Controller',
  'plugin' => NULL,
)
Request URL: /hgx.php
Stack Trace:
#0 /var/www/faro-campaign/webroot/index.php(99): Dispatcher->dispatch(Object(CakeRequest), Object(CakeResponse))
#1 {main}
2019-09-29 08:36:19 Error: [MissingControllerException] Controller class Controller could not be found.
Exception Attributes: array (
  'class' => 'Controller',
  'plugin' => NULL,
)
Request URL: /ppl.php
Stack Trace:
#0 /var/www/faro-campaign/webroot/index.php(99): Dispatcher->dispatch(Object(CakeRequest), Object(CakeResponse))
#1 {main}
2019-09-29 08:36:21 Error: [MissingControllerException] Controller class Controller could not be found.
Exception Attributes: array (
  'class' => 'Controller',
  'plugin' => NULL,
)
Request URL: /tty.php
Stack Trace:
#0 /var/www/faro-campaign/webroot/index.php(99): Dispatcher->dispatch(Object(CakeRequest), Object(CakeResponse))
#1 {main}
2019-09-29 08:36:23 Error: [MissingControllerException] Controller class Controller could not be found.
Exception Attributes: array (
  'class' => 'Controller',
  'plugin' => NULL,
)
Request URL: /ooi.php
Stack Trace:
#0 /var/www/faro-campaign/webroot/index.php(99): Dispatcher->dispatch(Object(CakeRequest), Object(CakeResponse))
#1 {main}
2019-09-29 08:36:25 Error: [MissingControllerException] Controller class Controller could not be found.
Exception Attributes: array (
  'class' => 'Controller',
  'plugin' => NULL,
)
Request URL: /aap.php
Stack Trace:
#0 /var/www/faro-campaign/webroot/index.php(99): Dispatcher->dispatch(Object(CakeRequest), Object(CakeResponse))
#1 {main}
2019-09-29 08:36:28 Error: [MissingControllerException] Controller class Controller could not be found.
Exception Attributes: array (
  'class' => 'Controller',
  'plugin' => NULL,
)
Request URL: /bbr.php
Stack Trace:
#0 /var/www/faro-campaign/webroot/index.php(99): Dispatcher->dispatch(Object(CakeRequest), Object(CakeResponse))
#1 {main}
2019-09-29 08:36:28 Error: [MissingControllerException] Controller class Controller could not be found.
Exception Attributes: array (
  'class' => 'Controller',
  'plugin' => NULL,
)
Request URL: /ioi.php
Stack Trace:
#0 /var/www/faro-campaign/webroot/index.php(99): Dispatcher->dispatch(Object(CakeRequest), Object(CakeResponse))
#1 {main}
2019-09-29 08:36:32 Error: [MissingControllerException] Controller class Controller could not be found.
Exception Attributes: array (
  'class' => 'Controller',
  'plugin' => NULL,
)
Request URL: /yyy.php
Stack Trace:
#0 /var/www/faro-campaign/webroot/index.php(99): Dispatcher->dispatch(Object(CakeRequest), Object(CakeResponse))
#1 {main}
2019-09-29 08:36:39 Error: [MissingControllerException] Controller class Controller could not be found.
Exception Attributes: array (
  'class' => 'Controller',
  'plugin' => NULL,
)
Request URL: /shh.php
Stack Trace:
#0 /var/www/faro-campaign/webroot/index.php(99): Dispatcher->dispatch(Object(CakeRequest), Object(CakeResponse))
#1 {main}
2019-09-29 08:36:43 Error: [MissingControllerException] Controller class Controller could not be found.
Exception Attributes: array (
  'class' => 'Controller',
  'plugin' => NULL,
)
Request URL: /ddd.php
Stack Trace:
#0 /var/www/faro-campaign/webroot/index.php(99): Dispatcher->dispatch(Object(CakeRequest), Object(CakeResponse))
#1 {main}
2019-09-29 08:36:44 Error: [MissingControllerException] Controller class Controller could not be found.
Exception Attributes: array (
  'class' => 'Controller',
  'plugin' => NULL,
)
Request URL: /nnn.php
Stack Trace:
#0 /var/www/faro-campaign/webroot/index.php(99): Dispatcher->dispatch(Object(CakeRequest), Object(CakeResponse))
#1 {main}
2019-09-29 08:36:48 Error: [MissingControllerException] Controller class Controller could not be found.
Exception Attributes: array (
  'class' => 'Controller',
  'plugin' => NULL,
)
Request URL: /ttt.php
Stack Trace:
#0 /var/www/faro-campaign/webroot/index.php(99): Dispatcher->dispatch(Object(CakeRequest), Object(CakeResponse))
#1 {main}
2019-09-29 08:36:48 Error: [MissingControllerException] Controller class Controller could not be found.
Exception Attributes: array (
  'class' => 'Controller',
  'plugin' => NULL,
)
Request URL: /bbqq.php
Stack Trace:
#0 /var/www/faro-campaign/webroot/index.php(99): Dispatcher->dispatch(Object(CakeRequest), Object(CakeResponse))
#1 {main}
2019-09-29 08:36:51 Error: [MissingControllerException] Controller class Controller could not be found.
Exception Attributes: array (
  'class' => 'Controller',
  'plugin' => NULL,
)
Request URL: /tyrant.php
Stack Trace:
#0 /var/www/faro-campaign/webroot/index.php(99): Dispatcher->dispatch(Object(CakeRequest), Object(CakeResponse))
#1 {main}
2019-09-29 08:36:53 Error: [MissingControllerException] Controller class Controller could not be found.
Exception Attributes: array (
  'class' => 'Controller',
  'plugin' => NULL,
)
Request URL: /qiqi.php
Stack Trace:
#0 /var/www/faro-campaign/webroot/index.php(99): Dispatcher->dispatch(Object(CakeRequest), Object(CakeResponse))
#1 {main}
2019-09-29 08:36:55 Error: [MissingControllerException] Controller class Controller could not be found.
Exception Attributes: array (
  'class' => 'Controller',
  'plugin' => NULL,
)
Request URL: /qiqi1.php
Stack Trace:
#0 /var/www/faro-campaign/webroot/index.php(99): Dispatcher->dispatch(Object(CakeRequest), Object(CakeResponse))
#1 {main}
2019-09-29 08:36:59 Error: [MissingControllerException] Controller class Controller could not be found.
Exception Attributes: array (
  'class' => 'Controller',
  'plugin' => NULL,
)
Request URL: /%73%65%65%79%6F%6E/%68%74%6D%6C%6F%66%66%69%63%65%73%65%72%76%6C%65%74
Stack Trace:
#0 /var/www/faro-campaign/webroot/index.php(99): Dispatcher->dispatch(Object(CakeRequest), Object(CakeResponse))
#1 {main}
2019-09-29 08:37:00 Error: [MissingControllerException] Controller class Controller could not be found.
Exception Attributes: array (
  'class' => 'Controller',
  'plugin' => NULL,
)
Request URL: /secure/ContactAdministrators!default.jspa
Stack Trace:
#0 /var/www/faro-campaign/webroot/index.php(99): Dispatcher->dispatch(Object(CakeRequest), Object(CakeResponse))
#1 {main}
2019-09-29 08:37:01 Error: [MissingControllerException] Controller class Controller could not be found.
Exception Attributes: array (
  'class' => 'Controller',
  'plugin' => NULL,
)
Request URL: /%75%73%65%72/%72%65%67%69%73%74%65%72?element_parents=timezone%2Ftimezone%2F%23value&ajax_form=1&_wrapper_format=drupal_ajax
Stack Trace:
#0 /var/www/faro-campaign/webroot/index.php(99): Dispatcher->dispatch(Object(CakeRequest), Object(CakeResponse))
#1 {main}
2019-09-29 08:37:04 Error: [MissingControllerException] Controller class Controller could not be found.
Exception Attributes: array (
  'class' => 'Controller',
  'plugin' => NULL,
)
Request URL: /%75%73%65%72%2e%70%68%70
Stack Trace:
#0 /var/www/faro-campaign/webroot/index.php(99): Dispatcher->dispatch(Object(CakeRequest), Object(CakeResponse))
#1 {main}
2019-09-29 08:37:05 Error: [MissingControllerException] Controller class Controller could not be found.
Exception Attributes: array (
  'class' => 'Controller',
  'plugin' => NULL,
)
Request URL: /phpmyadmin/index.php
Stack Trace:
#0 /var/www/faro-campaign/webroot/index.php(99): Dispatcher->dispatch(Object(CakeRequest), Object(CakeResponse))
#1 {main}
2019-09-29 08:37:05 Error: [MissingControllerException] Controller class Controller could not be found.
Exception Attributes: array (
  'class' => 'Controller',
  'plugin' => NULL,
)
Request URL: /phpMyAdmin/index.php
Stack Trace:
#0 /var/www/faro-campaign/webroot/index.php(99): Dispatcher->dispatch(Object(CakeRequest), Object(CakeResponse))
#1 {main}
2019-09-29 08:37:08 Error: [MissingControllerException] Controller class Controller could not be found.
Exception Attributes: array (
  'class' => 'Controller',
  'plugin' => NULL,
)
Request URL: /pmd/index.php
Stack Trace:
#0 /var/www/faro-campaign/webroot/index.php(99): Dispatcher->dispatch(Object(CakeRequest), Object(CakeResponse))
#1 {main}
2019-09-29 08:37:11 Error: [MissingControllerException] Controller class Controller could not be found.
Exception Attributes: array (
  'class' => 'Controller',
  'plugin' => NULL,
)
Request URL: /pma/index.php
Stack Trace:
#0 /var/www/faro-campaign/webroot/index.php(99): Dispatcher->dispatch(Object(CakeRequest), Object(CakeResponse))
#1 {main}
2019-09-29 08:37:11 Error: [MissingControllerException] Controller class Controller could not be found.
Exception Attributes: array (
  'class' => 'Controller',
  'plugin' => NULL,
)
Request URL: /PMA/index.php
Stack Trace:
#0 /var/www/faro-campaign/webroot/index.php(99): Dispatcher->dispatch(Object(CakeRequest), Object(CakeResponse))
#1 {main}
2019-09-29 08:37:12 Error: [MissingControllerException] Controller class Controller could not be found.
Exception Attributes: array (
  'class' => 'Controller',
  'plugin' => NULL,
)
Request URL: /PMA2/index.php
Stack Trace:
#0 /var/www/faro-campaign/webroot/index.php(99): Dispatcher->dispatch(Object(CakeRequest), Object(CakeResponse))
#1 {main}
2019-09-29 08:37:13 Error: [MissingControllerException] Controller class Controller could not be found.
Exception Attributes: array (
  'class' => 'Controller',
  'plugin' => NULL,
)
Request URL: /pmamy/index.php
Stack Trace:
#0 /var/www/faro-campaign/webroot/index.php(99): Dispatcher->dispatch(Object(CakeRequest), Object(CakeResponse))
#1 {main}
2019-09-29 08:37:13 Error: [MissingControllerException] Controller class Controller could not be found.
Exception Attributes: array (
  'class' => 'Controller',
  'plugin' => NULL,
)
Request URL: /pmamy2/index.php
Stack Trace:
#0 /var/www/faro-campaign/webroot/index.php(99): Dispatcher->dispatch(Object(CakeRequest), Object(CakeResponse))
#1 {main}
2019-09-29 08:37:14 Error: [MissingControllerException] Controller class Controller could not be found.
Exception Attributes: array (
  'class' => 'Controller',
  'plugin' => NULL,
)
Request URL: /mysql/index.php
Stack Trace:
#0 /var/www/faro-campaign/webroot/index.php(99): Dispatcher->dispatch(Object(CakeRequest), Object(CakeResponse))
#1 {main}
2019-09-29 08:37:16 Error: [MissingControllerException] Controller class Controller could not be found.
Exception Attributes: array (
  'class' => 'Controller',
  'plugin' => NULL,
)
Request URL: /db/index.php
Stack Trace:
#0 /var/www/faro-campaign/webroot/index.php(99): Dispatcher->dispatch(Object(CakeRequest), Object(CakeResponse))
#1 {main}
2019-09-29 08:37:16 Error: [MissingControllerException] Controller class Controller could not be found.
Exception Attributes: array (
  'class' => 'Controller',
  'plugin' => NULL,
)
Request URL: /dbadmin/index.php
Stack Trace:
#0 /var/www/faro-campaign/webroot/index.php(99): Dispatcher->dispatch(Object(CakeRequest), Object(CakeResponse))
#1 {main}
2019-09-29 08:37:17 Error: [MissingControllerException] Controller class Controller could not be found.
Exception Attributes: array (
  'class' => 'Controller',
  'plugin' => NULL,
)
Request URL: /web/phpMyAdmin/index.php
Stack Trace:
#0 /var/www/faro-campaign/webroot/index.php(99): Dispatcher->dispatch(Object(CakeRequest), Object(CakeResponse))
#1 {main}
2019-09-29 08:37:17 Error: [MissingControllerException] Controller class Controller could not be found.
Exception Attributes: array (
  'class' => 'Controller',
  'plugin' => NULL,
)
Request URL: /admin/pma/index.php
Stack Trace:
#0 /var/www/faro-campaign/webroot/index.php(99): Dispatcher->dispatch(Object(CakeRequest), Object(CakeResponse))
#1 {main}
2019-09-29 08:37:18 Error: [MissingControllerException] Controller class Controller could not be found.
Exception Attributes: array (
  'class' => 'Controller',
  'plugin' => NULL,
)
Request URL: /admin/PMA/index.php
Stack Trace:
#0 /var/www/faro-campaign/webroot/index.php(99): Dispatcher->dispatch(Object(CakeRequest), Object(CakeResponse))
#1 {main}
2019-09-29 08:37:19 Error: [MissingControllerException] Controller class Controller could not be found.
Exception Attributes: array (
  'class' => 'Controller',
  'plugin' => NULL,
)
Request URL: /admin/mysql2/index.php
Stack Trace:
#0 /var/www/faro-campaign/webroot/index.php(99): Dispatcher->dispatch(Object(CakeRequest), Object(CakeResponse))
#1 {main}
2019-09-29 08:37:21 Error: [MissingControllerException] Controller class Controller could not be found.
Exception Attributes: array (
  'class' => 'Controller',
  'plugin' => NULL,
)
Request URL: /admin/phpmyadmin/index.php
Stack Trace:
#0 /var/www/faro-campaign/webroot/index.php(99): Dispatcher->dispatch(Object(CakeRequest), Object(CakeResponse))
#1 {main}
2019-09-29 08:37:21 Error: [MissingControllerException] Controller class Controller could not be found.
Exception Attributes: array (
  'class' => 'Controller',
  'plugin' => NULL,
)
Request URL: /admin/phpMyAdmin/index.php
Stack Trace:
#0 /var/www/faro-campaign/webroot/index.php(99): Dispatcher->dispatch(Object(CakeRequest), Object(CakeResponse))
#1 {main}
2019-09-29 08:37:22 Error: [MissingControllerException] Controller class Controller could not be found.
Exception Attributes: array (
  'class' => 'Controller',
  'plugin' => NULL,
)
Request URL: /admin/phpmyadmin2/index.php
Stack Trace:
#0 /var/www/faro-campaign/webroot/index.php(99): Dispatcher->dispatch(Object(CakeRequest), Object(CakeResponse))
#1 {main}
2019-09-29 08:37:23 Error: [MissingControllerException] Controller class Controller could not be found.
Exception Attributes: array (
  'class' => 'Controller',
  'plugin' => NULL,
)
Request URL: /mysql-admin/index.php
Stack Trace:
#0 /var/www/faro-campaign/webroot/index.php(99): Dispatcher->dispatch(Object(CakeRequest), Object(CakeResponse))
#1 {main}
2019-09-29 08:37:24 Error: [MissingControllerException] Controller class Controller could not be found.
Exception Attributes: array (
  'class' => 'Controller',
  'plugin' => NULL,
)
Request URL: /mysql_admin/index.php
Stack Trace:
#0 /var/www/faro-campaign/webroot/index.php(99): Dispatcher->dispatch(Object(CakeRequest), Object(CakeResponse))
#1 {main}
2019-09-29 08:37:25 Error: [MissingControllerException] Controller class Controller could not be found.
Exception Attributes: array (
  'class' => 'Controller',
  'plugin' => NULL,
)
Request URL: /phpadmin/index.php
Stack Trace:
#0 /var/www/faro-campaign/webroot/index.php(99): Dispatcher->dispatch(Object(CakeRequest), Object(CakeResponse))
#1 {main}
2019-09-29 08:37:25 Error: [MissingControllerException] Controller class Controller could not be found.
Exception Attributes: array (
  'class' => 'Controller',
  'plugin' => NULL,
)
Request URL: /phpAdmin/index.php
Stack Trace:
#0 /var/www/faro-campaign/webroot/index.php(99): Dispatcher->dispatch(Object(CakeRequest), Object(CakeResponse))
#1 {main}
2019-09-29 08:37:26 Error: [MissingControllerException] Controller class Controller could not be found.
Exception Attributes: array (
  'class' => 'Controller',
  'plugin' => NULL,
)
Request URL: /phpmyadmin0/index.php
Stack Trace:
#0 /var/www/faro-campaign/webroot/index.php(99): Dispatcher->dispatch(Object(CakeRequest), Object(CakeResponse))
#1 {main}
2019-09-29 08:37:27 Error: [MissingControllerException] Controller class Controller could not be found.
Exception Attributes: array (
  'class' => 'Controller',
  'plugin' => NULL,
)
Request URL: /phpmyadmin1/index.php
Stack Trace:
#0 /var/www/faro-campaign/webroot/index.php(99): Dispatcher->dispatch(Object(CakeRequest), Object(CakeResponse))
#1 {main}
2019-09-29 08:37:27 Error: [MissingControllerException] Controller class Controller could not be found.
Exception Attributes: array (
  'class' => 'Controller',
  'plugin' => NULL,
)
Request URL: /phpmyadmin2/index.php
Stack Trace:
#0 /var/www/faro-campaign/webroot/index.php(99): Dispatcher->dispatch(Object(CakeRequest), Object(CakeResponse))
#1 {main}
2019-09-29 08:37:29 Error: [MissingControllerException] Controller class Controller could not be found.
Exception Attributes: array (
  'class' => 'Controller',
  'plugin' => NULL,
)
Request URL: /phpMyAdmin-4.4.0/index.php
Stack Trace:
#0 /var/www/faro-campaign/webroot/index.php(99): Dispatcher->dispatch(Object(CakeRequest), Object(CakeResponse))
#1 {main}
2019-09-29 08:37:29 Error: [MissingControllerException] Controller class Controller could not be found.
Exception Attributes: array (
  'class' => 'Controller',
  'plugin' => NULL,
)
Request URL: /phpMyAdmin4.8.5/index.php
Stack Trace:
#0 /var/www/faro-campaign/webroot/index.php(99): Dispatcher->dispatch(Object(CakeRequest), Object(CakeResponse))
#1 {main}
2019-09-29 08:37:30 Error: [MissingControllerException] Controller class Controller could not be found.
Exception Attributes: array (
  'class' => 'Controller',
  'plugin' => NULL,
)
Request URL: /myadmin/index.php
Stack Trace:
#0 /var/www/faro-campaign/webroot/index.php(99): Dispatcher->dispatch(Object(CakeRequest), Object(CakeResponse))
#1 {main}
2019-09-29 08:37:35 Error: [MissingControllerException] Controller class Controller could not be found.
Exception Attributes: array (
  'class' => 'Controller',
  'plugin' => NULL,
)
Request URL: /xampp/phpmyadmin/index.php
Stack Trace:
#0 /var/www/faro-campaign/webroot/index.php(99): Dispatcher->dispatch(Object(CakeRequest), Object(CakeResponse))
#1 {main}
2019-09-29 08:37:39 Error: [MissingControllerException] Controller class Controller could not be found.
Exception Attributes: array (
  'class' => 'Controller',
  'plugin' => NULL,
)
Request URL: /phpMyadmin_bak/index.php
Stack Trace:
#0 /var/www/faro-campaign/webroot/index.php(99): Dispatcher->dispatch(Object(CakeRequest), Object(CakeResponse))
#1 {main}
2019-09-29 08:37:40 Error: [MissingControllerException] Controller class Controller could not be found.
Exception Attributes: array (
  'class' => 'Controller',
  'plugin' => NULL,
)
Request URL: /www/phpMyAdmin/index.php
Stack Trace:
#0 /var/www/faro-campaign/webroot/index.php(99): Dispatcher->dispatch(Object(CakeRequest), Object(CakeResponse))
#1 {main}
2019-09-29 08:37:43 Error: [MissingControllerException] Controller class Controller could not be found.
Exception Attributes: array (
  'class' => 'Controller',
  'plugin' => NULL,
)
Request URL: /phpmyadmin-old/index.php
Stack Trace:
#0 /var/www/faro-campaign/webroot/index.php(99): Dispatcher->dispatch(Object(CakeRequest), Object(CakeResponse))
#1 {main}
2019-09-29 08:37:44 Error: [MissingControllerException] Controller class Controller could not be found.
Exception Attributes: array (
  'class' => 'Controller',
  'plugin' => NULL,
)
Request URL: /phpMyAdminold/index.php
Stack Trace:
#0 /var/www/faro-campaign/webroot/index.php(99): Dispatcher->dispatch(Object(CakeRequest), Object(CakeResponse))
#1 {main}
2019-09-29 08:37:47 Error: [MissingControllerException] Controller class Controller could not be found.
Exception Attributes: array (
  'class' => 'Controller',
  'plugin' => NULL,
)
Request URL: /pma-old/index.php
Stack Trace:
#0 /var/www/faro-campaign/webroot/index.php(99): Dispatcher->dispatch(Object(CakeRequest), Object(CakeResponse))
#1 {main}
2019-09-29 08:37:48 Error: [MissingControllerException] Controller class Controller could not be found.
Exception Attributes: array (
  'class' => 'Controller',
  'plugin' => NULL,
)
Request URL: /claroline/phpMyAdmin/index.php
Stack Trace:
#0 /var/www/faro-campaign/webroot/index.php(99): Dispatcher->dispatch(Object(CakeRequest), Object(CakeResponse))
#1 {main}
2019-09-29 08:37:51 Error: [MissingControllerException] Controller class Controller could not be found.
Exception Attributes: array (
  'class' => 'Controller',
  'plugin' => NULL,
)
Request URL: /phpma/index.php
Stack Trace:
#0 /var/www/faro-campaign/webroot/index.php(99): Dispatcher->dispatch(Object(CakeRequest), Object(CakeResponse))
#1 {main}
2019-09-29 08:37:52 Error: [MissingControllerException] Controller class Controller could not be found.
Exception Attributes: array (
  'class' => 'Controller',
  'plugin' => NULL,
)
Request URL: /phpmyadmin/phpmyadmin/index.php
Stack Trace:
#0 /var/www/faro-campaign/webroot/index.php(99): Dispatcher->dispatch(Object(CakeRequest), Object(CakeResponse))
#1 {main}
2019-09-29 08:37:55 Error: [MissingControllerException] Controller class Controller could not be found.
Exception Attributes: array (
  'class' => 'Controller',
  'plugin' => NULL,
)
Request URL: /phpMyAbmin/index.php
Stack Trace:
#0 /var/www/faro-campaign/webroot/index.php(99): Dispatcher->dispatch(Object(CakeRequest), Object(CakeResponse))
#1 {main}
2019-09-29 08:37:57 Error: [MissingControllerException] Controller class Controller could not be found.
Exception Attributes: array (
  'class' => 'Controller',
  'plugin' => NULL,
)
Request URL: /phpMyAdmin__/index.php
Stack Trace:
#0 /var/www/faro-campaign/webroot/index.php(99): Dispatcher->dispatch(Object(CakeRequest), Object(CakeResponse))
#1 {main}
2019-09-29 08:37:57 Error: [MissingControllerException] Controller class Controller could not be found.
Exception Attributes: array (
  'class' => 'Controller',
  'plugin' => NULL,
)
Request URL: /phpMyAdmin+++---/index.php
Stack Trace:
#0 /var/www/faro-campaign/webroot/index.php(99): Dispatcher->dispatch(Object(CakeRequest), Object(CakeResponse))
#1 {main}
2019-09-29 08:37:58 Error: [MissingControllerException] Controller class Controller could not be found.
Exception Attributes: array (
  'class' => 'Controller',
  'plugin' => NULL,
)
Request URL: /v/index.php
Stack Trace:
#0 /var/www/faro-campaign/webroot/index.php(99): Dispatcher->dispatch(Object(CakeRequest), Object(CakeResponse))
#1 {main}
2019-09-29 08:37:59 Error: [MissingControllerException] Controller class Controller could not be found.
Exception Attributes: array (
  'class' => 'Controller',
  'plugin' => NULL,
)
Request URL: /phpmyadm1n/index.php
Stack Trace:
#0 /var/www/faro-campaign/webroot/index.php(99): Dispatcher->dispatch(Object(CakeRequest), Object(CakeResponse))
#1 {main}
2019-09-29 08:37:59 Error: [MissingControllerException] Controller class Controller could not be found.
Exception Attributes: array (
  'class' => 'Controller',
  'plugin' => NULL,
)
Request URL: /phpMyAdm1n/index.php
Stack Trace:
#0 /var/www/faro-campaign/webroot/index.php(99): Dispatcher->dispatch(Object(CakeRequest), Object(CakeResponse))
#1 {main}
2019-09-29 08:38:00 Error: [MissingControllerException] Controller class Controller could not be found.
Exception Attributes: array (
  'class' => 'Controller',
  'plugin' => NULL,
)
Request URL: /shaAdmin/index.php
Stack Trace:
#0 /var/www/faro-campaign/webroot/index.php(99): Dispatcher->dispatch(Object(CakeRequest), Object(CakeResponse))
#1 {main}
2019-09-29 08:38:01 Error: [MissingControllerException] Controller class Controller could not be found.
Exception Attributes: array (
  'class' => 'Controller',
  'plugin' => NULL,
)
Request URL: /phpMyadmi/index.php
Stack Trace:
#0 /var/www/faro-campaign/webroot/index.php(99): Dispatcher->dispatch(Object(CakeRequest), Object(CakeResponse))
#1 {main}
2019-09-29 08:38:07 Error: [MissingControllerException] Controller class Controller could not be found.
Exception Attributes: array (
  'class' => 'Controller',
  'plugin' => NULL,
)
Request URL: /s/index.php
Stack Trace:
#0 /var/www/faro-campaign/webroot/index.php(99): Dispatcher->dispatch(Object(CakeRequest), Object(CakeResponse))
#1 {main}
2019-09-29 08:38:08 Error: [MissingControllerException] Controller class Controller could not be found.
Exception Attributes: array (
  'class' => 'Controller',
  'plugin' => NULL,
)
Request URL: /MyAdmin/index.php
Stack Trace:
#0 /var/www/faro-campaign/webroot/index.php(99): Dispatcher->dispatch(Object(CakeRequest), Object(CakeResponse))
#1 {main}
2019-09-29 08:38:11 Error: [MissingControllerException] Controller class Controller could not be found.
Exception Attributes: array (
  'class' => 'Controller',
  'plugin' => NULL,
)
Request URL: /phpMyAdmin123/index.php
Stack Trace:
#0 /var/www/faro-campaign/webroot/index.php(99): Dispatcher->dispatch(Object(CakeRequest), Object(CakeResponse))
#1 {main}
2019-09-29 08:38:13 Error: [MissingControllerException] Controller class Controller could not be found.
Exception Attributes: array (
  'class' => 'Controller',
  'plugin' => NULL,
)
Request URL: /pwd/index.php
Stack Trace:
#0 /var/www/faro-campaign/webroot/index.php(99): Dispatcher->dispatch(Object(CakeRequest), Object(CakeResponse))
#1 {main}
2019-09-29 08:38:13 Error: [MissingControllerException] Controller class Controller could not be found.
Exception Attributes: array (
  'class' => 'Controller',
  'plugin' => NULL,
)
Request URL: /phpMyAdmina/index.php
Stack Trace:
#0 /var/www/faro-campaign/webroot/index.php(99): Dispatcher->dispatch(Object(CakeRequest), Object(CakeResponse))
#1 {main}
2019-09-29 08:38:15 Error: [MissingControllerException] Controller class Controller could not be found.
Exception Attributes: array (
  'class' => 'Controller',
  'plugin' => NULL,
)
Request URL: /phpMydmin/index.php
Stack Trace:
#0 /var/www/faro-campaign/webroot/index.php(99): Dispatcher->dispatch(Object(CakeRequest), Object(CakeResponse))
#1 {main}
2019-09-29 08:38:19 Error: [MissingControllerException] Controller class Controller could not be found.
Exception Attributes: array (
  'class' => 'Controller',
  'plugin' => NULL,
)
Request URL: /phpMyAdmin._/index.php
Stack Trace:
#0 /var/www/faro-campaign/webroot/index.php(99): Dispatcher->dispatch(Object(CakeRequest), Object(CakeResponse))
#1 {main}
2019-09-29 08:38:20 Error: [MissingControllerException] Controller class Controller could not be found.
Exception Attributes: array (
  'class' => 'Controller',
  'plugin' => NULL,
)
Request URL: /phpMyAdmin._2/index.php
Stack Trace:
#0 /var/www/faro-campaign/webroot/index.php(99): Dispatcher->dispatch(Object(CakeRequest), Object(CakeResponse))
#1 {main}
2019-09-29 08:38:21 Error: [MissingControllerException] Controller class Controller could not be found.
Exception Attributes: array (
  'class' => 'Controller',
  'plugin' => NULL,
)
Request URL: /phpmyadmin2222/index.php
Stack Trace:
#0 /var/www/faro-campaign/webroot/index.php(99): Dispatcher->dispatch(Object(CakeRequest), Object(CakeResponse))
#1 {main}
2019-09-29 08:38:21 Error: [MissingControllerException] Controller class Controller could not be found.
Exception Attributes: array (
  'class' => 'Controller',
  'plugin' => NULL,
)
Request URL: /phpmyadmin3333/index.php
Stack Trace:
#0 /var/www/faro-campaign/webroot/index.php(99): Dispatcher->dispatch(Object(CakeRequest), Object(CakeResponse))
#1 {main}
2019-09-29 08:38:22 Error: [MissingControllerException] Controller class Controller could not be found.
Exception Attributes: array (
  'class' => 'Controller',
  'plugin' => NULL,
)
Request URL: /php2MyAdmin/index.php
Stack Trace:
#0 /var/www/faro-campaign/webroot/index.php(99): Dispatcher->dispatch(Object(CakeRequest), Object(CakeResponse))
#1 {main}
2019-09-29 08:38:23 Error: [MissingControllerException] Controller class Controller could not be found.
Exception Attributes: array (
  'class' => 'Controller',
  'plugin' => NULL,
)
Request URL: /phpiMyAdmin/index.php
Stack Trace:
#0 /var/www/faro-campaign/webroot/index.php(99): Dispatcher->dispatch(Object(CakeRequest), Object(CakeResponse))
#1 {main}
2019-09-29 08:38:27 Error: [MissingControllerException] Controller class Controller could not be found.
Exception Attributes: array (
  'class' => 'Controller',
  'plugin' => NULL,
)
Request URL: /1/index.php
Stack Trace:
#0 /var/www/faro-campaign/webroot/index.php(99): Dispatcher->dispatch(Object(CakeRequest), Object(CakeResponse))
#1 {main}
2019-09-29 08:38:31 Error: [MissingControllerException] Controller class Controller could not be found.
Exception Attributes: array (
  'class' => 'Controller',
  'plugin' => NULL,
)
Request URL: /download/index.php
Stack Trace:
#0 /var/www/faro-campaign/webroot/index.php(99): Dispatcher->dispatch(Object(CakeRequest), Object(CakeResponse))
#1 {main}
2019-09-29 08:38:32 Error: [MissingControllerException] Controller class Controller could not be found.
Exception Attributes: array (
  'class' => 'Controller',
  'plugin' => NULL,
)
Request URL: /phpMyAdmin_111/index.php
Stack Trace:
#0 /var/www/faro-campaign/webroot/index.php(99): Dispatcher->dispatch(Object(CakeRequest), Object(CakeResponse))
#1 {main}
2019-09-29 08:38:35 Error: [MissingControllerException] Controller class Controller could not be found.
Exception Attributes: array (
  'class' => 'Controller',
  'plugin' => NULL,
)
Request URL: /321/index.php
Stack Trace:
#0 /var/www/faro-campaign/webroot/index.php(99): Dispatcher->dispatch(Object(CakeRequest), Object(CakeResponse))
#1 {main}
2019-09-29 08:38:36 Error: [MissingControllerException] Controller class Controller could not be found.
Exception Attributes: array (
  'class' => 'Controller',
  'plugin' => NULL,
)
Request URL: /123131/index.php
Stack Trace:
#0 /var/www/faro-campaign/webroot/index.php(99): Dispatcher->dispatch(Object(CakeRequest), Object(CakeResponse))
#1 {main}
2019-09-29 08:38:39 Error: [MissingControllerException] Controller class Controller could not be found.
Exception Attributes: array (
  'class' => 'Controller',
  'plugin' => NULL,
)
Request URL: /phpMyAdminhf/index.php
Stack Trace:
#0 /var/www/faro-campaign/webroot/index.php(99): Dispatcher->dispatch(Object(CakeRequest), Object(CakeResponse))
#1 {main}
2019-09-29 08:38:40 Error: [MissingControllerException] Controller class Controller could not be found.
Exception Attributes: array (
  'class' => 'Controller',
  'plugin' => NULL,
)
Request URL: /sbb/index.php
Stack Trace:
#0 /var/www/faro-campaign/webroot/index.php(99): Dispatcher->dispatch(Object(CakeRequest), Object(CakeResponse))
#1 {main}
2019-09-29 08:38:41 Error: [MissingControllerException] Controller class Controller could not be found.
Exception Attributes: array (
  'class' => 'Controller',
  'plugin' => NULL,
)
Request URL: /WWW/phpMyAdmin/index.php
Stack Trace:
#0 /var/www/faro-campaign/webroot/index.php(99): Dispatcher->dispatch(Object(CakeRequest), Object(CakeResponse))
#1 {main}
2019-09-29 08:38:41 Error: [MissingControllerException] Controller class Controller could not be found.
Exception Attributes: array (
  'class' => 'Controller',
  'plugin' => NULL,
)
Request URL: /phpMyAdmln/index.php
Stack Trace:
#0 /var/www/faro-campaign/webroot/index.php(99): Dispatcher->dispatch(Object(CakeRequest), Object(CakeResponse))
#1 {main}
2019-09-29 08:38:43 Error: [MissingControllerException] Controller class Controller could not be found.
Exception Attributes: array (
  'class' => 'Controller',
  'plugin' => NULL,
)
Request URL: /phpMyAdmin_ai/index.php
Stack Trace:
#0 /var/www/faro-campaign/webroot/index.php(99): Dispatcher->dispatch(Object(CakeRequest), Object(CakeResponse))
#1 {main}
2019-09-29 08:38:44 Error: [MissingControllerException] Controller class Controller could not be found.
Exception Attributes: array (
  'class' => 'Controller',
  'plugin' => NULL,
)
Request URL: /program/index.php
Stack Trace:
#0 /var/www/faro-campaign/webroot/index.php(99): Dispatcher->dispatch(Object(CakeRequest), Object(CakeResponse))
#1 {main}
2019-09-29 08:38:45 Error: [MissingControllerException] Controller class Controller could not be found.
Exception Attributes: array (
  'class' => 'Controller',
  'plugin' => NULL,
)
Request URL: /shopdb/index.php
Stack Trace:
#0 /var/www/faro-campaign/webroot/index.php(99): Dispatcher->dispatch(Object(CakeRequest), Object(CakeResponse))
#1 {main}
2019-09-29 08:38:45 Error: [MissingControllerException] Controller class Controller could not be found.
Exception Attributes: array (
  'class' => 'Controller',
  'plugin' => NULL,
)
Request URL: /phppma/index.php
Stack Trace:
#0 /var/www/faro-campaign/webroot/index.php(99): Dispatcher->dispatch(Object(CakeRequest), Object(CakeResponse))
#1 {main}
2019-09-29 08:38:47 Error: [MissingControllerException] Controller class Controller could not be found.
Exception Attributes: array (
  'class' => 'Controller',
  'plugin' => NULL,
)
Request URL: /phpmy/index.php
Stack Trace:
#0 /var/www/faro-campaign/webroot/index.php(99): Dispatcher->dispatch(Object(CakeRequest), Object(CakeResponse))
#1 {main}
2019-09-29 08:38:48 Error: [MissingControllerException] Controller class Controller could not be found.
Exception Attributes: array (
  'class' => 'Controller',
  'plugin' => NULL,
)
Request URL: /mysql/admin/index.php
Stack Trace:
#0 /var/www/faro-campaign/webroot/index.php(99): Dispatcher->dispatch(Object(CakeRequest), Object(CakeResponse))
#1 {main}
2019-09-29 08:38:49 Error: [MissingControllerException] Controller class Controller could not be found.
Exception Attributes: array (
  'class' => 'Controller',
  'plugin' => NULL,
)
Request URL: /mysql/dbadmin/index.php
Stack Trace:
#0 /var/www/faro-campaign/webroot/index.php(99): Dispatcher->dispatch(Object(CakeRequest), Object(CakeResponse))
#1 {main}
2019-09-29 08:38:49 Error: [MissingControllerException] Controller class Controller could not be found.
Exception Attributes: array (
  'class' => 'Controller',
  'plugin' => NULL,
)
Request URL: /mysql/sqlmanager/index.php
Stack Trace:
#0 /var/www/faro-campaign/webroot/index.php(99): Dispatcher->dispatch(Object(CakeRequest), Object(CakeResponse))
#1 {main}
2019-09-29 08:38:51 Error: [MissingControllerException] Controller class Controller could not be found.
Exception Attributes: array (
  'class' => 'Controller',
  'plugin' => NULL,
)
Request URL: /mysql/mysqlmanager/index.php
Stack Trace:
#0 /var/www/faro-campaign/webroot/index.php(99): Dispatcher->dispatch(Object(CakeRequest), Object(CakeResponse))
#1 {main}
2019-09-29 08:38:57 Error: [MissingControllerException] Controller class Controller could not be found.
Exception Attributes: array (
  'class' => 'Controller',
  'plugin' => NULL,
)
Request URL: /wp-content/plugins/portable-phpmyadmin/wp-pma-mod/index.php
Stack Trace:
#0 /var/www/faro-campaign/webroot/index.php(99): Dispatcher->dispatch(Object(CakeRequest), Object(CakeResponse))
#1 {main}
2019-09-29 08:38:58 Error: [MissingControllerException] Controller class Controller could not be found.
Exception Attributes: array (
  'class' => 'Controller',
  'plugin' => NULL,
)
Request URL: /sqladmin/index.php
Stack Trace:
#0 /var/www/faro-campaign/webroot/index.php(99): Dispatcher->dispatch(Object(CakeRequest), Object(CakeResponse))
#1 {main}
2019-09-29 08:38:59 Error: [MissingControllerException] Controller class Controller could not be found.
Exception Attributes: array (
  'class' => 'Controller',
  'plugin' => NULL,
)
Request URL: /sql/index.php
Stack Trace:
#0 /var/www/faro-campaign/webroot/index.php(99): Dispatcher->dispatch(Object(CakeRequest), Object(CakeResponse))
#1 {main}
2019-09-29 08:38:59 Error: [MissingControllerException] Controller class Controller could not be found.
Exception Attributes: array (
  'class' => 'Controller',
  'plugin' => NULL,
)
Request URL: /SQL/index.php
Stack Trace:
#0 /var/www/faro-campaign/webroot/index.php(99): Dispatcher->dispatch(Object(CakeRequest), Object(CakeResponse))
#1 {main}
2019-09-29 08:39:00 Error: [MissingControllerException] Controller class Controller could not be found.
Exception Attributes: array (
  'class' => 'Controller',
  'plugin' => NULL,
)
Request URL: /websql/index.php
Stack Trace:
#0 /var/www/faro-campaign/webroot/index.php(99): Dispatcher->dispatch(Object(CakeRequest), Object(CakeResponse))
#1 {main}
2019-09-29 08:39:01 Error: [MissingControllerException] Controller class Controller could not be found.
Exception Attributes: array (
  'class' => 'Controller',
  'plugin' => NULL,
)
Request URL: /MySQLAdmin/index.php
Stack Trace:
#0 /var/www/faro-campaign/webroot/index.php(99): Dispatcher->dispatch(Object(CakeRequest), Object(CakeResponse))
#1 {main}
2019-09-29 08:39:01 Error: [MissingControllerException] Controller class Controller could not be found.
Exception Attributes: array (
  'class' => 'Controller',
  'plugin' => NULL,
)
Request URL: /manager/html
Stack Trace:
#0 /var/www/faro-campaign/webroot/index.php(99): Dispatcher->dispatch(Object(CakeRequest), Object(CakeResponse))
#1 {main}
2019-09-29 08:51:51 Error: [MissingControllerException] Controller class Controller could not be found.
Exception Attributes: array (
  'class' => 'Controller',
  'plugin' => NULL,
)
Request URL: /customers/sign_in
Stack Trace:
#0 /var/www/faro-campaign/webroot/index.php(99): Dispatcher->dispatch(Object(CakeRequest), Object(CakeResponse))
#1 {main}
2019-09-29 09:27:48 Error: [MissingControllerException] Controller class Controller could not be found.
Exception Attributes: array (
  'class' => 'Controller',
  'plugin' => NULL,
)
Request URL: /customers/sign_in
Stack Trace:
#0 /var/www/faro-campaign/webroot/index.php(99): Dispatcher->dispatch(Object(CakeRequest), Object(CakeResponse))
#1 {main}
2019-09-29 12:49:13 Error: [MissingControllerException] Controller class Controller could not be found.
Exception Attributes: array (
  'class' => 'Controller',
  'plugin' => NULL,
)
Request URL: /TP/public/index.php
Stack Trace:
#0 /var/www/faro-campaign/webroot/index.php(99): Dispatcher->dispatch(Object(CakeRequest), Object(CakeResponse))
#1 {main}
2019-09-29 12:49:14 Error: [MissingControllerException] Controller class Controller could not be found.
Exception Attributes: array (
  'class' => 'Controller',
  'plugin' => NULL,
)
Request URL: /TP/index.php
Stack Trace:
#0 /var/www/faro-campaign/webroot/index.php(99): Dispatcher->dispatch(Object(CakeRequest), Object(CakeResponse))
#1 {main}
2019-09-29 12:49:14 Error: [MissingControllerException] Controller class Controller could not be found.
Exception Attributes: array (
  'class' => 'Controller',
  'plugin' => NULL,
)
Request URL: /thinkphp/html/public/index.php
Stack Trace:
#0 /var/www/faro-campaign/webroot/index.php(99): Dispatcher->dispatch(Object(CakeRequest), Object(CakeResponse))
#1 {main}
2019-09-29 12:49:14 Error: [MissingControllerException] Controller class Controller could not be found.
Exception Attributes: array (
  'class' => 'Controller',
  'plugin' => NULL,
)
Request URL: /html/public/index.php
Stack Trace:
#0 /var/www/faro-campaign/webroot/index.php(99): Dispatcher->dispatch(Object(CakeRequest), Object(CakeResponse))
#1 {main}
2019-09-29 12:49:15 Error: [MissingControllerException] Controller class Controller could not be found.
Exception Attributes: array (
  'class' => 'Controller',
  'plugin' => NULL,
)
Request URL: /public/index.php
Stack Trace:
#0 /var/www/faro-campaign/webroot/index.php(99): Dispatcher->dispatch(Object(CakeRequest), Object(CakeResponse))
#1 {main}
2019-09-29 12:49:15 Error: [MissingControllerException] Controller class Controller could not be found.
Exception Attributes: array (
  'class' => 'Controller',
  'plugin' => NULL,
)
Request URL: /TP/html/public/index.php
Stack Trace:
#0 /var/www/faro-campaign/webroot/index.php(99): Dispatcher->dispatch(Object(CakeRequest), Object(CakeResponse))
#1 {main}
2019-09-29 12:49:15 Error: [MissingControllerException] Controller class Controller could not be found.
Exception Attributes: array (
  'class' => 'Controller',
  'plugin' => NULL,
)
Request URL: /elrekt.php
Stack Trace:
#0 /var/www/faro-campaign/webroot/index.php(99): Dispatcher->dispatch(Object(CakeRequest), Object(CakeResponse))
#1 {main}
2019-09-29 19:07:32 Error: [MissingControllerException] Controller class Controller could not be found.
Exception Attributes: array (
  'class' => 'Controller',
  'plugin' => NULL,
)
Request URL: /wp-login.php
Stack Trace:
#0 /var/www/faro-campaign/webroot/index.php(99): Dispatcher->dispatch(Object(CakeRequest), Object(CakeResponse))
#1 {main}
2019-09-29 19:57:22 Error: [MissingControllerException] Controller class Controller could not be found.
Exception Attributes: array (
  'class' => 'Controller',
  'plugin' => NULL,
)
Request URL: /TP/public/index.php
Stack Trace:
#0 /var/www/faro-campaign/webroot/index.php(99): Dispatcher->dispatch(Object(CakeRequest), Object(CakeResponse))
#1 {main}
2019-09-29 19:57:22 Error: [MissingControllerException] Controller class Controller could not be found.
Exception Attributes: array (
  'class' => 'Controller',
  'plugin' => NULL,
)
Request URL: /TP/index.php
Stack Trace:
#0 /var/www/faro-campaign/webroot/index.php(99): Dispatcher->dispatch(Object(CakeRequest), Object(CakeResponse))
#1 {main}
2019-09-29 19:57:23 Error: [MissingControllerException] Controller class Controller could not be found.
Exception Attributes: array (
  'class' => 'Controller',
  'plugin' => NULL,
)
Request URL: /thinkphp/html/public/index.php
Stack Trace:
#0 /var/www/faro-campaign/webroot/index.php(99): Dispatcher->dispatch(Object(CakeRequest), Object(CakeResponse))
#1 {main}
2019-09-29 19:57:24 Error: [MissingControllerException] Controller class Controller could not be found.
Exception Attributes: array (
  'class' => 'Controller',
  'plugin' => NULL,
)
Request URL: /html/public/index.php
Stack Trace:
#0 /var/www/faro-campaign/webroot/index.php(99): Dispatcher->dispatch(Object(CakeRequest), Object(CakeResponse))
#1 {main}
2019-09-29 19:57:24 Error: [MissingControllerException] Controller class Controller could not be found.
Exception Attributes: array (
  'class' => 'Controller',
  'plugin' => NULL,
)
Request URL: /public/index.php
Stack Trace:
#0 /var/www/faro-campaign/webroot/index.php(99): Dispatcher->dispatch(Object(CakeRequest), Object(CakeResponse))
#1 {main}
2019-09-29 19:57:25 Error: [MissingControllerException] Controller class Controller could not be found.
Exception Attributes: array (
  'class' => 'Controller',
  'plugin' => NULL,
)
Request URL: /TP/html/public/index.php
Stack Trace:
#0 /var/www/faro-campaign/webroot/index.php(99): Dispatcher->dispatch(Object(CakeRequest), Object(CakeResponse))
#1 {main}
2019-09-29 19:57:26 Error: [MissingControllerException] Controller class Controller could not be found.
Exception Attributes: array (
  'class' => 'Controller',
  'plugin' => NULL,
)
Request URL: /elrekt.php
Stack Trace:
#0 /var/www/faro-campaign/webroot/index.php(99): Dispatcher->dispatch(Object(CakeRequest), Object(CakeResponse))
#1 {main}
2019-09-29 22:14:19 Error: [MissingControllerException] Controller class Controller could not be found.
Exception Attributes: array (
  'class' => 'Controller',
  'plugin' => NULL,
)
Request URL: /wp/
Stack Trace:
#0 /var/www/faro-campaign/webroot/index.php(99): Dispatcher->dispatch(Object(CakeRequest), Object(CakeResponse))
#1 {main}
2019-09-29 22:14:19 Error: [MissingControllerException] Controller class Controller could not be found.
Exception Attributes: array (
  'class' => 'Controller',
  'plugin' => NULL,
)
Request URL: /wordpress/
Stack Trace:
#0 /var/www/faro-campaign/webroot/index.php(99): Dispatcher->dispatch(Object(CakeRequest), Object(CakeResponse))
#1 {main}
2019-09-29 22:14:20 Error: [MissingControllerException] Controller class Controller could not be found.
Exception Attributes: array (
  'class' => 'Controller',
  'plugin' => NULL,
)
Request URL: /blog/
Stack Trace:
#0 /var/www/faro-campaign/webroot/index.php(99): Dispatcher->dispatch(Object(CakeRequest), Object(CakeResponse))
#1 {main}
2019-09-29 22:18:12 Error: [MissingControllerException] Controller class Controller could not be found.
Exception Attributes: array (
  'class' => 'Controller',
  'plugin' => NULL,
)
Request URL: /w00tw00t.at.blackhats.romanian.anti-sec:)
Stack Trace:
#0 /var/www/faro-campaign/webroot/index.php(99): Dispatcher->dispatch(Object(CakeRequest), Object(CakeResponse))
#1 {main}
2019-09-29 22:18:15 Error: [MissingControllerException] Controller class Controller could not be found.
Exception Attributes: array (
  'class' => 'Controller',
  'plugin' => NULL,
)
Request URL: /phpMyAdmin/scripts/setup.php
Stack Trace:
#0 /var/www/faro-campaign/webroot/index.php(99): Dispatcher->dispatch(Object(CakeRequest), Object(CakeResponse))
#1 {main}
2019-09-29 22:18:18 Error: [MissingControllerException] Controller class Controller could not be found.
Exception Attributes: array (
  'class' => 'Controller',
  'plugin' => NULL,
)
Request URL: /phpmyadmin/scripts/setup.php
Stack Trace:
#0 /var/www/faro-campaign/webroot/index.php(99): Dispatcher->dispatch(Object(CakeRequest), Object(CakeResponse))
#1 {main}
2019-09-29 22:18:19 Error: [MissingControllerException] Controller class Controller could not be found.
Exception Attributes: array (
  'class' => 'Controller',
  'plugin' => NULL,
)
Request URL: /pma/scripts/setup.php
Stack Trace:
#0 /var/www/faro-campaign/webroot/index.php(99): Dispatcher->dispatch(Object(CakeRequest), Object(CakeResponse))
#1 {main}
2019-09-29 22:18:24 Error: [MissingControllerException] Controller class Controller could not be found.
Exception Attributes: array (
  'class' => 'Controller',
  'plugin' => NULL,
)
Request URL: /myadmin/scripts/setup.php
Stack Trace:
#0 /var/www/faro-campaign/webroot/index.php(99): Dispatcher->dispatch(Object(CakeRequest), Object(CakeResponse))
#1 {main}
2019-09-29 22:18:27 Error: [MissingControllerException] Controller class Controller could not be found.
Exception Attributes: array (
  'class' => 'Controller',
  'plugin' => NULL,
)
Request URL: /MyAdmin/scripts/setup.php
Stack Trace:
#0 /var/www/faro-campaign/webroot/index.php(99): Dispatcher->dispatch(Object(CakeRequest), Object(CakeResponse))
#1 {main}
2019-09-29 22:31:11 Error: [MissingControllerException] Controller class Controller could not be found.
Exception Attributes: array (
  'class' => 'Controller',
  'plugin' => NULL,
)
Request URL: /wp/
Stack Trace:
#0 /var/www/faro-campaign/webroot/index.php(99): Dispatcher->dispatch(Object(CakeRequest), Object(CakeResponse))
#1 {main}
2019-09-29 22:31:11 Error: [MissingControllerException] Controller class Controller could not be found.
Exception Attributes: array (
  'class' => 'Controller',
  'plugin' => NULL,
)
Request URL: /wordpress/
Stack Trace:
#0 /var/www/faro-campaign/webroot/index.php(99): Dispatcher->dispatch(Object(CakeRequest), Object(CakeResponse))
#1 {main}
2019-09-29 22:31:11 Error: [MissingControllerException] Controller class Controller could not be found.
Exception Attributes: array (
  'class' => 'Controller',
  'plugin' => NULL,
)
Request URL: /blog/
Stack Trace:
#0 /var/www/faro-campaign/webroot/index.php(99): Dispatcher->dispatch(Object(CakeRequest), Object(CakeResponse))
#1 {main}
